#
# There is insufficient memory for the Java Runtime Environment to continue.
# Native memory allocation (malloc) failed to allocate 1166096 bytes. Error detail: Chunk::new
# Possible reasons:
#   The system is out of physical RAM or swap space
#   This process is running with CompressedOops enabled, and the Java Heap may be blocking the growth of the native heap
# Possible solutions:
#   Reduce memory load on the system
#   Increase physical memory or swap space
#   Check if swap backing store is full
#   Decrease Java heap size (-Xmx/-Xms)
#   Decrease number of Java threads
#   Decrease Java thread stack sizes (-Xss)
#   Set larger code cache with -XX:ReservedCodeCacheSize=
#   JVM is running with Unscaled Compressed Oops mode in which the Java heap is
#     placed in the first 4GB address space. The Java Heap base address is the
#     maximum limit for the native heap growth. Please use -XX:HeapBaseMinAddress
#     to set the Java Heap base and to place the Java Heap above 4GB virtual address.
# This output file may be truncated or incomplete.
#
#  Out of Memory Error (arena.cpp:191), pid=16392, tid=10948
#
# JRE version: OpenJDK Runtime Environment Temurin-17.0.11+9 (17.0.11+9) (build 17.0.11+9)
# Java VM: OpenJDK 64-Bit Server VM Temurin-17.0.11+9 (17.0.11+9, mixed mode, tiered, compressed oops, compressed class ptrs, g1 gc, windows-amd64)
# No core dump will be written. Minidumps are not enabled by default on client versions of Windows
#

---------------  S U M M A R Y ------------

Command Line: -Dfile.encoding=UTF-8 -Dstdout.encoding=UTF-8 -Dstderr.encoding=UTF-8 -XX:+ShowCodeDetailsInExceptionMessages com.example.b_food_ordering.BFoodOrderingApplication

Host: 12th Gen Intel(R) Core(TM) i5-1235U, 12 cores, 7G,  Windows 11 , 64 bit Build 26100 (10.0.26100.4484)
Time: Thu Jul 24 22:12:51 2025 SE Asia Standard Time elapsed time: 13413.760199 seconds (0d 3h 43m 33s)

---------------  T H R E A D  ---------------

Current thread (0x0000025acf7dfe90):  JavaThread "C2 CompilerThread0" daemon [_thread_in_native, id=10948, stack(0x000000bbcc600000,0x000000bbcc700000)]


Current CompileTask:
C2:13413760 16461   !   4       com.mysql.cj.jdbc.ClientPreparedStatement::executeQuery (690 bytes)

Stack: [0x000000bbcc600000,0x000000bbcc700000]
Native frames: (J=compiled Java code, j=interpreted, Vv=VM code, C=native code)
V  [jvm.dll+0x67d429]
V  [jvm.dll+0x834b7a]
V  [jvm.dll+0x83663e]
V  [jvm.dll+0x836ca3]
V  [jvm.dll+0x247dbf]
V  [jvm.dll+0xac534]
V  [jvm.dll+0xacb7c]
V  [jvm.dll+0x3665f2]
V  [jvm.dll+0x330bba]
V  [jvm.dll+0x33005a]
V  [jvm.dll+0x21a471]
V  [jvm.dll+0x2198b1]
V  [jvm.dll+0x1a534d]
V  [jvm.dll+0x2295cd]
V  [jvm.dll+0x22779c]
V  [jvm.dll+0x7e9d07]
V  [jvm.dll+0x7e410a]
V  [jvm.dll+0x67c315]
C  [ucrtbase.dll+0x37b0]
C  [KERNEL32.DLL+0x2e8d7]
C  [ntdll.dll+0x3c34c]


---------------  P R O C E S S  ---------------

Threads class SMR info:
_java_thread_list=0x0000025ad4564660, length=29, elements={
0x0000025acf7b2020, 0x0000025acf7b29e0, 0x0000025acf7cc040, 0x0000025acf7cca00,
0x0000025acf7cd3c0, 0x0000025acf7cdd80, 0x0000025acf7dfe90, 0x0000025acf7e07a0,
0x0000025acf7e10b0, 0x0000025acf96f0a0, 0x0000025acf9799d0, 0x0000025ad6b1dc20,
0x0000025ad64370e0, 0x0000025ad6b7b070, 0x0000025ad6b7a650, 0x0000025ad6b7ab60,
0x0000025ad6b7a140, 0x0000025ad6b7b580, 0x0000025ad8476b90, 0x0000025ad8478f00,
0x0000025ad8479410, 0x0000025ad8479920, 0x0000025ad84770a0, 0x0000025ad8476680,
0x0000025ad8479e30, 0x0000025ad847a340, 0x0000025ad847a850, 0x0000025ad84784e0,
0x0000025ad84775b0
}

Java Threads: ( => current thread )
  0x0000025acf7b2020 JavaThread "Reference Handler" daemon [_thread_blocked, id=19836, stack(0x000000bbcc000000,0x000000bbcc100000)]
  0x0000025acf7b29e0 JavaThread "Finalizer" daemon [_thread_blocked, id=2004, stack(0x000000bbcc100000,0x000000bbcc200000)]
  0x0000025acf7cc040 JavaThread "Signal Dispatcher" daemon [_thread_blocked, id=5732, stack(0x000000bbcc200000,0x000000bbcc300000)]
  0x0000025acf7cca00 JavaThread "Attach Listener" daemon [_thread_blocked, id=17608, stack(0x000000bbcc300000,0x000000bbcc400000)]
  0x0000025acf7cd3c0 JavaThread "Service Thread" daemon [_thread_blocked, id=9868, stack(0x000000bbcc400000,0x000000bbcc500000)]
  0x0000025acf7cdd80 JavaThread "Monitor Deflation Thread" daemon [_thread_blocked, id=7404, stack(0x000000bbcc500000,0x000000bbcc600000)]
=>0x0000025acf7dfe90 JavaThread "C2 CompilerThread0" daemon [_thread_in_native, id=10948, stack(0x000000bbcc600000,0x000000bbcc700000)]
  0x0000025acf7e07a0 JavaThread "C1 CompilerThread0" daemon [_thread_blocked, id=12652, stack(0x000000bbcc700000,0x000000bbcc800000)]
  0x0000025acf7e10b0 JavaThread "Sweeper thread" daemon [_thread_blocked, id=9284, stack(0x000000bbcc800000,0x000000bbcc900000)]
  0x0000025acf96f0a0 JavaThread "Notification Thread" daemon [_thread_blocked, id=4792, stack(0x000000bbcc900000,0x000000bbcca00000)]
  0x0000025acf9799d0 JavaThread "Common-Cleaner" daemon [_thread_blocked, id=5364, stack(0x000000bbccb00000,0x000000bbccc00000)]
  0x0000025ad6b1dc20 JavaThread "mysql-cj-abandoned-connection-cleanup" daemon [_thread_blocked, id=14640, stack(0x000000bbcd200000,0x000000bbcd300000)]
  0x0000025ad64370e0 JavaThread "HikariPool-1:housekeeper" daemon [_thread_blocked, id=2384, stack(0x000000bbcdb00000,0x000000bbcdc00000)]
  0x0000025ad6b7b070 JavaThread "Catalina-utility-1" [_thread_blocked, id=21836, stack(0x000000bbcdd00000,0x000000bbcde00000)]
  0x0000025ad6b7a650 JavaThread "Catalina-utility-2" [_thread_blocked, id=8572, stack(0x000000bbcde00000,0x000000bbcdf00000)]
  0x0000025ad6b7ab60 JavaThread "container-0" [_thread_blocked, id=11372, stack(0x000000bbcdf00000,0x000000bbce000000)]
  0x0000025ad6b7a140 JavaThread "http-nio-8080-exec-1" daemon [_thread_blocked, id=7516, stack(0x000000bbce000000,0x000000bbce100000)]
  0x0000025ad6b7b580 JavaThread "http-nio-8080-exec-2" daemon [_thread_blocked, id=16944, stack(0x000000bbce100000,0x000000bbce200000)]
  0x0000025ad8476b90 JavaThread "http-nio-8080-exec-3" daemon [_thread_blocked, id=19492, stack(0x000000bbce200000,0x000000bbce300000)]
  0x0000025ad8478f00 JavaThread "http-nio-8080-exec-4" daemon [_thread_blocked, id=1804, stack(0x000000bbce300000,0x000000bbce400000)]
  0x0000025ad8479410 JavaThread "http-nio-8080-exec-5" daemon [_thread_blocked, id=15864, stack(0x000000bbce400000,0x000000bbce500000)]
  0x0000025ad8479920 JavaThread "http-nio-8080-exec-6" daemon [_thread_blocked, id=13600, stack(0x000000bbce500000,0x000000bbce600000)]
  0x0000025ad84770a0 JavaThread "http-nio-8080-exec-7" daemon [_thread_blocked, id=9776, stack(0x000000bbce600000,0x000000bbce700000)]
  0x0000025ad8476680 JavaThread "http-nio-8080-exec-8" daemon [_thread_blocked, id=19608, stack(0x000000bbce700000,0x000000bbce800000)]
  0x0000025ad8479e30 JavaThread "http-nio-8080-exec-9" daemon [_thread_blocked, id=6292, stack(0x000000bbce800000,0x000000bbce900000)]
  0x0000025ad847a340 JavaThread "http-nio-8080-exec-10" daemon [_thread_blocked, id=14084, stack(0x000000bbce900000,0x000000bbcea00000)]
  0x0000025ad847a850 JavaThread "http-nio-8080-Poller" daemon [_thread_in_native, id=16280, stack(0x000000bbcea00000,0x000000bbceb00000)]
  0x0000025ad84784e0 JavaThread "http-nio-8080-Acceptor" daemon [_thread_in_native, id=10244, stack(0x000000bbceb00000,0x000000bbcec00000)]
  0x0000025ad84775b0 JavaThread "DestroyJavaVM" [_thread_blocked, id=760, stack(0x000000bbcb900000,0x000000bbcba00000)]

Other Threads:
  0x0000025acf73ec40 VMThread "VM Thread" [stack: 0x000000bbcbf00000,0x000000bbcc000000] [id=18632]
  0x0000025acf716020 WatcherThread [stack: 0x000000bbcca00000,0x000000bbccb00000] [id=9260]
  0x0000025ab5593c50 GCTaskThread "GC Thread#0" [stack: 0x000000bbcba00000,0x000000bbcbb00000] [id=19376]
  0x0000025ad4dfaa50 GCTaskThread "GC Thread#1" [stack: 0x000000bbcce00000,0x000000bbccf00000] [id=5324]
  0x0000025ad4dfafd0 GCTaskThread "GC Thread#2" [stack: 0x000000bbccf00000,0x000000bbcd000000] [id=2264]
  0x0000025ad4dfbd90 GCTaskThread "GC Thread#3" [stack: 0x000000bbcd000000,0x000000bbcd100000] [id=15420]
  0x0000025ad4dfc5d0 GCTaskThread "GC Thread#4" [stack: 0x000000bbcd100000,0x000000bbcd200000] [id=928]
  0x0000025ad4dfb290 GCTaskThread "GC Thread#5" [stack: 0x000000bbcd300000,0x000000bbcd400000] [id=19284]
  0x0000025ad4dfb550 GCTaskThread "GC Thread#6" [stack: 0x000000bbcd400000,0x000000bbcd500000] [id=12384]
  0x0000025ad4dfbad0 GCTaskThread "GC Thread#7" [stack: 0x000000bbcd500000,0x000000bbcd600000] [id=19720]
  0x0000025ad4dfc050 GCTaskThread "GC Thread#8" [stack: 0x000000bbcd600000,0x000000bbcd700000] [id=20560]
  0x0000025ad4dfc310 GCTaskThread "GC Thread#9" [stack: 0x000000bbcd700000,0x000000bbcd800000] [id=21292]
  0x0000025ab55a41e0 ConcurrentGCThread "G1 Main Marker" [stack: 0x000000bbcbb00000,0x000000bbcbc00000] [id=10228]
  0x0000025ab55a4c00 ConcurrentGCThread "G1 Conc#0" [stack: 0x000000bbcbc00000,0x000000bbcbd00000] [id=8956]
  0x0000025ad6c053c0 ConcurrentGCThread "G1 Conc#1" [stack: 0x000000bbcd800000,0x000000bbcd900000] [id=3560]
  0x0000025ad6c02a80 ConcurrentGCThread "G1 Conc#2" [stack: 0x000000bbcd900000,0x000000bbcda00000] [id=17348]
  0x0000025acf5d14b0 ConcurrentGCThread "G1 Refine#0" [stack: 0x000000bbcbd00000,0x000000bbcbe00000] [id=13032]
  0x0000025acf5d1c80 ConcurrentGCThread "G1 Service" [stack: 0x000000bbcbe00000,0x000000bbcbf00000] [id=5896]

Threads with active compile tasks:
C2 CompilerThread0  13413829 16461   !   4       com.mysql.cj.jdbc.ClientPreparedStatement::executeQuery (690 bytes)

VM state: not at safepoint (normal execution)

VM Mutex/Monitor currently owned by a thread: None

Heap address: 0x0000000084e00000, size: 1970 MB, Compressed Oops mode: 32-bit

CDS archive(s) not mapped
Compressed class space mapped at: 0x0000000100000000-0x0000000140000000, reserved size: 1073741824
Narrow klass base: 0x0000000000000000, Narrow klass shift: 3, Narrow klass range: 0x140000000

GC Precious Log:
 CPUs: 12 total, 12 available
 Memory: 7876M
 Large Page Support: Disabled
 NUMA Support: Disabled
 Compressed Oops: Enabled (32-bit)
 Heap Region Size: 1M
 Heap Min Capacity: 8M
 Heap Initial Capacity: 124M
 Heap Max Capacity: 1970M
 Pre-touch: Disabled
 Parallel Workers: 10
 Concurrent Workers: 3
 Concurrent Refinement Workers: 10
 Periodic GC: Disabled

Heap:
 garbage-first heap   total 126976K, used 99251K [0x0000000084e00000, 0x0000000100000000)
  region size 1024K, 63 young (64512K), 1 survivors (1024K)
 Metaspace       used 99269K, committed 99904K, reserved 1179648K
  class space    used 12515K, committed 12800K, reserved 1048576K

Heap Regions: E=young(eden), S=young(survivor), O=old, HS=humongous(starts), HC=humongous(continues), CS=collection set, F=free, OA=open archive, CA=closed archive, TAMS=top-at-mark-start (previous, next)
|   0|0x0000000084e00000, 0x0000000084f00000, 0x0000000084f00000|100%|HS|  |TAMS 0x0000000084f00000, 0x0000000084e00000| Complete 
|   1|0x0000000084f00000, 0x0000000085000000, 0x0000000085000000|100%|HS|  |TAMS 0x0000000085000000, 0x0000000084f00000| Complete 
|   2|0x0000000085000000, 0x0000000085100000, 0x0000000085100000|100%| O|  |TAMS 0x0000000085100000, 0x0000000085000000| Untracked 
|   3|0x0000000085100000, 0x0000000085200000, 0x0000000085200000|100%| O|  |TAMS 0x0000000085200000, 0x0000000085100000| Untracked 
|   4|0x0000000085200000, 0x0000000085300000, 0x0000000085300000|100%| O|  |TAMS 0x0000000085300000, 0x0000000085200000| Untracked 
|   5|0x0000000085300000, 0x0000000085400000, 0x0000000085400000|100%| O|  |TAMS 0x0000000085400000, 0x0000000085300000| Untracked 
|   6|0x0000000085400000, 0x0000000085500000, 0x0000000085500000|100%| O|  |TAMS 0x0000000085500000, 0x0000000085400000| Untracked 
|   7|0x0000000085500000, 0x0000000085600000, 0x0000000085600000|100%| O|  |TAMS 0x0000000085600000, 0x0000000085500000| Untracked 
|   8|0x0000000085600000, 0x0000000085700000, 0x0000000085700000|100%| O|  |TAMS 0x0000000085700000, 0x0000000085600000| Untracked 
|   9|0x0000000085700000, 0x0000000085800000, 0x0000000085800000|100%| O|  |TAMS 0x0000000085800000, 0x0000000085700000| Untracked 
|  10|0x0000000085800000, 0x0000000085900000, 0x0000000085900000|100%| O|  |TAMS 0x0000000085900000, 0x0000000085800000| Untracked 
|  11|0x0000000085900000, 0x0000000085a00000, 0x0000000085a00000|100%| O|  |TAMS 0x0000000085a00000, 0x0000000085900000| Untracked 
|  12|0x0000000085a00000, 0x0000000085b00000, 0x0000000085b00000|100%| O|  |TAMS 0x0000000085b00000, 0x0000000085a00000| Untracked 
|  13|0x0000000085b00000, 0x0000000085c00000, 0x0000000085c00000|100%| O|  |TAMS 0x0000000085c00000, 0x0000000085b00000| Untracked 
|  14|0x0000000085c00000, 0x0000000085d00000, 0x0000000085d00000|100%| O|  |TAMS 0x0000000085d00000, 0x0000000085c00000| Untracked 
|  15|0x0000000085d00000, 0x0000000085e00000, 0x0000000085e00000|100%| O|  |TAMS 0x0000000085e00000, 0x0000000085d00000| Untracked 
|  16|0x0000000085e00000, 0x0000000085f00000, 0x0000000085f00000|100%| O|  |TAMS 0x0000000085f00000, 0x0000000085e00000| Untracked 
|  17|0x0000000085f00000, 0x0000000086000000, 0x0000000086000000|100%| O|  |TAMS 0x0000000086000000, 0x0000000085f00000| Untracked 
|  18|0x0000000086000000, 0x0000000086000000, 0x0000000086100000|  0%| F|  |TAMS 0x0000000086000000, 0x0000000086000000| Untracked 
|  19|0x0000000086100000, 0x0000000086200000, 0x0000000086200000|100%| O|  |TAMS 0x0000000086200000, 0x0000000086100000| Untracked 
|  20|0x0000000086200000, 0x0000000086300000, 0x0000000086300000|100%| O|  |TAMS 0x0000000086300000, 0x0000000086200000| Untracked 
|  21|0x0000000086300000, 0x0000000086400000, 0x0000000086400000|100%| O|  |TAMS 0x0000000086400000, 0x0000000086300000| Untracked 
|  22|0x0000000086400000, 0x0000000086500000, 0x0000000086500000|100%| O|  |TAMS 0x0000000086500000, 0x0000000086400000| Untracked 
|  23|0x0000000086500000, 0x0000000086600000, 0x0000000086600000|100%| O|  |TAMS 0x0000000086600000, 0x0000000086500000| Untracked 
|  24|0x0000000086600000, 0x0000000086700000, 0x0000000086700000|100%| O|  |TAMS 0x0000000086700000, 0x0000000086600000| Untracked 
|  25|0x0000000086700000, 0x0000000086700000, 0x0000000086800000|  0%| F|  |TAMS 0x0000000086700000, 0x0000000086700000| Untracked 
|  26|0x0000000086800000, 0x0000000086900000, 0x0000000086900000|100%| O|  |TAMS 0x0000000086900000, 0x0000000086800000| Untracked 
|  27|0x0000000086900000, 0x0000000086a00000, 0x0000000086a00000|100%| O|  |TAMS 0x0000000086a00000, 0x0000000086900000| Untracked 
|  28|0x0000000086a00000, 0x0000000086b00000, 0x0000000086b00000|100%| O|  |TAMS 0x0000000086b00000, 0x0000000086a00000| Complete 
|  29|0x0000000086b00000, 0x0000000086c00000, 0x0000000086c00000|100%| O|  |TAMS 0x0000000086c00000, 0x0000000086b00000| Untracked 
|  30|0x0000000086c00000, 0x0000000086d00000, 0x0000000086d00000|100%| O|  |TAMS 0x0000000086d00000, 0x0000000086c00000| Untracked 
|  31|0x0000000086d00000, 0x0000000086e00000, 0x0000000086e00000|100%| O|  |TAMS 0x0000000086e00000, 0x0000000086d00000| Untracked 
|  32|0x0000000086e00000, 0x0000000086e00000, 0x0000000086f00000|  0%| F|  |TAMS 0x0000000086e00000, 0x0000000086e00000| Untracked 
|  33|0x0000000086f00000, 0x0000000086f00000, 0x0000000087000000|  0%| F|  |TAMS 0x0000000086f00000, 0x0000000086f00000| Untracked 
|  34|0x0000000087000000, 0x000000008707d000, 0x0000000087100000| 48%| O|  |TAMS 0x000000008707d000, 0x0000000087000000| Untracked 
|  35|0x0000000087100000, 0x0000000087100000, 0x0000000087200000|  0%| F|  |TAMS 0x0000000087100000, 0x0000000087100000| Untracked 
|  36|0x0000000087200000, 0x0000000087200000, 0x0000000087300000|  0%| F|  |TAMS 0x0000000087200000, 0x0000000087200000| Untracked 
|  37|0x0000000087300000, 0x0000000087300000, 0x0000000087400000|  0%| F|  |TAMS 0x0000000087300000, 0x0000000087300000| Untracked 
|  38|0x0000000087400000, 0x0000000087500000, 0x0000000087500000|100%| O|  |TAMS 0x0000000087500000, 0x0000000087400000| Untracked 
|  39|0x0000000087500000, 0x0000000087600000, 0x0000000087600000|100%| O|  |TAMS 0x0000000087600000, 0x0000000087500000| Untracked 
|  40|0x0000000087600000, 0x0000000087700000, 0x0000000087700000|100%| O|  |TAMS 0x0000000087700000, 0x0000000087600000| Untracked 
|  41|0x0000000087700000, 0x0000000087800000, 0x0000000087800000|100%| O|  |TAMS 0x0000000087800000, 0x0000000087700000| Untracked 
|  42|0x0000000087800000, 0x0000000087900000, 0x0000000087900000|100%| O|  |TAMS 0x0000000087900000, 0x0000000087800000| Untracked 
|  43|0x0000000087900000, 0x0000000087900000, 0x0000000087a00000|  0%| F|  |TAMS 0x0000000087900000, 0x0000000087900000| Untracked 
|  44|0x0000000087a00000, 0x0000000087a00000, 0x0000000087b00000|  0%| F|  |TAMS 0x0000000087a00000, 0x0000000087a00000| Untracked 
|  45|0x0000000087b00000, 0x0000000087b00000, 0x0000000087c00000|  0%| F|  |TAMS 0x0000000087b00000, 0x0000000087b00000| Untracked 
|  46|0x0000000087c00000, 0x0000000087c00000, 0x0000000087d00000|  0%| F|  |TAMS 0x0000000087c00000, 0x0000000087c00000| Untracked 
|  47|0x0000000087d00000, 0x0000000087d00000, 0x0000000087e00000|  0%| F|  |TAMS 0x0000000087d00000, 0x0000000087d00000| Untracked 
|  48|0x0000000087e00000, 0x0000000087e00000, 0x0000000087f00000|  0%| F|  |TAMS 0x0000000087e00000, 0x0000000087e00000| Untracked 
|  49|0x0000000087f00000, 0x0000000087f00000, 0x0000000088000000|  0%| F|  |TAMS 0x0000000087f00000, 0x0000000087f00000| Untracked 
|  50|0x0000000088000000, 0x0000000088000000, 0x0000000088100000|  0%| F|  |TAMS 0x0000000088000000, 0x0000000088000000| Untracked 
|  51|0x0000000088100000, 0x0000000088100000, 0x0000000088200000|  0%| F|  |TAMS 0x0000000088100000, 0x0000000088100000| Untracked 
|  52|0x0000000088200000, 0x000000008826fd38, 0x0000000088300000| 43%| S|CS|TAMS 0x0000000088200000, 0x0000000088200000| Complete 
|  53|0x0000000088300000, 0x0000000088300000, 0x0000000088400000|  0%| F|  |TAMS 0x0000000088300000, 0x0000000088300000| Untracked 
|  54|0x0000000088400000, 0x0000000088400000, 0x0000000088500000|  0%| F|  |TAMS 0x0000000088400000, 0x0000000088400000| Untracked 
|  55|0x0000000088500000, 0x0000000088500000, 0x0000000088600000|  0%| F|  |TAMS 0x0000000088500000, 0x0000000088500000| Untracked 
|  56|0x0000000088600000, 0x0000000088600000, 0x0000000088700000|  0%| F|  |TAMS 0x0000000088600000, 0x0000000088600000| Untracked 
|  57|0x0000000088700000, 0x0000000088700000, 0x0000000088800000|  0%| F|  |TAMS 0x0000000088700000, 0x0000000088700000| Untracked 
|  58|0x0000000088800000, 0x0000000088800000, 0x0000000088900000|  0%| F|  |TAMS 0x0000000088800000, 0x0000000088800000| Untracked 
|  59|0x0000000088900000, 0x0000000088900000, 0x0000000088a00000|  0%| F|  |TAMS 0x0000000088900000, 0x0000000088900000| Untracked 
|  60|0x0000000088a00000, 0x0000000088a00000, 0x0000000088b00000|  0%| F|  |TAMS 0x0000000088a00000, 0x0000000088a00000| Untracked 
|  61|0x0000000088b00000, 0x0000000088b00000, 0x0000000088c00000|  0%| F|  |TAMS 0x0000000088b00000, 0x0000000088b00000| Untracked 
|  62|0x0000000088c00000, 0x0000000088cd8f08, 0x0000000088d00000| 84%| E|  |TAMS 0x0000000088c00000, 0x0000000088c00000| Complete 
|  63|0x0000000088d00000, 0x0000000088e00000, 0x0000000088e00000|100%| E|CS|TAMS 0x0000000088d00000, 0x0000000088d00000| Complete 
|  64|0x0000000088e00000, 0x0000000088f00000, 0x0000000088f00000|100%| E|CS|TAMS 0x0000000088e00000, 0x0000000088e00000| Complete 
|  65|0x0000000088f00000, 0x0000000089000000, 0x0000000089000000|100%| E|CS|TAMS 0x0000000088f00000, 0x0000000088f00000| Complete 
|  66|0x0000000089000000, 0x0000000089100000, 0x0000000089100000|100%| E|CS|TAMS 0x0000000089000000, 0x0000000089000000| Complete 
|  67|0x0000000089100000, 0x0000000089200000, 0x0000000089200000|100%| E|CS|TAMS 0x0000000089100000, 0x0000000089100000| Complete 
|  68|0x0000000089200000, 0x0000000089300000, 0x0000000089300000|100%| E|CS|TAMS 0x0000000089200000, 0x0000000089200000| Complete 
|  69|0x0000000089300000, 0x0000000089400000, 0x0000000089400000|100%| E|CS|TAMS 0x0000000089300000, 0x0000000089300000| Complete 
|  70|0x0000000089400000, 0x0000000089500000, 0x0000000089500000|100%| E|CS|TAMS 0x0000000089400000, 0x0000000089400000| Complete 
|  71|0x0000000089500000, 0x0000000089600000, 0x0000000089600000|100%| E|CS|TAMS 0x0000000089500000, 0x0000000089500000| Complete 
|  72|0x0000000089600000, 0x0000000089700000, 0x0000000089700000|100%| E|CS|TAMS 0x0000000089600000, 0x0000000089600000| Complete 
|  73|0x0000000089700000, 0x0000000089800000, 0x0000000089800000|100%| E|CS|TAMS 0x0000000089700000, 0x0000000089700000| Complete 
|  74|0x0000000089800000, 0x0000000089900000, 0x0000000089900000|100%| E|CS|TAMS 0x0000000089800000, 0x0000000089800000| Complete 
|  75|0x0000000089900000, 0x0000000089a00000, 0x0000000089a00000|100%| E|CS|TAMS 0x0000000089900000, 0x0000000089900000| Complete 
|  76|0x0000000089a00000, 0x0000000089b00000, 0x0000000089b00000|100%| E|CS|TAMS 0x0000000089a00000, 0x0000000089a00000| Complete 
|  77|0x0000000089b00000, 0x0000000089c00000, 0x0000000089c00000|100%| E|CS|TAMS 0x0000000089b00000, 0x0000000089b00000| Complete 
|  78|0x0000000089c00000, 0x0000000089d00000, 0x0000000089d00000|100%| E|CS|TAMS 0x0000000089c00000, 0x0000000089c00000| Complete 
|  79|0x0000000089d00000, 0x0000000089e00000, 0x0000000089e00000|100%| E|CS|TAMS 0x0000000089d00000, 0x0000000089d00000| Complete 
|  80|0x0000000089e00000, 0x0000000089f00000, 0x0000000089f00000|100%| E|CS|TAMS 0x0000000089e00000, 0x0000000089e00000| Complete 
|  81|0x0000000089f00000, 0x000000008a000000, 0x000000008a000000|100%| E|CS|TAMS 0x0000000089f00000, 0x0000000089f00000| Complete 
|  82|0x000000008a000000, 0x000000008a100000, 0x000000008a100000|100%| E|CS|TAMS 0x000000008a000000, 0x000000008a000000| Complete 
|  83|0x000000008a100000, 0x000000008a200000, 0x000000008a200000|100%| E|CS|TAMS 0x000000008a100000, 0x000000008a100000| Complete 
|  84|0x000000008a200000, 0x000000008a300000, 0x000000008a300000|100%| E|CS|TAMS 0x000000008a200000, 0x000000008a200000| Complete 
|  85|0x000000008a300000, 0x000000008a400000, 0x000000008a400000|100%| E|CS|TAMS 0x000000008a300000, 0x000000008a300000| Complete 
|  86|0x000000008a400000, 0x000000008a500000, 0x000000008a500000|100%| E|CS|TAMS 0x000000008a400000, 0x000000008a400000| Complete 
|  87|0x000000008a500000, 0x000000008a600000, 0x000000008a600000|100%| E|CS|TAMS 0x000000008a500000, 0x000000008a500000| Complete 
|  88|0x000000008a600000, 0x000000008a700000, 0x000000008a700000|100%| E|CS|TAMS 0x000000008a600000, 0x000000008a600000| Complete 
|  89|0x000000008a700000, 0x000000008a800000, 0x000000008a800000|100%| E|CS|TAMS 0x000000008a700000, 0x000000008a700000| Complete 
|  90|0x000000008a800000, 0x000000008a900000, 0x000000008a900000|100%| E|CS|TAMS 0x000000008a800000, 0x000000008a800000| Complete 
|  91|0x000000008a900000, 0x000000008aa00000, 0x000000008aa00000|100%| E|CS|TAMS 0x000000008a900000, 0x000000008a900000| Complete 
|  92|0x000000008aa00000, 0x000000008ab00000, 0x000000008ab00000|100%| E|CS|TAMS 0x000000008aa00000, 0x000000008aa00000| Complete 
|  93|0x000000008ab00000, 0x000000008ac00000, 0x000000008ac00000|100%| E|CS|TAMS 0x000000008ab00000, 0x000000008ab00000| Complete 
|  94|0x000000008ac00000, 0x000000008ad00000, 0x000000008ad00000|100%| E|CS|TAMS 0x000000008ac00000, 0x000000008ac00000| Complete 
|  95|0x000000008ad00000, 0x000000008ae00000, 0x000000008ae00000|100%| E|CS|TAMS 0x000000008ad00000, 0x000000008ad00000| Complete 
|  96|0x000000008ae00000, 0x000000008af00000, 0x000000008af00000|100%| E|CS|TAMS 0x000000008ae00000, 0x000000008ae00000| Complete 
|  97|0x000000008af00000, 0x000000008b000000, 0x000000008b000000|100%| E|CS|TAMS 0x000000008af00000, 0x000000008af00000| Complete 
|  98|0x000000008b000000, 0x000000008b100000, 0x000000008b100000|100%| E|CS|TAMS 0x000000008b000000, 0x000000008b000000| Complete 
|  99|0x000000008b100000, 0x000000008b200000, 0x000000008b200000|100%| E|CS|TAMS 0x000000008b100000, 0x000000008b100000| Complete 
| 100|0x000000008b200000, 0x000000008b300000, 0x000000008b300000|100%| E|CS|TAMS 0x000000008b200000, 0x000000008b200000| Complete 
| 101|0x000000008b300000, 0x000000008b400000, 0x000000008b400000|100%| E|CS|TAMS 0x000000008b300000, 0x000000008b300000| Complete 
| 102|0x000000008b400000, 0x000000008b500000, 0x000000008b500000|100%| E|CS|TAMS 0x000000008b400000, 0x000000008b400000| Complete 
| 103|0x000000008b500000, 0x000000008b600000, 0x000000008b600000|100%| E|CS|TAMS 0x000000008b500000, 0x000000008b500000| Complete 
| 104|0x000000008b600000, 0x000000008b700000, 0x000000008b700000|100%| E|CS|TAMS 0x000000008b600000, 0x000000008b600000| Complete 
| 105|0x000000008b700000, 0x000000008b800000, 0x000000008b800000|100%| E|CS|TAMS 0x000000008b700000, 0x000000008b700000| Complete 
| 106|0x000000008b800000, 0x000000008b900000, 0x000000008b900000|100%| E|CS|TAMS 0x000000008b800000, 0x000000008b800000| Complete 
| 107|0x000000008b900000, 0x000000008ba00000, 0x000000008ba00000|100%| E|CS|TAMS 0x000000008b900000, 0x000000008b900000| Complete 
| 108|0x000000008ba00000, 0x000000008bb00000, 0x000000008bb00000|100%| E|CS|TAMS 0x000000008ba00000, 0x000000008ba00000| Complete 
| 109|0x000000008bb00000, 0x000000008bc00000, 0x000000008bc00000|100%| E|CS|TAMS 0x000000008bb00000, 0x000000008bb00000| Complete 
| 110|0x000000008bc00000, 0x000000008bd00000, 0x000000008bd00000|100%| E|CS|TAMS 0x000000008bc00000, 0x000000008bc00000| Complete 
| 111|0x000000008bd00000, 0x000000008be00000, 0x000000008be00000|100%| E|CS|TAMS 0x000000008bd00000, 0x000000008bd00000| Complete 
| 112|0x000000008be00000, 0x000000008bf00000, 0x000000008bf00000|100%| E|CS|TAMS 0x000000008be00000, 0x000000008be00000| Complete 
| 113|0x000000008bf00000, 0x000000008c000000, 0x000000008c000000|100%| E|CS|TAMS 0x000000008bf00000, 0x000000008bf00000| Complete 
| 114|0x000000008c000000, 0x000000008c100000, 0x000000008c100000|100%| E|CS|TAMS 0x000000008c000000, 0x000000008c000000| Complete 
| 115|0x000000008c100000, 0x000000008c200000, 0x000000008c200000|100%| E|CS|TAMS 0x000000008c100000, 0x000000008c100000| Complete 
| 116|0x000000008c200000, 0x000000008c300000, 0x000000008c300000|100%| E|CS|TAMS 0x000000008c200000, 0x000000008c200000| Complete 
| 117|0x000000008c300000, 0x000000008c400000, 0x000000008c400000|100%| E|CS|TAMS 0x000000008c300000, 0x000000008c300000| Complete 
| 118|0x000000008c400000, 0x000000008c500000, 0x000000008c500000|100%| E|CS|TAMS 0x000000008c400000, 0x000000008c400000| Complete 
| 119|0x000000008c500000, 0x000000008c600000, 0x000000008c600000|100%| E|CS|TAMS 0x000000008c500000, 0x000000008c500000| Complete 
| 120|0x000000008c600000, 0x000000008c700000, 0x000000008c700000|100%| E|CS|TAMS 0x000000008c600000, 0x000000008c600000| Complete 
| 121|0x000000008c700000, 0x000000008c800000, 0x000000008c800000|100%| E|CS|TAMS 0x000000008c700000, 0x000000008c700000| Complete 
| 122|0x000000008c800000, 0x000000008c900000, 0x000000008c900000|100%| E|CS|TAMS 0x000000008c800000, 0x000000008c800000| Complete 
| 174|0x000000008fc00000, 0x000000008fd00000, 0x000000008fd00000|100%| E|CS|TAMS 0x000000008fc00000, 0x000000008fc00000| Complete 

Card table byte_map: [0x0000025ac8530000,0x0000025ac8910000] _byte_map_base: 0x0000025ac8109000

Marking Bits (Prev, Next): (CMBitMap*) 0x0000025ab5594270, (CMBitMap*) 0x0000025ab55942b0
 Prev Bits: [0x0000025ac8cf0000, 0x0000025acabb8000)
 Next Bits: [0x0000025acabc0000, 0x0000025acca88000)

Polling page: 0x0000025ab34c0000

Metaspace:

Usage:
  Non-class:     84.72 MB used.
      Class:     12.22 MB used.
       Both:     96.94 MB used.

Virtual space:
  Non-class space:      128.00 MB reserved,      85.06 MB ( 66%) committed,  2 nodes.
      Class space:        1.00 GB reserved,      12.50 MB (  1%) committed,  1 nodes.
             Both:        1.12 GB reserved,      97.56 MB (  8%) committed. 

Chunk freelists:
   Non-Class:  10.97 MB
       Class:  3.47 MB
        Both:  14.45 MB

MaxMetaspaceSize: unlimited
CompressedClassSpaceSize: 1.00 GB
Initial GC threshold: 21.00 MB
Current GC threshold: 162.31 MB
CDS: off
MetaspaceReclaimPolicy: balanced
 - commit_granule_bytes: 65536.
 - commit_granule_words: 8192.
 - virtual_space_node_default_size: 8388608.
 - enlarge_chunks_in_place: 1.
 - new_chunks_are_fully_committed: 0.
 - uncommit_free_chunks: 1.
 - use_allocation_guard: 0.
 - handle_deallocations: 1.


Internal statistics:

num_allocs_failed_limit: 9.
num_arena_births: 1242.
num_arena_deaths: 330.
num_vsnodes_births: 3.
num_vsnodes_deaths: 0.
num_space_committed: 1561.
num_space_uncommitted: 0.
num_chunks_returned_to_freelist: 373.
num_chunks_taken_from_freelist: 4798.
num_chunk_merges: 133.
num_chunk_splits: 3206.
num_chunks_enlarged: 2387.
num_inconsistent_stats: 0.

CodeHeap 'non-profiled nmethods': size=120000Kb used=10547Kb max_used=10547Kb free=109452Kb
 bounds [0x0000025ac06d0000, 0x0000025ac1120000, 0x0000025ac7c00000]
CodeHeap 'profiled nmethods': size=120000Kb used=29043Kb max_used=29043Kb free=90956Kb
 bounds [0x0000025ab8c00000, 0x0000025aba860000, 0x0000025ac0130000]
CodeHeap 'non-nmethods': size=5760Kb used=1397Kb max_used=1475Kb free=4362Kb
 bounds [0x0000025ac0130000, 0x0000025ac03a0000, 0x0000025ac06d0000]
 total_blobs=14929 nmethods=14191 adapters=649
 compilation: enabled
              stopped_count=0, restarted_count=0
 full_count=0

Compilation events (20 events):
Event: 13348.179 Thread 0x0000025acf7dfe90 nmethod 16451 0x0000025ac1118990 code [0x0000025ac1118b60, 0x0000025ac11195c8]
Event: 13348.181 Thread 0x0000025acf7e07a0 16452       3       org.springframework.security.core.userdetails.User$UserBuilder::roles (90 bytes)
Event: 13348.182 Thread 0x0000025acf7dfe90 16453       4       com.mysql.cj.AbstractQuery::stopQueryTimer (70 bytes)
Event: 13348.183 Thread 0x0000025acf7dfe90 nmethod 16453 0x0000025ac1119b90 code [0x0000025ac1119d00, 0x0000025ac1119d98]
Event: 13348.184 Thread 0x0000025acf7dfe90 16454       4       org.hibernate.type.descriptor.jdbc.BasicBinder::bind (79 bytes)
Event: 13348.191 Thread 0x0000025acf7e07a0 nmethod 16452 0x0000025aba859d90 code [0x0000025aba85a220, 0x0000025aba85c608]
Event: 13348.198 Thread 0x0000025acf7dfe90 nmethod 16454 0x0000025ac1119e90 code [0x0000025ac111a080, 0x0000025ac111a488]
Event: 13348.198 Thread 0x0000025acf7dfe90 16457       4       org.jboss.logging.Logger::isTraceEnabled (8 bytes)
Event: 13348.205 Thread 0x0000025acf7dfe90 nmethod 16457 0x0000025ac111aa10 code [0x0000025ac111abe0, 0x0000025ac111af28]
Event: 13348.206 Thread 0x0000025acf7dfe90 16455       4       com.mysql.cj.NativeQueryBindings::getBinding (39 bytes)
Event: 13348.209 Thread 0x0000025acf7dfe90 nmethod 16455 0x0000025ac111b390 code [0x0000025ac111b520, 0x0000025ac111b798]
Event: 13348.210 Thread 0x0000025acf7dfe90 16456       4       java.util.Comparator$$Lambda$661/0x00000001003e90c0::compare (16 bytes)
Event: 13348.218 Thread 0x0000025acf7dfe90 nmethod 16456 0x0000025ac111b990 code [0x0000025ac111bb60, 0x0000025ac111c008]
Event: 13348.265 Thread 0x0000025acf7e07a0 16458       3       org.hibernate.query.sqm.tree.expression.JpaCriteriaParameter::getHibernateType (5 bytes)
Event: 13348.266 Thread 0x0000025acf7e07a0 nmethod 16458 0x0000025aba85d390 code [0x0000025aba85d520, 0x0000025aba85d6b8]
Event: 13348.266 Thread 0x0000025acf7e07a0 16459       1       org.hibernate.sql.ast.tree.from.LazyTableGroup::getNavigablePath (5 bytes)
Event: 13348.267 Thread 0x0000025acf7e07a0 nmethod 16459 0x0000025ac111c510 code [0x0000025ac111c6a0, 0x0000025ac111c778]
Event: 13388.046 Thread 0x0000025acf7dfe90 16460       4       java.util.TreeMap$KeySet::iterator (32 bytes)
Event: 13388.055 Thread 0x0000025acf7dfe90 nmethod 16460 0x0000025ac111c810 code [0x0000025ac111c9a0, 0x0000025ac111cd78]
Event: 13412.539 Thread 0x0000025acf7dfe90 16461   !   4       com.mysql.cj.jdbc.ClientPreparedStatement::executeQuery (690 bytes)

GC Heap History (20 events):
Event: 9698.699 GC heap before
{Heap before GC invocations=34 (full 0):
 garbage-first heap   total 73728K, used 59149K [0x0000000084e00000, 0x0000000100000000)
  region size 1024K, 26 young (26624K), 1 survivors (1024K)
 Metaspace       used 96091K, committed 96704K, reserved 1179648K
  class space    used 12368K, committed 12672K, reserved 1048576K
}
Event: 9698.721 GC heap after
{Heap after GC invocations=35 (full 0):
 garbage-first heap   total 73728K, used 37902K [0x0000000084e00000, 0x0000000100000000)
  region size 1024K, 4 young (4096K), 4 survivors (4096K)
 Metaspace       used 96091K, committed 96704K, reserved 1179648K
  class space    used 12368K, committed 12672K, reserved 1048576K
}
Event: 9698.883 GC heap before
{Heap before GC invocations=36 (full 0):
 garbage-first heap   total 75776K, used 58382K [0x0000000084e00000, 0x0000000100000000)
  region size 1024K, 24 young (24576K), 4 survivors (4096K)
 Metaspace       used 96110K, committed 96704K, reserved 1179648K
  class space    used 12370K, committed 12672K, reserved 1048576K
}
Event: 9698.887 GC heap after
{Heap after GC invocations=37 (full 0):
 garbage-first heap   total 75776K, used 37832K [0x0000000084e00000, 0x0000000100000000)
  region size 1024K, 2 young (2048K), 2 survivors (2048K)
 Metaspace       used 96110K, committed 96704K, reserved 1179648K
  class space    used 12370K, committed 12672K, reserved 1048576K
}
Event: 9698.894 GC heap before
{Heap before GC invocations=37 (full 0):
 garbage-first heap   total 75776K, used 38856K [0x0000000084e00000, 0x0000000100000000)
  region size 1024K, 3 young (3072K), 2 survivors (2048K)
 Metaspace       used 96118K, committed 96704K, reserved 1179648K
  class space    used 12370K, committed 12672K, reserved 1048576K
}
Event: 9698.897 GC heap after
{Heap after GC invocations=38 (full 0):
 garbage-first heap   total 75776K, used 36503K [0x0000000084e00000, 0x0000000100000000)
  region size 1024K, 1 young (1024K), 1 survivors (1024K)
 Metaspace       used 96118K, committed 96704K, reserved 1179648K
  class space    used 12370K, committed 12672K, reserved 1048576K
}
Event: 9732.210 GC heap before
{Heap before GC invocations=38 (full 0):
 garbage-first heap   total 75776K, used 59031K [0x0000000084e00000, 0x0000000100000000)
  region size 1024K, 24 young (24576K), 1 survivors (1024K)
 Metaspace       used 97214K, committed 97856K, reserved 1179648K
  class space    used 12467K, committed 12736K, reserved 1048576K
}
Event: 9732.213 GC heap after
{Heap after GC invocations=39 (full 0):
 garbage-first heap   total 75776K, used 36998K [0x0000000084e00000, 0x0000000100000000)
  region size 1024K, 1 young (1024K), 1 survivors (1024K)
 Metaspace       used 97214K, committed 97856K, reserved 1179648K
  class space    used 12467K, committed 12736K, reserved 1048576K
}
Event: 10100.913 GC heap before
{Heap before GC invocations=40 (full 0):
 garbage-first heap   total 75776K, used 61574K [0x0000000084e00000, 0x0000000100000000)
  region size 1024K, 25 young (25600K), 1 survivors (1024K)
 Metaspace       used 97559K, committed 98112K, reserved 1179648K
  class space    used 12470K, committed 12736K, reserved 1048576K
}
Event: 10100.926 GC heap after
{Heap after GC invocations=41 (full 0):
 garbage-first heap   total 75776K, used 37316K [0x0000000084e00000, 0x0000000100000000)
  region size 1024K, 1 young (1024K), 1 survivors (1024K)
 Metaspace       used 97559K, committed 98112K, reserved 1179648K
  class space    used 12470K, committed 12736K, reserved 1048576K
}
Event: 10104.485 GC heap before
{Heap before GC invocations=41 (full 0):
 garbage-first heap   total 75776K, used 38340K [0x0000000084e00000, 0x0000000100000000)
  region size 1024K, 3 young (3072K), 1 survivors (1024K)
 Metaspace       used 97607K, committed 98176K, reserved 1179648K
  class space    used 12470K, committed 12736K, reserved 1048576K
}
Event: 10104.523 GC heap after
{Heap after GC invocations=42 (full 0):
 garbage-first heap   total 75776K, used 36020K [0x0000000084e00000, 0x0000000100000000)
  region size 1024K, 1 young (1024K), 1 survivors (1024K)
 Metaspace       used 97607K, committed 98176K, reserved 1179648K
  class space    used 12470K, committed 12736K, reserved 1048576K
}
Event: 10651.200 GC heap before
{Heap before GC invocations=42 (full 0):
 garbage-first heap   total 75776K, used 61620K [0x0000000084e00000, 0x0000000100000000)
  region size 1024K, 27 young (27648K), 1 survivors (1024K)
 Metaspace       used 98265K, committed 98816K, reserved 1179648K
  class space    used 12482K, committed 12736K, reserved 1048576K
}
Event: 10651.232 GC heap after
{Heap after GC invocations=43 (full 0):
 garbage-first heap   total 179200K, used 36248K [0x0000000084e00000, 0x0000000100000000)
  region size 1024K, 1 young (1024K), 1 survivors (1024K)
 Metaspace       used 98265K, committed 98816K, reserved 1179648K
  class space    used 12482K, committed 12736K, reserved 1048576K
}
Event: 11541.592 GC heap before
{Heap before GC invocations=44 (full 0):
 garbage-first heap   total 126976K, used 120216K [0x0000000084e00000, 0x0000000100000000)
  region size 1024K, 85 young (87040K), 1 survivors (1024K)
 Metaspace       used 98874K, committed 99520K, reserved 1179648K
  class space    used 12492K, committed 12800K, reserved 1048576K
}
Event: 11541.610 GC heap after
{Heap after GC invocations=45 (full 0):
 garbage-first heap   total 126976K, used 36756K [0x0000000084e00000, 0x0000000100000000)
  region size 1024K, 2 young (2048K), 2 survivors (2048K)
 Metaspace       used 98874K, committed 99520K, reserved 1179648K
  class space    used 12492K, committed 12800K, reserved 1048576K
}
Event: 11548.170 GC heap before
{Heap before GC invocations=45 (full 0):
 garbage-first heap   total 126976K, used 40852K [0x0000000084e00000, 0x0000000100000000)
  region size 1024K, 6 young (6144K), 2 survivors (2048K)
 Metaspace       used 98907K, committed 99520K, reserved 1179648K
  class space    used 12499K, committed 12800K, reserved 1048576K
}
Event: 11548.187 GC heap after
{Heap after GC invocations=46 (full 0):
 garbage-first heap   total 126976K, used 36587K [0x0000000084e00000, 0x0000000100000000)
  region size 1024K, 1 young (1024K), 1 survivors (1024K)
 Metaspace       used 98907K, committed 99520K, reserved 1179648K
  class space    used 12499K, committed 12800K, reserved 1048576K
}
Event: 12281.717 GC heap before
{Heap before GC invocations=46 (full 0):
 garbage-first heap   total 126976K, used 108267K [0x0000000084e00000, 0x0000000100000000)
  region size 1024K, 71 young (72704K), 1 survivors (1024K)
 Metaspace       used 99133K, committed 99712K, reserved 1179648K
  class space    used 12504K, committed 12800K, reserved 1048576K
}
Event: 12281.731 GC heap after
{Heap after GC invocations=47 (full 0):
 garbage-first heap   total 126976K, used 36787K [0x0000000084e00000, 0x0000000100000000)
  region size 1024K, 1 young (1024K), 1 survivors (1024K)
 Metaspace       used 99133K, committed 99712K, reserved 1179648K
  class space    used 12504K, committed 12800K, reserved 1048576K
}

Dll operation events (10 events):
Event: 0.032 Loaded shared library C:\Users\DELL\.p2\pool\plugins\org.eclipse.justj.openjdk.hotspot.jre.full.win32.x86_64_17.0.11.v20240426-1830\jre\bin\java.dll
Event: 0.179 Loaded shared library C:\Users\DELL\.p2\pool\plugins\org.eclipse.justj.openjdk.hotspot.jre.full.win32.x86_64_17.0.11.v20240426-1830\jre\bin\net.dll
Event: 0.182 Loaded shared library C:\Users\DELL\.p2\pool\plugins\org.eclipse.justj.openjdk.hotspot.jre.full.win32.x86_64_17.0.11.v20240426-1830\jre\bin\nio.dll
Event: 0.187 Loaded shared library C:\Users\DELL\.p2\pool\plugins\org.eclipse.justj.openjdk.hotspot.jre.full.win32.x86_64_17.0.11.v20240426-1830\jre\bin\zip.dll
Event: 0.283 Loaded shared library C:\Users\DELL\.p2\pool\plugins\org.eclipse.justj.openjdk.hotspot.jre.full.win32.x86_64_17.0.11.v20240426-1830\jre\bin\jimage.dll
Event: 2.034 Loaded shared library C:\Users\DELL\.p2\pool\plugins\org.eclipse.justj.openjdk.hotspot.jre.full.win32.x86_64_17.0.11.v20240426-1830\jre\bin\sunmscapi.dll
Event: 4.868 Loaded shared library C:\Users\DELL\.p2\pool\plugins\org.eclipse.justj.openjdk.hotspot.jre.full.win32.x86_64_17.0.11.v20240426-1830\jre\bin\management.dll
Event: 4.875 Loaded shared library C:\Users\DELL\.p2\pool\plugins\org.eclipse.justj.openjdk.hotspot.jre.full.win32.x86_64_17.0.11.v20240426-1830\jre\bin\management_ext.dll
Event: 5.614 Loaded shared library C:\Users\DELL\.p2\pool\plugins\org.eclipse.justj.openjdk.hotspot.jre.full.win32.x86_64_17.0.11.v20240426-1830\jre\bin\verify.dll
Event: 6.002 Loaded shared library C:\Users\DELL\.p2\pool\plugins\org.eclipse.justj.openjdk.hotspot.jre.full.win32.x86_64_17.0.11.v20240426-1830\jre\bin\extnet.dll

Deoptimization events (20 events):
Event: 12552.792 Thread 0x0000025ad8479410 Uncommon trap: trap_request=0xffffff45 fr.pc=0x0000025ac0d19e48 relative=0x0000000000001cc8
Event: 12552.792 Thread 0x0000025ad8479410 Uncommon trap: reason=unstable_if action=reinterpret pc=0x0000025ac0d19e48 method=java.lang.StringUTF16.compress([CII)[B @ 13 c2
Event: 12552.792 Thread 0x0000025ad8479410 DEOPT PACKING pc=0x0000025ac0d19e48 sp=0x000000bbce4fa430
Event: 12552.792 Thread 0x0000025ad8479410 DEOPT UNPACKING pc=0x0000025ac01869a3 sp=0x000000bbce4fa1e8 mode 2
Event: 12552.792 Thread 0x0000025ad8479410 Uncommon trap: trap_request=0xffffff45 fr.pc=0x0000025ac084890c relative=0x000000000000018c
Event: 12552.792 Thread 0x0000025ad8479410 Uncommon trap: reason=unstable_if action=reinterpret pc=0x0000025ac084890c method=java.lang.String.equals(Ljava/lang/Object;)Z @ 33 c2
Event: 12552.792 Thread 0x0000025ad8479410 DEOPT PACKING pc=0x0000025ac084890c sp=0x000000bbce4fabd0
Event: 12552.792 Thread 0x0000025ad8479410 DEOPT UNPACKING pc=0x0000025ac01869a3 sp=0x000000bbce4fab70 mode 2
Event: 12552.792 Thread 0x0000025ad8479410 Uncommon trap: trap_request=0xffffff45 fr.pc=0x0000025ac09564c4 relative=0x00000000000001a4
Event: 12552.792 Thread 0x0000025ad8479410 Uncommon trap: reason=unstable_if action=reinterpret pc=0x0000025ac09564c4 method=java.lang.String.trim()Ljava/lang/String; @ 4 c2
Event: 12552.792 Thread 0x0000025ad8479410 DEOPT PACKING pc=0x0000025ac09564c4 sp=0x000000bbce4fa410
Event: 12552.793 Thread 0x0000025ad8479410 DEOPT UNPACKING pc=0x0000025ac01869a3 sp=0x000000bbce4fa3b8 mode 2
Event: 12552.794 Thread 0x0000025ad8479410 Uncommon trap: trap_request=0xffffff45 fr.pc=0x0000025ac0876104 relative=0x00000000000004c4
Event: 12552.794 Thread 0x0000025ad8479410 Uncommon trap: reason=unstable_if action=reinterpret pc=0x0000025ac0876104 method=java.lang.String.getBytes([BIIBI)V @ 6 c2
Event: 12552.794 Thread 0x0000025ad8479410 DEOPT PACKING pc=0x0000025ac0876104 sp=0x000000bbce4f8ce0
Event: 12552.794 Thread 0x0000025ad8479410 DEOPT UNPACKING pc=0x0000025ac01869a3 sp=0x000000bbce4f8a78 mode 2
Event: 12552.795 Thread 0x0000025ad8479410 Uncommon trap: trap_request=0xffffffc6 fr.pc=0x0000025ac0fc27b8 relative=0x0000000000000358
Event: 12552.795 Thread 0x0000025ad8479410 Uncommon trap: reason=bimorphic_or_optimized_type_check action=maybe_recompile pc=0x0000025ac0fc27b8 method=org.hibernate.query.sqm.tree.expression.AbstractSqmExpression.getJavaTypeDescriptor()Lorg/hibernate/type/descriptor/java/JavaType; @ 1 c2
Event: 12552.795 Thread 0x0000025ad8479410 DEOPT PACKING pc=0x0000025ac0fc27b8 sp=0x000000bbce4f8880
Event: 12552.795 Thread 0x0000025ad8479410 DEOPT UNPACKING pc=0x0000025ac01869a3 sp=0x000000bbce4f8820 mode 2

Classes unloaded (20 events):
Event: 6444.389 Thread 0x0000025acf73ec40 Unloading class 0x0000000100189400 'java/lang/invoke/LambdaForm$MH+0x0000000100189400'
Event: 6444.389 Thread 0x0000025acf73ec40 Unloading class 0x0000000100189000 'java/lang/invoke/LambdaForm$MH+0x0000000100189000'
Event: 6444.389 Thread 0x0000025acf73ec40 Unloading class 0x0000000100188c00 'java/lang/invoke/LambdaForm$MH+0x0000000100188c00'
Event: 6444.389 Thread 0x0000025acf73ec40 Unloading class 0x0000000100188800 'java/lang/invoke/LambdaForm$MH+0x0000000100188800'
Event: 6444.389 Thread 0x0000025acf73ec40 Unloading class 0x0000000100182800 'java/lang/invoke/LambdaForm$MH+0x0000000100182800'
Event: 6444.389 Thread 0x0000025acf73ec40 Unloading class 0x0000000100182400 'java/lang/invoke/LambdaForm$MH+0x0000000100182400'
Event: 6444.389 Thread 0x0000025acf73ec40 Unloading class 0x0000000100181c00 'java/lang/invoke/LambdaForm$MH+0x0000000100181c00'
Event: 6444.390 Thread 0x0000025acf73ec40 Unloading class 0x000000010012c000 'java/lang/invoke/LambdaForm$DMH+0x000000010012c000'
Event: 6444.390 Thread 0x0000025acf73ec40 Unloading class 0x0000000100090c00 'java/lang/invoke/LambdaForm$MH+0x0000000100090c00'
Event: 6444.390 Thread 0x0000025acf73ec40 Unloading class 0x0000000100090800 'java/lang/invoke/LambdaForm$MH+0x0000000100090800'
Event: 6444.390 Thread 0x0000025acf73ec40 Unloading class 0x0000000100090000 'java/lang/invoke/LambdaForm$MH+0x0000000100090000'
Event: 6444.390 Thread 0x0000025acf73ec40 Unloading class 0x000000010008fc00 'java/lang/invoke/LambdaForm$MH+0x000000010008fc00'
Event: 6444.390 Thread 0x0000025acf73ec40 Unloading class 0x000000010008ec00 'java/lang/invoke/LambdaForm$MH+0x000000010008ec00'
Event: 6444.390 Thread 0x0000025acf73ec40 Unloading class 0x000000010008e400 'java/lang/invoke/LambdaForm$MH+0x000000010008e400'
Event: 6444.390 Thread 0x0000025acf73ec40 Unloading class 0x000000010008e000 'java/lang/invoke/LambdaForm$MH+0x000000010008e000'
Event: 6444.390 Thread 0x0000025acf73ec40 Unloading class 0x000000010008dc00 'java/lang/invoke/LambdaForm$MH+0x000000010008dc00'
Event: 6444.390 Thread 0x0000025acf73ec40 Unloading class 0x000000010008d800 'java/lang/invoke/LambdaForm$MH+0x000000010008d800'
Event: 6444.390 Thread 0x0000025acf73ec40 Unloading class 0x000000010008d400 'java/lang/invoke/LambdaForm$MH+0x000000010008d400'
Event: 6444.390 Thread 0x0000025acf73ec40 Unloading class 0x000000010008cc00 'java/lang/invoke/LambdaForm$MH+0x000000010008cc00'
Event: 6444.390 Thread 0x0000025acf73ec40 Unloading class 0x000000010008c400 'java/lang/invoke/LambdaForm$MH+0x000000010008c400'

Classes redefined (0 events):
No events

Internal exceptions (20 events):
Event: 10289.762 Thread 0x0000025ad6fe6590 Exception <a 'java/io/IOException'{0x000000008902d8e0}> (0x000000008902d8e0) 
thrown [s\src\hotspot\share\prims\jni.cpp, line 516]
Event: 10289.763 Thread 0x0000025ad6fe6590 Exception <a 'java/io/IOException'{0x000000008902e420}> (0x000000008902e420) 
thrown [s\src\hotspot\share\prims\jni.cpp, line 516]
Event: 11016.283 Thread 0x0000025ad6fe6080 Implicit null exception at 0x0000025ac0ee9ca1 to 0x0000025ac0eea9e4
Event: 11016.289 Thread 0x0000025ad6fe6080 Implicit null exception at 0x0000025ac0ee9ca1 to 0x0000025ac0eea9e4
Event: 11016.289 Thread 0x0000025ad6fe6080 Implicit null exception at 0x0000025ac0ee9ca1 to 0x0000025ac0eea9e4
Event: 11016.290 Thread 0x0000025ad6fe6080 Implicit null exception at 0x0000025ac0ee9ca1 to 0x0000025ac0eea9e4
Event: 11112.179 Thread 0x0000025ad6fe6080 Exception <a 'java/net/SocketException'{0x000000008ac5aaa0}: Connection reset by peer: shutdown> (0x000000008ac5aaa0) 
thrown [s\src\hotspot\share\prims\jni.cpp, line 535]
Event: 11331.694 Thread 0x0000025ad8476680 Implicit null exception at 0x0000025ac0d38a2c to 0x0000025ac0d38a64
Event: 11331.695 Thread 0x0000025ad8476680 Implicit null exception at 0x0000025ac0720c13 to 0x0000025ac0720e3c
Event: 11333.056 Thread 0x0000025ad6fe6fb0 Exception <a 'java/io/IOException'{0x0000000088f2a8f8}> (0x0000000088f2a8f8) 
thrown [s\src\hotspot\share\prims\jni.cpp, line 516]
Event: 11679.541 Thread 0x0000025ad6fe6590 Exception <a 'java/io/IOException'{0x000000008b5f6d38}> (0x000000008b5f6d38) 
thrown [s\src\hotspot\share\prims\jni.cpp, line 516]
Event: 11679.542 Thread 0x0000025ad6fe6590 Exception <a 'java/io/IOException'{0x000000008b5f7878}> (0x000000008b5f7878) 
thrown [s\src\hotspot\share\prims\jni.cpp, line 516]
Event: 12003.743 Thread 0x0000025ad6fe6590 Exception <a 'java/io/IOException'{0x000000008a5903f0}> (0x000000008a5903f0) 
thrown [s\src\hotspot\share\prims\jni.cpp, line 516]
Event: 12003.744 Thread 0x0000025ad6fe6590 Exception <a 'java/io/IOException'{0x000000008a590f30}> (0x000000008a590f30) 
thrown [s\src\hotspot\share\prims\jni.cpp, line 516]
Event: 12235.471 Thread 0x0000025ad6fe6080 Exception <a 'java/io/IOException'{0x0000000089b03380}> (0x0000000089b03380) 
thrown [s\src\hotspot\share\prims\jni.cpp, line 516]
Event: 12235.472 Thread 0x0000025ad6fe6080 Exception <a 'java/io/IOException'{0x0000000089b03ec0}> (0x0000000089b03ec0) 
thrown [s\src\hotspot\share\prims\jni.cpp, line 516]
Event: 12497.451 Thread 0x0000025ad6fe6aa0 Exception <a 'java/io/IOException'{0x000000008b28acf0}> (0x000000008b28acf0) 
thrown [s\src\hotspot\share\prims\jni.cpp, line 516]
Event: 12497.451 Thread 0x0000025ad6fe6aa0 Exception <a 'java/io/IOException'{0x000000008b28b830}> (0x000000008b28b830) 
thrown [s\src\hotspot\share\prims\jni.cpp, line 516]
Event: 12971.615 Thread 0x0000025ad6fe6fb0 Exception <a 'java/net/SocketException'{0x000000008994f9c8}: Connection reset by peer: shutdown> (0x000000008994f9c8) 
thrown [s\src\hotspot\share\prims\jni.cpp, line 535]
Event: 13278.656 Thread 0x0000025ad6fe6590 Exception <a 'java/io/IOException'{0x000000008908a960}> (0x000000008908a960) 
thrown [s\src\hotspot\share\prims\jni.cpp, line 516]

VM Operations (20 events):
Event: 13246.931 Executing VM operation: Cleanup
Event: 13246.932 Executing VM operation: Cleanup done
Event: 13251.948 Executing VM operation: Cleanup
Event: 13251.949 Executing VM operation: Cleanup done
Event: 13288.122 Executing VM operation: Cleanup
Event: 13288.122 Executing VM operation: Cleanup done
Event: 13290.934 Executing VM operation: HandshakeAllThreads
Event: 13290.934 Executing VM operation: HandshakeAllThreads done
Event: 13318.047 Executing VM operation: Cleanup
Event: 13318.047 Executing VM operation: Cleanup done
Event: 13348.192 Executing VM operation: Cleanup
Event: 13348.192 Executing VM operation: Cleanup done
Event: 13349.195 Executing VM operation: Cleanup
Event: 13349.195 Executing VM operation: Cleanup done
Event: 13351.061 Executing VM operation: HandshakeAllThreads
Event: 13351.061 Executing VM operation: HandshakeAllThreads done
Event: 13398.320 Executing VM operation: Cleanup
Event: 13398.320 Executing VM operation: Cleanup done
Event: 13413.378 Executing VM operation: Cleanup
Event: 13413.378 Executing VM operation: Cleanup done

Events (20 events):
Event: 12574.650 Thread 0x0000025ad6fe6590 Thread added: 0x0000025ad6fe6590
Event: 12574.651 Thread 0x0000025ad6fea250 Thread added: 0x0000025ad6fea250
Event: 12579.655 Thread 0x0000025ad6fe6590 Thread exited: 0x0000025ad6fe6590
Event: 12579.713 Thread 0x0000025ad6fea250 Thread exited: 0x0000025ad6fea250
Event: 12785.692 Thread 0x0000025ad6fe6fb0 Thread added: 0x0000025ad6fe6fb0
Event: 12785.695 Thread 0x0000025ad6fe6590 Thread added: 0x0000025ad6fe6590
Event: 12790.708 Thread 0x0000025ad6fe6fb0 Thread exited: 0x0000025ad6fe6fb0
Event: 12790.758 Thread 0x0000025ad6fe6590 Thread exited: 0x0000025ad6fe6590
Event: 12971.608 Thread 0x0000025ad6fe6fb0 Thread added: 0x0000025ad6fe6fb0
Event: 12971.616 Thread 0x0000025ad6fe6590 Thread added: 0x0000025ad6fe6590
Event: 12976.627 Thread 0x0000025ad6fe6fb0 Thread exited: 0x0000025ad6fe6fb0
Event: 12976.675 Thread 0x0000025ad6fe6590 Thread exited: 0x0000025ad6fe6590
Event: 13058.859 Thread 0x0000025ad6fe6590 Thread added: 0x0000025ad6fe6590
Event: 13058.866 Thread 0x0000025ad6fea250 Thread added: 0x0000025ad6fea250
Event: 13063.871 Thread 0x0000025ad6fe6590 Thread exited: 0x0000025ad6fe6590
Event: 13063.970 Thread 0x0000025ad6fea250 Thread exited: 0x0000025ad6fea250
Event: 13278.651 Thread 0x0000025ad6fe6590 Thread added: 0x0000025ad6fe6590
Event: 13278.659 Thread 0x0000025ad6fea250 Thread added: 0x0000025ad6fea250
Event: 13283.665 Thread 0x0000025ad6fe6590 Thread exited: 0x0000025ad6fe6590
Event: 13283.747 Thread 0x0000025ad6fea250 Thread exited: 0x0000025ad6fea250


Dynamic libraries:
0x00007ff6026f0000 - 0x00007ff6026fe000 	C:\Users\DELL\.p2\pool\plugins\org.eclipse.justj.openjdk.hotspot.jre.full.win32.x86_64_17.0.11.v20240426-1830\jre\bin\javaw.exe
0x00007ff9397a0000 - 0x00007ff939a08000 	C:\WINDOWS\SYSTEM32\ntdll.dll
0x00007ff938150000 - 0x00007ff938219000 	C:\WINDOWS\System32\KERNEL32.DLL
0x00007ff936d10000 - 0x00007ff9370fd000 	C:\WINDOWS\System32\KERNELBASE.dll
0x00007ff9373f0000 - 0x00007ff93753b000 	C:\WINDOWS\System32\ucrtbase.dll
0x00007ff92aee0000 - 0x00007ff92aef7000 	C:\Users\DELL\.p2\pool\plugins\org.eclipse.justj.openjdk.hotspot.jre.full.win32.x86_64_17.0.11.v20240426-1830\jre\bin\jli.dll
0x00007ff9211a0000 - 0x00007ff9211bb000 	C:\Users\DELL\.p2\pool\plugins\org.eclipse.justj.openjdk.hotspot.jre.full.win32.x86_64_17.0.11.v20240426-1830\jre\bin\VCRUNTIME140.dll
0x00007ff9394d0000 - 0x00007ff93969c000 	C:\WINDOWS\System32\USER32.dll
0x00007ff937100000 - 0x00007ff937127000 	C:\WINDOWS\System32\win32u.dll
0x00007ff9359e0000 - 0x00007ff935c7a000 	C:\WINDOWS\WinSxS\amd64_microsoft.windows.common-controls_6595b64144ccf1df_6.0.26100.4484_none_3e0e6d4ce32ef3b3\COMCTL32.dll
0x00007ff938110000 - 0x00007ff93813b000 	C:\WINDOWS\System32\GDI32.dll
0x00007ff938750000 - 0x00007ff9387f9000 	C:\WINDOWS\System32\msvcrt.dll
0x00007ff937130000 - 0x00007ff937267000 	C:\WINDOWS\System32\gdi32full.dll
0x00007ff936ae0000 - 0x00007ff936b83000 	C:\WINDOWS\System32\msvcp_win.dll
0x00007ff937ba0000 - 0x00007ff937bcf000 	C:\WINDOWS\System32\IMM32.DLL
0x00007ff92ea30000 - 0x00007ff92ea3c000 	C:\Users\DELL\.p2\pool\plugins\org.eclipse.justj.openjdk.hotspot.jre.full.win32.x86_64_17.0.11.v20240426-1830\jre\bin\vcruntime140_1.dll
0x00007ff9202b0000 - 0x00007ff92033d000 	C:\Users\DELL\.p2\pool\plugins\org.eclipse.justj.openjdk.hotspot.jre.full.win32.x86_64_17.0.11.v20240426-1830\jre\bin\msvcp140.dll
0x00007ff8b7840000 - 0x00007ff8b84a2000 	C:\Users\DELL\.p2\pool\plugins\org.eclipse.justj.openjdk.hotspot.jre.full.win32.x86_64_17.0.11.v20240426-1830\jre\bin\server\jvm.dll
0x00007ff9396a0000 - 0x00007ff939754000 	C:\WINDOWS\System32\ADVAPI32.dll
0x00007ff937fe0000 - 0x00007ff938086000 	C:\WINDOWS\System32\sechost.dll
0x00007ff937be0000 - 0x00007ff937cf8000 	C:\WINDOWS\System32\RPCRT4.dll
0x00007ff936740000 - 0x00007ff93679e000 	C:\WINDOWS\SYSTEM32\POWRPROF.dll
0x00007ff933400000 - 0x00007ff933435000 	C:\WINDOWS\SYSTEM32\WINMM.dll
0x00007ff920720000 - 0x00007ff92072b000 	C:\WINDOWS\SYSTEM32\VERSION.dll
0x00007ff92ea10000 - 0x00007ff92ea1a000 	C:\WINDOWS\SYSTEM32\WSOCK32.dll
0x00007ff9375f0000 - 0x00007ff937664000 	C:\WINDOWS\System32\WS2_32.dll
0x00007ff936720000 - 0x00007ff936734000 	C:\WINDOWS\SYSTEM32\UMPDC.dll
0x00007ff934f60000 - 0x00007ff934f7b000 	C:\WINDOWS\SYSTEM32\kernel.appcore.dll
0x00007ff92df80000 - 0x00007ff92df8a000 	C:\Users\DELL\.p2\pool\plugins\org.eclipse.justj.openjdk.hotspot.jre.full.win32.x86_64_17.0.11.v20240426-1830\jre\bin\jimage.dll
0x00007ff9360c0000 - 0x00007ff936301000 	C:\WINDOWS\SYSTEM32\DBGHELP.DLL
0x00007ff9389f0000 - 0x00007ff938d76000 	C:\WINDOWS\System32\combase.dll
0x00007ff938800000 - 0x00007ff9388e0000 	C:\WINDOWS\System32\OLEAUT32.dll
0x00007ff935f80000 - 0x00007ff935fc3000 	C:\WINDOWS\SYSTEM32\dbgcore.DLL
0x00007ff936980000 - 0x00007ff936a19000 	C:\WINDOWS\System32\bcryptPrimitives.dll
0x00007ff921170000 - 0x00007ff921195000 	C:\Users\DELL\.p2\pool\plugins\org.eclipse.justj.openjdk.hotspot.jre.full.win32.x86_64_17.0.11.v20240426-1830\jre\bin\java.dll
0x00007ff920290000 - 0x00007ff9202a8000 	C:\Users\DELL\.p2\pool\plugins\org.eclipse.justj.openjdk.hotspot.jre.full.win32.x86_64_17.0.11.v20240426-1830\jre\bin\zip.dll
0x00007ff938d80000 - 0x00007ff9394ca000 	C:\WINDOWS\System32\SHELL32.dll
0x00007ff936b90000 - 0x00007ff936d04000 	C:\WINDOWS\System32\wintypes.dll
0x00007ff933bf0000 - 0x00007ff93444b000 	C:\WINDOWS\SYSTEM32\windows.storage.dll
0x00007ff9388f0000 - 0x00007ff9389e5000 	C:\WINDOWS\System32\SHCORE.dll
0x00007ff937d10000 - 0x00007ff937d7a000 	C:\WINDOWS\System32\shlwapi.dll
0x00007ff936800000 - 0x00007ff93682f000 	C:\WINDOWS\SYSTEM32\profapi.dll
0x00007ff920270000 - 0x00007ff920289000 	C:\Users\DELL\.p2\pool\plugins\org.eclipse.justj.openjdk.hotspot.jre.full.win32.x86_64_17.0.11.v20240426-1830\jre\bin\net.dll
0x00007ff92b4e0000 - 0x00007ff92b5fe000 	C:\WINDOWS\SYSTEM32\WINHTTP.dll
0x00007ff9354a0000 - 0x00007ff93550a000 	C:\WINDOWS\system32\mswsock.dll
0x00007ff920250000 - 0x00007ff920266000 	C:\Users\DELL\.p2\pool\plugins\org.eclipse.justj.openjdk.hotspot.jre.full.win32.x86_64_17.0.11.v20240426-1830\jre\bin\nio.dll
0x00007ff92cfc0000 - 0x00007ff92cfce000 	C:\Users\DELL\.p2\pool\plugins\org.eclipse.justj.openjdk.hotspot.jre.full.win32.x86_64_17.0.11.v20240426-1830\jre\bin\sunmscapi.dll
0x00007ff937270000 - 0x00007ff9373e7000 	C:\WINDOWS\System32\CRYPT32.dll
0x00007ff9359a0000 - 0x00007ff9359d0000 	C:\WINDOWS\SYSTEM32\ncrypt.dll
0x00007ff935950000 - 0x00007ff93598f000 	C:\WINDOWS\SYSTEM32\NTASN1.dll
0x00007ff936410000 - 0x00007ff93642b000 	C:\WINDOWS\SYSTEM32\CRYPTSP.dll
0x00007ff934ec0000 - 0x00007ff934efb000 	C:\WINDOWS\system32\rsaenh.dll
0x00007ff935540000 - 0x00007ff93556b000 	C:\WINDOWS\SYSTEM32\USERENV.dll
0x00007ff9367d0000 - 0x00007ff9367f6000 	C:\WINDOWS\SYSTEM32\bcrypt.dll
0x00007ff935810000 - 0x00007ff93581c000 	C:\WINDOWS\SYSTEM32\CRYPTBASE.dll
0x00007ff9349e0000 - 0x00007ff934a13000 	C:\WINDOWS\SYSTEM32\IPHLPAPI.DLL
0x00007ff937700000 - 0x00007ff93770a000 	C:\WINDOWS\System32\NSI.dll
0x00007ff92cbb0000 - 0x00007ff92cbcf000 	C:\WINDOWS\SYSTEM32\dhcpcsvc6.DLL
0x00007ff92c880000 - 0x00007ff92c8a5000 	C:\WINDOWS\SYSTEM32\dhcpcsvc.DLL
0x00007ff934a80000 - 0x00007ff934ba6000 	C:\WINDOWS\SYSTEM32\DNSAPI.dll
0x00007ff921160000 - 0x00007ff921169000 	C:\Users\DELL\.p2\pool\plugins\org.eclipse.justj.openjdk.hotspot.jre.full.win32.x86_64_17.0.11.v20240426-1830\jre\bin\management.dll
0x00007ff920240000 - 0x00007ff92024b000 	C:\Users\DELL\.p2\pool\plugins\org.eclipse.justj.openjdk.hotspot.jre.full.win32.x86_64_17.0.11.v20240426-1830\jre\bin\management_ext.dll
0x00007ff938240000 - 0x00007ff938248000 	C:\WINDOWS\System32\PSAPI.DLL
0x00007ff920230000 - 0x00007ff920240000 	C:\Users\DELL\.p2\pool\plugins\org.eclipse.justj.openjdk.hotspot.jre.full.win32.x86_64_17.0.11.v20240426-1830\jre\bin\verify.dll
0x00007ff925690000 - 0x00007ff92569b000 	C:\Windows\System32\rasadhlp.dll
0x00007ff92cfd0000 - 0x00007ff92d056000 	C:\WINDOWS\System32\fwpuclnt.dll
0x00007ff920220000 - 0x00007ff920229000 	C:\Users\DELL\.p2\pool\plugins\org.eclipse.justj.openjdk.hotspot.jre.full.win32.x86_64_17.0.11.v20240426-1830\jre\bin\extnet.dll
0x00007ff8f72d0000 - 0x00007ff8f72d8000 	C:\WINDOWS\system32\wshunix.dll

dbghelp: loaded successfully - version: 4.0.5 - missing functions: none
symbol engine: initialized successfully - sym options: 0x614 - pdb path: .;C:\Users\DELL\.p2\pool\plugins\org.eclipse.justj.openjdk.hotspot.jre.full.win32.x86_64_17.0.11.v20240426-1830\jre\bin;C:\WINDOWS\SYSTEM32;C:\WINDOWS\WinSxS\amd64_microsoft.windows.common-controls_6595b64144ccf1df_6.0.26100.4484_none_3e0e6d4ce32ef3b3;C:\Users\DELL\.p2\pool\plugins\org.eclipse.justj.openjdk.hotspot.jre.full.win32.x86_64_17.0.11.v20240426-1830\jre\bin\server

VM Arguments:
jvm_args: -Dfile.encoding=UTF-8 -Dstdout.encoding=UTF-8 -Dstderr.encoding=UTF-8 -XX:+ShowCodeDetailsInExceptionMessages 
java_command: com.example.b_food_ordering.BFoodOrderingApplication
java_class_path (initial): E:\Nhom13_DACN(Code)\b-food-ordering\b-food-ordering\target\classes;C:\Users\DELL\.m2\repository\org\springframework\boot\spring-boot-starter-data-jpa\3.5.0\spring-boot-starter-data-jpa-3.5.0.jar;C:\Users\DELL\.m2\repository\org\springframework\boot\spring-boot-starter\3.5.0\spring-boot-starter-3.5.0.jar;C:\Users\DELL\.m2\repository\org\springframework\boot\spring-boot\3.5.0\spring-boot-3.5.0.jar;C:\Users\DELL\.m2\repository\org\springframework\boot\spring-boot-autoconfigure\3.5.0\spring-boot-autoconfigure-3.5.0.jar;C:\Users\DELL\.m2\repository\org\springframework\boot\spring-boot-starter-logging\3.5.0\spring-boot-starter-logging-3.5.0.jar;C:\Users\DELL\.m2\repository\ch\qos\logback\logback-classic\1.5.18\logback-classic-1.5.18.jar;C:\Users\DELL\.m2\repository\ch\qos\logback\logback-core\1.5.18\logback-core-1.5.18.jar;C:\Users\DELL\.m2\repository\org\apache\logging\log4j\log4j-to-slf4j\2.24.3\log4j-to-slf4j-2.24.3.jar;C:\Users\DELL\.m2\repository\org\apache\logging\log4j\log4j-api\2.24.3\log4j-api-2.24.3.jar;C:\Users\DELL\.m2\repository\org\slf4j\jul-to-slf4j\2.0.17\jul-to-slf4j-2.0.17.jar;C:\Users\DELL\.m2\repository\jakarta\annotation\jakarta.annotation-api\2.1.1\jakarta.annotation-api-2.1.1.jar;C:\Users\DELL\.m2\repository\org\yaml\snakeyaml\2.4\snakeyaml-2.4.jar;C:\Users\DELL\.m2\repository\org\springframework\boot\spring-boot-starter-jdbc\3.5.0\spring-boot-starter-jdbc-3.5.0.jar;C:\Users\DELL\.m2\repository\com\zaxxer\HikariCP\6.3.0\HikariCP-6.3.0.jar;C:\Users\DELL\.m2\repository\org\springframework\spring-jdbc\6.2.7\spring-jdbc-6.2.7.jar;C:\Users\DELL\.m2\repository\org\hibernate\orm\hibernate-core\6.6.15.Final\hibernate-core-6.6.15.Final.jar;C:\Users\DELL\.m2\repository\jakarta\persistence\jakarta.persistence-api\3.1.0\jakarta.persistence-api-3.1.0.jar;C:\Users\DELL\.m2\repository\jakarta\transaction\jakarta.transaction-api\2.0.1\jakarta.transaction-api-2.0.1.jar;C:\Users\DELL\.m2\repository\org\jboss\logging\jboss-logging\3.6.1.F
Launcher Type: SUN_STANDARD

[Global flags]
     intx CICompilerCount                          = 4                                         {product} {ergonomic}
     uint ConcGCThreads                            = 3                                         {product} {ergonomic}
     uint G1ConcRefinementThreads                  = 10                                        {product} {ergonomic}
   size_t G1HeapRegionSize                         = 1048576                                   {product} {ergonomic}
    uintx GCDrainStackTargetSize                   = 64                                        {product} {ergonomic}
   size_t InitialHeapSize                          = 130023424                                 {product} {ergonomic}
   size_t MarkStackSize                            = 4194304                                   {product} {ergonomic}
   size_t MaxHeapSize                              = 2065694720                                {product} {ergonomic}
   size_t MaxNewSize                               = 1239416832                                {product} {ergonomic}
   size_t MinHeapDeltaBytes                        = 1048576                                   {product} {ergonomic}
   size_t MinHeapSize                              = 8388608                                   {product} {ergonomic}
    uintx NonNMethodCodeHeapSize                   = 5839372                                {pd product} {ergonomic}
    uintx NonProfiledCodeHeapSize                  = 122909434                              {pd product} {ergonomic}
    uintx ProfiledCodeHeapSize                     = 122909434                              {pd product} {ergonomic}
    uintx ReservedCodeCacheSize                    = 251658240                              {pd product} {ergonomic}
     bool SegmentedCodeCache                       = true                                      {product} {ergonomic}
     bool ShowCodeDetailsInExceptionMessages       = true                                   {manageable} {command line}
   size_t SoftMaxHeapSize                          = 2065694720                             {manageable} {ergonomic}
     bool UseCompressedClassPointers               = true                           {product lp64_product} {ergonomic}
     bool UseCompressedOops                        = true                           {product lp64_product} {ergonomic}
     bool UseG1GC                                  = true                                      {product} {ergonomic}
     bool UseLargePagesIndividualAllocation        = false                                  {pd product} {ergonomic}

Logging:
Log output configuration:
 #0: stdout all=warning uptime,level,tags
 #1: stderr all=off uptime,level,tags

Environment Variables:
JAVA_HOME=C:\Program Files\Eclipse Adoptium\jdk-17.0.12.7-hotspot\
PATH=C:/Users/DELL/.p2/pool/plugins/org.eclipse.justj.openjdk.hotspot.jre.full.win32.x86_64_21.0.6.v20250130-0529/jre/bin/server;C:/Users/DELL/.p2/pool/plugins/org.eclipse.justj.openjdk.hotspot.jre.full.win32.x86_64_21.0.6.v20250130-0529/jre/bin;C:\Program Files (x86)\VMware\VMware Workstation\bin\;C:\Program Files\Eclipse Adoptium\jdk-17.0.12.7-hotspot\bin;C:\WINDOWS\system32;C:\WINDOWS;C:\WINDOWS\System32\Wbem;C:\WINDOWS\System32\WindowsPowerShell\v1.0\;C:\WINDOWS\System32\OpenSSH\;C:\Program Files\dotnet\;C:\Program Files (x86)\Microsoft SQL Server\160\Tools\Binn\;C:\Program Files\Microsoft SQL Server\160\Tools\Binn\;C:\Program Files\Microsoft SQL Server\Client SDK\ODBC\170\Tools\Binn\;C:\Program Files\Microsoft SQL Server\160\DTS\Binn\;C:\Program Files\Git\cmd;C:\Program Files\nodejs\;C:\DevTools\apache-maven-3.9.11\bin;%M2_HOME%\bin;C:\Users\DELL\AppData\Local\Microsoft\WindowsApps;;C:\Program Files\Azure Data Studio\bin;E:\Programs\Microsoft VS Code\bin;C:\Users\DELL\AppData\Local\Microsoft\WinGet\Packages\Schniz.fnm_Microsoft.Winget.Source_8wekyb3d8bbwe;C:\Users\DELL\AppData\Roaming\npm;C:\WINDOWS\System32;
USERNAME=DELL
OS=Windows_NT
PROCESSOR_IDENTIFIER=Intel64 Family 6 Model 154 Stepping 4, GenuineIntel
TMP=C:\Users\DELL\AppData\Local\Temp
TEMP=C:\Users\DELL\AppData\Local\Temp



Periodic native trim disabled


---------------  S Y S T E M  ---------------

OS:
 Windows 11 , 64 bit Build 26100 (10.0.26100.4484)
OS uptime: 2 days 17:23 hours

CPU: total 12 (initial active 12) (6 cores per cpu, 2 threads per core) family 6 model 154 stepping 4 microcode 0x435, cx8, cmov, fxsr, ht, mmx, 3dnowpref, sse, sse2, sse3, ssse3, sse4.1, sse4.2, popcnt, lzcnt, tsc, tscinvbit, avx, avx2, aes, erms, clmul, bmi1, bmi2, adx, sha, fma, vzeroupper, clflush, clflushopt, clwb
Processor Information for all 12 processors :
  Max Mhz: 1300, Current Mhz: 1300, Mhz Limit: 1300

Memory: 4k page, system-wide physical 7876M (611M free)
TotalPageFile size 16068M (AvailPageFile size 6M)
current process WorkingSet (physical memory assigned to process): 84M, peak: 313M
current process commit charge ("private bytes"): 426M, peak: 470M

vm_info: OpenJDK 64-Bit Server VM (17.0.11+9) for windows-amd64 JRE (17.0.11+9), built on Apr 17 2024 06:07:48 by "admin" with MS VC++ 16.10 / 16.11 (VS2019)

END.
