#
# There is insufficient memory for the Java Runtime Environment to continue.
# Native memory allocation (malloc) failed to allocate 388096 bytes. Error detail: Chunk::new
# Possible reasons:
#   The system is out of physical RAM or swap space
#   This process is running with CompressedOops enabled, and the Java Heap may be blocking the growth of the native heap
# Possible solutions:
#   Reduce memory load on the system
#   Increase physical memory or swap space
#   Check if swap backing store is full
#   Decrease Java heap size (-Xmx/-Xms)
#   Decrease number of Java threads
#   Decrease Java thread stack sizes (-Xss)
#   Set larger code cache with -XX:ReservedCodeCacheSize=
#   JVM is running with Unscaled Compressed Oops mode in which the Java heap is
#     placed in the first 4GB address space. The Java Heap base address is the
#     maximum limit for the native heap growth. Please use -XX:HeapBaseMinAddress
#     to set the Java Heap base and to place the Java Heap above 4GB virtual address.
# This output file may be truncated or incomplete.
#
#  Out of Memory Error (arena.cpp:191), pid=20596, tid=20248
#
# JRE version: OpenJDK Runtime Environment Temurin-17.0.11+9 (17.0.11+9) (build 17.0.11+9)
# Java VM: OpenJDK 64-Bit Server VM Temurin-17.0.11+9 (17.0.11+9, mixed mode, tiered, compressed oops, compressed class ptrs, g1 gc, windows-amd64)
# No core dump will be written. Minidumps are not enabled by default on client versions of Windows
#

---------------  S U M M A R Y ------------

Command Line: -Dfile.encoding=UTF-8 -Dstdout.encoding=UTF-8 -Dstderr.encoding=UTF-8 -XX:+ShowCodeDetailsInExceptionMessages com.example.b_food_ordering.BFoodOrderingApplication

Host: 12th Gen Intel(R) Core(TM) i5-1235U, 12 cores, 7G,  Windows 11 , 64 bit Build 26100 (10.0.26100.4484)
Time: Mon Jul 14 23:30:09 2025 SE Asia Standard Time elapsed time: 218.038090 seconds (0d 0h 3m 38s)

---------------  T H R E A D  ---------------

Current thread (0x00000179760873b0):  JavaThread "C2 CompilerThread0" daemon [_thread_in_native, id=20248, stack(0x0000006509400000,0x0000006509500000)]


Current CompileTask:
C2: 218038 9475   !   4       java.io.BufferedReader::readLine (327 bytes)

Stack: [0x0000006509400000,0x0000006509500000]
Native frames: (J=compiled Java code, j=interpreted, Vv=VM code, C=native code)
V  [jvm.dll+0x67d429]
V  [jvm.dll+0x834b7a]
V  [jvm.dll+0x83663e]
V  [jvm.dll+0x836ca3]
V  [jvm.dll+0x247dbf]
V  [jvm.dll+0xac534]
V  [jvm.dll+0xacb7c]
V  [jvm.dll+0x366647]
V  [jvm.dll+0x330bba]
V  [jvm.dll+0x33005a]
V  [jvm.dll+0x21a471]
V  [jvm.dll+0x2198b1]
V  [jvm.dll+0x1a534d]
V  [jvm.dll+0x2295cd]
V  [jvm.dll+0x22779c]
V  [jvm.dll+0x7e9d07]
V  [jvm.dll+0x7e410a]
V  [jvm.dll+0x67c315]
C  [ucrtbase.dll+0x37b0]
C  [KERNEL32.DLL+0x2e8d7]
C  [ntdll.dll+0x3c34c]


---------------  P R O C E S S  ---------------

Threads class SMR info:
_java_thread_list=0x0000017979325960, length=29, elements={
0x0000017976048320, 0x0000017976048ce0, 0x0000017976084ba0, 0x0000017976085470,
0x0000017976085d40, 0x0000017976086610, 0x00000179760873b0, 0x00000179760c1160,
0x00000179760e1a40, 0x0000017976247630, 0x000001797626b830, 0x0000017977b7a650,
0x000001797a5d8300, 0x000001797a5d5f90, 0x000001797a5d8d20, 0x000001797a5d5570,
0x000001797a5d64a0, 0x000001797a5d5a80, 0x000001797a5d9c50, 0x000001797a5d7df0,
0x000001797a5d9740, 0x000001797a5d6ec0, 0x000001797a5d73d0, 0x000001797a5da160,
0x000001797a5d69b0, 0x000001797a5dbfc0, 0x000001797a5dab80, 0x000001797a5dc4d0,
0x000001797a5db5a0
}

Java Threads: ( => current thread )
  0x0000017976048320 JavaThread "Reference Handler" daemon [_thread_blocked, id=8420, stack(0x0000006508e00000,0x0000006508f00000)]
  0x0000017976048ce0 JavaThread "Finalizer" daemon [_thread_blocked, id=7524, stack(0x0000006508f00000,0x0000006509000000)]
  0x0000017976084ba0 JavaThread "Signal Dispatcher" daemon [_thread_blocked, id=12916, stack(0x0000006509000000,0x0000006509100000)]
  0x0000017976085470 JavaThread "Attach Listener" daemon [_thread_blocked, id=15896, stack(0x0000006509100000,0x0000006509200000)]
  0x0000017976085d40 JavaThread "Service Thread" daemon [_thread_blocked, id=6428, stack(0x0000006509200000,0x0000006509300000)]
  0x0000017976086610 JavaThread "Monitor Deflation Thread" daemon [_thread_blocked, id=24448, stack(0x0000006509300000,0x0000006509400000)]
=>0x00000179760873b0 JavaThread "C2 CompilerThread0" daemon [_thread_in_native, id=20248, stack(0x0000006509400000,0x0000006509500000)]
  0x00000179760c1160 JavaThread "C1 CompilerThread0" daemon [_thread_blocked, id=9996, stack(0x0000006509500000,0x0000006509600000)]
  0x00000179760e1a40 JavaThread "Sweeper thread" daemon [_thread_blocked, id=23188, stack(0x0000006509600000,0x0000006509700000)]
  0x0000017976247630 JavaThread "Notification Thread" daemon [_thread_blocked, id=16212, stack(0x0000006509700000,0x0000006509800000)]
  0x000001797626b830 JavaThread "Common-Cleaner" daemon [_thread_blocked, id=16280, stack(0x0000006509900000,0x0000006509a00000)]
  0x0000017977b7a650 JavaThread "mysql-cj-abandoned-connection-cleanup" daemon [_thread_blocked, id=23896, stack(0x000000650a100000,0x000000650a200000)]
  0x000001797a5d8300 JavaThread "HikariPool-1:housekeeper" daemon [_thread_blocked, id=8552, stack(0x000000650a800000,0x000000650a900000)]
  0x000001797a5d5f90 JavaThread "Catalina-utility-1" [_thread_blocked, id=7508, stack(0x000000650aa00000,0x000000650ab00000)]
  0x000001797a5d8d20 JavaThread "Catalina-utility-2" [_thread_blocked, id=24496, stack(0x000000650ab00000,0x000000650ac00000)]
  0x000001797a5d5570 JavaThread "container-0" [_thread_blocked, id=17700, stack(0x000000650ac00000,0x000000650ad00000)]
  0x000001797a5d64a0 JavaThread "http-nio-8080-exec-1" daemon [_thread_blocked, id=17084, stack(0x000000650ad00000,0x000000650ae00000)]
  0x000001797a5d5a80 JavaThread "http-nio-8080-exec-2" daemon [_thread_blocked, id=24076, stack(0x000000650ae00000,0x000000650af00000)]
  0x000001797a5d9c50 JavaThread "http-nio-8080-exec-3" daemon [_thread_blocked, id=13944, stack(0x000000650af00000,0x000000650b000000)]
  0x000001797a5d7df0 JavaThread "http-nio-8080-exec-4" daemon [_thread_blocked, id=9644, stack(0x000000650b000000,0x000000650b100000)]
  0x000001797a5d9740 JavaThread "http-nio-8080-exec-5" daemon [_thread_blocked, id=13884, stack(0x000000650b100000,0x000000650b200000)]
  0x000001797a5d6ec0 JavaThread "http-nio-8080-exec-6" daemon [_thread_blocked, id=21032, stack(0x000000650b200000,0x000000650b300000)]
  0x000001797a5d73d0 JavaThread "http-nio-8080-exec-7" daemon [_thread_blocked, id=10068, stack(0x000000650b300000,0x000000650b400000)]
  0x000001797a5da160 JavaThread "http-nio-8080-exec-8" daemon [_thread_blocked, id=7924, stack(0x000000650b400000,0x000000650b500000)]
  0x000001797a5d69b0 JavaThread "http-nio-8080-exec-9" daemon [_thread_blocked, id=2968, stack(0x000000650b500000,0x000000650b600000)]
  0x000001797a5dbfc0 JavaThread "http-nio-8080-exec-10" daemon [_thread_blocked, id=16116, stack(0x000000650b600000,0x000000650b700000)]
  0x000001797a5dab80 JavaThread "http-nio-8080-Poller" daemon [_thread_in_native, id=1224, stack(0x000000650b700000,0x000000650b800000)]
  0x000001797a5dc4d0 JavaThread "http-nio-8080-Acceptor" daemon [_thread_in_native, id=19008, stack(0x000000650b800000,0x000000650b900000)]
  0x000001797a5db5a0 JavaThread "DestroyJavaVM" [_thread_blocked, id=10048, stack(0x0000006508700000,0x0000006508800000)]

Other Threads:
  0x0000017971ce5f00 VMThread "VM Thread" [stack: 0x0000006508d00000,0x0000006508e00000] [id=588]
  0x0000017976249b20 WatcherThread [stack: 0x0000006509800000,0x0000006509900000] [id=22148]
  0x0000017955fd25c0 GCTaskThread "GC Thread#0" [stack: 0x0000006508800000,0x0000006508900000] [id=16436]
  0x00000179772494a0 GCTaskThread "GC Thread#1" [stack: 0x0000006509b00000,0x0000006509c00000] [id=10512]
  0x0000017976e077d0 GCTaskThread "GC Thread#2" [stack: 0x0000006509c00000,0x0000006509d00000] [id=16512]
  0x0000017976e07a90 GCTaskThread "GC Thread#3" [stack: 0x0000006509d00000,0x0000006509e00000] [id=24192]
  0x0000017976ac0c10 GCTaskThread "GC Thread#4" [stack: 0x0000006509e00000,0x0000006509f00000] [id=24252]
  0x0000017976ac0ed0 GCTaskThread "GC Thread#5" [stack: 0x0000006509f00000,0x000000650a000000] [id=15836]
  0x0000017977f1cc80 GCTaskThread "GC Thread#6" [stack: 0x000000650a200000,0x000000650a300000] [id=9788]
  0x0000017977f1cf40 GCTaskThread "GC Thread#7" [stack: 0x000000650a300000,0x000000650a400000] [id=18992]
  0x0000017977f1d200 GCTaskThread "GC Thread#8" [stack: 0x000000650a400000,0x000000650a500000] [id=22084]
  0x0000017977f1d780 GCTaskThread "GC Thread#9" [stack: 0x000000650a500000,0x000000650a600000] [id=15672]
  0x0000017955fe2b50 ConcurrentGCThread "G1 Main Marker" [stack: 0x0000006508900000,0x0000006508a00000] [id=23980]
  0x0000017955fe3570 ConcurrentGCThread "G1 Conc#0" [stack: 0x0000006508a00000,0x0000006508b00000] [id=21456]
  0x0000017977f1d4c0 ConcurrentGCThread "G1 Conc#1" [stack: 0x000000650a600000,0x000000650a700000] [id=16696]
  0x0000017977f1da40 ConcurrentGCThread "G1 Conc#2" [stack: 0x000000650a700000,0x000000650a800000] [id=13352]
  0x000001795601dd90 ConcurrentGCThread "G1 Refine#0" [stack: 0x0000006508b00000,0x0000006508c00000] [id=22036]
  0x000001795601e660 ConcurrentGCThread "G1 Service" [stack: 0x0000006508c00000,0x0000006508d00000] [id=10700]

Threads with active compile tasks:
C2 CompilerThread0   218063 9475   !   4       java.io.BufferedReader::readLine (327 bytes)

VM state: not at safepoint (normal execution)

VM Mutex/Monitor currently owned by a thread: None

Heap address: 0x0000000084e00000, size: 1970 MB, Compressed Oops mode: 32-bit

CDS archive(s) not mapped
Compressed class space mapped at: 0x0000000100000000-0x0000000140000000, reserved size: 1073741824
Narrow klass base: 0x0000000000000000, Narrow klass shift: 3, Narrow klass range: 0x140000000

GC Precious Log:
 CPUs: 12 total, 12 available
 Memory: 7876M
 Large Page Support: Disabled
 NUMA Support: Disabled
 Compressed Oops: Enabled (32-bit)
 Heap Region Size: 1M
 Heap Min Capacity: 8M
 Heap Initial Capacity: 124M
 Heap Max Capacity: 1970M
 Pre-touch: Disabled
 Parallel Workers: 10
 Concurrent Workers: 3
 Concurrent Refinement Workers: 10
 Periodic GC: Disabled

Heap:
 garbage-first heap   total 82944K, used 42241K [0x0000000084e00000, 0x0000000100000000)
  region size 1024K, 12 young (12288K), 4 survivors (4096K)
 Metaspace       used 88969K, committed 89664K, reserved 1179648K
  class space    used 11451K, committed 11776K, reserved 1048576K

Heap Regions: E=young(eden), S=young(survivor), O=old, HS=humongous(starts), HC=humongous(continues), CS=collection set, F=free, OA=open archive, CA=closed archive, TAMS=top-at-mark-start (previous, next)
|   0|0x0000000084e00000, 0x0000000084f00000, 0x0000000084f00000|100%|HS|  |TAMS 0x0000000084f00000, 0x0000000084e00000| Complete 
|   1|0x0000000084f00000, 0x0000000085000000, 0x0000000085000000|100%|HS|  |TAMS 0x0000000085000000, 0x0000000084f00000| Complete 
|   2|0x0000000085000000, 0x0000000085100000, 0x0000000085100000|100%| O|  |TAMS 0x0000000085100000, 0x0000000085000000| Untracked 
|   3|0x0000000085100000, 0x0000000085200000, 0x0000000085200000|100%| O|  |TAMS 0x0000000085200000, 0x0000000085100000| Untracked 
|   4|0x0000000085200000, 0x0000000085300000, 0x0000000085300000|100%| O|  |TAMS 0x0000000085300000, 0x0000000085200000| Untracked 
|   5|0x0000000085300000, 0x0000000085400000, 0x0000000085400000|100%| O|  |TAMS 0x0000000085400000, 0x0000000085300000| Untracked 
|   6|0x0000000085400000, 0x0000000085500000, 0x0000000085500000|100%| O|  |TAMS 0x0000000085500000, 0x0000000085400000| Untracked 
|   7|0x0000000085500000, 0x0000000085600000, 0x0000000085600000|100%| O|  |TAMS 0x0000000085600000, 0x0000000085500000| Untracked 
|   8|0x0000000085600000, 0x0000000085700000, 0x0000000085700000|100%| O|  |TAMS 0x0000000085700000, 0x0000000085600000| Untracked 
|   9|0x0000000085700000, 0x0000000085800000, 0x0000000085800000|100%| O|  |TAMS 0x0000000085800000, 0x0000000085700000| Untracked 
|  10|0x0000000085800000, 0x0000000085900000, 0x0000000085900000|100%| O|  |TAMS 0x0000000085900000, 0x0000000085800000| Untracked 
|  11|0x0000000085900000, 0x0000000085a00000, 0x0000000085a00000|100%| O|  |TAMS 0x0000000085a00000, 0x0000000085900000| Untracked 
|  12|0x0000000085a00000, 0x0000000085b00000, 0x0000000085b00000|100%| O|  |TAMS 0x0000000085b00000, 0x0000000085a00000| Untracked 
|  13|0x0000000085b00000, 0x0000000085ba7a00, 0x0000000085c00000| 65%| O|  |TAMS 0x0000000085ba7a00, 0x0000000085b00000| Untracked 
|  14|0x0000000085c00000, 0x0000000085d00000, 0x0000000085d00000|100%| O|  |TAMS 0x0000000085d00000, 0x0000000085c00000| Untracked 
|  15|0x0000000085d00000, 0x0000000085e00000, 0x0000000085e00000|100%| O|  |TAMS 0x0000000085e00000, 0x0000000085d00000| Untracked 
|  16|0x0000000085e00000, 0x0000000085f00000, 0x0000000085f00000|100%| O|  |TAMS 0x0000000085f00000, 0x0000000085e00000| Untracked 
|  17|0x0000000085f00000, 0x0000000086000000, 0x0000000086000000|100%| O|  |TAMS 0x0000000086000000, 0x0000000085f00000| Untracked 
|  18|0x0000000086000000, 0x0000000086100000, 0x0000000086100000|100%| O|  |TAMS 0x0000000086100000, 0x0000000086000000| Untracked 
|  19|0x0000000086100000, 0x0000000086200000, 0x0000000086200000|100%| O|  |TAMS 0x0000000086200000, 0x0000000086100000| Untracked 
|  20|0x0000000086200000, 0x0000000086300000, 0x0000000086300000|100%| O|  |TAMS 0x000000008629bc00, 0x0000000086200000| Untracked 
|  21|0x0000000086300000, 0x0000000086400000, 0x0000000086400000|100%| O|  |TAMS 0x0000000086300000, 0x0000000086300000| Untracked 
|  22|0x0000000086400000, 0x0000000086500000, 0x0000000086500000|100%| O|  |TAMS 0x0000000086400000, 0x0000000086400000| Untracked 
|  23|0x0000000086500000, 0x0000000086600000, 0x0000000086600000|100%| O|  |TAMS 0x0000000086500000, 0x0000000086500000| Untracked 
|  24|0x0000000086600000, 0x0000000086700000, 0x0000000086700000|100%| O|  |TAMS 0x0000000086600000, 0x0000000086600000| Untracked 
|  25|0x0000000086700000, 0x0000000086800000, 0x0000000086800000|100%| O|  |TAMS 0x0000000086700000, 0x0000000086700000| Untracked 
|  26|0x0000000086800000, 0x0000000086900000, 0x0000000086900000|100%| O|  |TAMS 0x0000000086800000, 0x0000000086800000| Untracked 
|  27|0x0000000086900000, 0x0000000086a00000, 0x0000000086a00000|100%| O|  |TAMS 0x0000000086900000, 0x0000000086900000| Untracked 
|  28|0x0000000086a00000, 0x0000000086b00000, 0x0000000086b00000|100%| O|  |TAMS 0x0000000086a00000, 0x0000000086a00000| Untracked 
|  29|0x0000000086b00000, 0x0000000086c00000, 0x0000000086c00000|100%| O|  |TAMS 0x0000000086b00000, 0x0000000086b00000| Untracked 
|  30|0x0000000086c00000, 0x0000000086d00000, 0x0000000086d00000|100%| O|  |TAMS 0x0000000086c00000, 0x0000000086c00000| Untracked 
|  31|0x0000000086d00000, 0x0000000086d5a600, 0x0000000086e00000| 35%| O|  |TAMS 0x0000000086d00000, 0x0000000086d00000| Untracked 
|  32|0x0000000086e00000, 0x0000000086e00000, 0x0000000086f00000|  0%| F|  |TAMS 0x0000000086e00000, 0x0000000086e00000| Untracked 
|  33|0x0000000086f00000, 0x0000000086f00000, 0x0000000087000000|  0%| F|  |TAMS 0x0000000086f00000, 0x0000000086f00000| Untracked 
|  34|0x0000000087000000, 0x0000000087000000, 0x0000000087100000|  0%| F|  |TAMS 0x0000000087000000, 0x0000000087000000| Untracked 
|  35|0x0000000087100000, 0x0000000087100000, 0x0000000087200000|  0%| F|  |TAMS 0x0000000087100000, 0x0000000087100000| Untracked 
|  36|0x0000000087200000, 0x0000000087200000, 0x0000000087300000|  0%| F|  |TAMS 0x0000000087200000, 0x0000000087200000| Untracked 
|  37|0x0000000087300000, 0x0000000087300000, 0x0000000087400000|  0%| F|  |TAMS 0x0000000087300000, 0x0000000087300000| Untracked 
|  38|0x0000000087400000, 0x0000000087400000, 0x0000000087500000|  0%| F|  |TAMS 0x0000000087400000, 0x0000000087400000| Untracked 
|  39|0x0000000087500000, 0x0000000087500000, 0x0000000087600000|  0%| F|  |TAMS 0x0000000087500000, 0x0000000087500000| Untracked 
|  40|0x0000000087600000, 0x0000000087600000, 0x0000000087700000|  0%| F|  |TAMS 0x0000000087600000, 0x0000000087600000| Untracked 
|  41|0x0000000087700000, 0x0000000087700000, 0x0000000087800000|  0%| F|  |TAMS 0x0000000087700000, 0x0000000087700000| Untracked 
|  42|0x0000000087800000, 0x0000000087800000, 0x0000000087900000|  0%| F|  |TAMS 0x0000000087800000, 0x0000000087800000| Untracked 
|  43|0x0000000087900000, 0x0000000087900000, 0x0000000087a00000|  0%| F|  |TAMS 0x0000000087900000, 0x0000000087900000| Untracked 
|  44|0x0000000087a00000, 0x0000000087a3e718, 0x0000000087b00000| 24%| S|CS|TAMS 0x0000000087a00000, 0x0000000087a00000| Complete 
|  45|0x0000000087b00000, 0x0000000087c00000, 0x0000000087c00000|100%| S|CS|TAMS 0x0000000087b00000, 0x0000000087b00000| Complete 
|  46|0x0000000087c00000, 0x0000000087d00000, 0x0000000087d00000|100%| S|CS|TAMS 0x0000000087c00000, 0x0000000087c00000| Complete 
|  47|0x0000000087d00000, 0x0000000087d00000, 0x0000000087e00000|  0%| F|  |TAMS 0x0000000087d00000, 0x0000000087d00000| Untracked 
|  48|0x0000000087e00000, 0x0000000087e00000, 0x0000000087f00000|  0%| F|  |TAMS 0x0000000087e00000, 0x0000000087e00000| Untracked 
|  49|0x0000000087f00000, 0x0000000087f00000, 0x0000000088000000|  0%| F|  |TAMS 0x0000000087f00000, 0x0000000087f00000| Untracked 
|  50|0x0000000088000000, 0x0000000088100000, 0x0000000088100000|100%| S|CS|TAMS 0x0000000088000000, 0x0000000088000000| Complete 
|  51|0x0000000088100000, 0x0000000088100000, 0x0000000088200000|  0%| F|  |TAMS 0x0000000088100000, 0x0000000088100000| Untracked 
|  52|0x0000000088200000, 0x0000000088200000, 0x0000000088300000|  0%| F|  |TAMS 0x0000000088200000, 0x0000000088200000| Untracked 
|  53|0x0000000088300000, 0x0000000088300000, 0x0000000088400000|  0%| F|  |TAMS 0x0000000088300000, 0x0000000088300000| Untracked 
|  54|0x0000000088400000, 0x0000000088400000, 0x0000000088500000|  0%| F|  |TAMS 0x0000000088400000, 0x0000000088400000| Untracked 
|  55|0x0000000088500000, 0x0000000088500000, 0x0000000088600000|  0%| F|  |TAMS 0x0000000088500000, 0x0000000088500000| Untracked 
|  56|0x0000000088600000, 0x0000000088600000, 0x0000000088700000|  0%| F|  |TAMS 0x0000000088600000, 0x0000000088600000| Untracked 
|  57|0x0000000088700000, 0x0000000088700000, 0x0000000088800000|  0%| F|  |TAMS 0x0000000088700000, 0x0000000088700000| Untracked 
|  58|0x0000000088800000, 0x0000000088800000, 0x0000000088900000|  0%| F|  |TAMS 0x0000000088800000, 0x0000000088800000| Untracked 
|  59|0x0000000088900000, 0x0000000088900000, 0x0000000088a00000|  0%| F|  |TAMS 0x0000000088900000, 0x0000000088900000| Untracked 
|  60|0x0000000088a00000, 0x0000000088a00000, 0x0000000088b00000|  0%| F|  |TAMS 0x0000000088a00000, 0x0000000088a00000| Untracked 
|  61|0x0000000088b00000, 0x0000000088b00000, 0x0000000088c00000|  0%| F|  |TAMS 0x0000000088b00000, 0x0000000088b00000| Untracked 
|  62|0x0000000088c00000, 0x0000000088c00000, 0x0000000088d00000|  0%| F|  |TAMS 0x0000000088c00000, 0x0000000088c00000| Untracked 
|  63|0x0000000088d00000, 0x0000000088d00000, 0x0000000088e00000|  0%| F|  |TAMS 0x0000000088d00000, 0x0000000088d00000| Untracked 
|  64|0x0000000088e00000, 0x0000000088e00000, 0x0000000088f00000|  0%| F|  |TAMS 0x0000000088e00000, 0x0000000088e00000| Untracked 
|  65|0x0000000088f00000, 0x0000000088f00000, 0x0000000089000000|  0%| F|  |TAMS 0x0000000088f00000, 0x0000000088f00000| Untracked 
|  66|0x0000000089000000, 0x0000000089000000, 0x0000000089100000|  0%| F|  |TAMS 0x0000000089000000, 0x0000000089000000| Untracked 
|  67|0x0000000089100000, 0x0000000089100000, 0x0000000089200000|  0%| F|  |TAMS 0x0000000089100000, 0x0000000089100000| Untracked 
|  68|0x0000000089200000, 0x0000000089200000, 0x0000000089300000|  0%| F|  |TAMS 0x0000000089200000, 0x0000000089200000| Untracked 
|  69|0x0000000089300000, 0x0000000089300000, 0x0000000089400000|  0%| F|  |TAMS 0x0000000089300000, 0x0000000089300000| Untracked 
|  70|0x0000000089400000, 0x0000000089400000, 0x0000000089500000|  0%| F|  |TAMS 0x0000000089400000, 0x0000000089400000| Untracked 
|  71|0x0000000089500000, 0x0000000089500000, 0x0000000089600000|  0%| F|  |TAMS 0x0000000089500000, 0x0000000089500000| Untracked 
|  72|0x0000000089600000, 0x0000000089600000, 0x0000000089700000|  0%| F|  |TAMS 0x0000000089600000, 0x0000000089600000| Untracked 
|  73|0x0000000089700000, 0x00000000897a5138, 0x0000000089800000| 64%| E|  |TAMS 0x0000000089700000, 0x0000000089700000| Complete 
|  74|0x0000000089800000, 0x0000000089900000, 0x0000000089900000|100%| E|CS|TAMS 0x0000000089800000, 0x0000000089800000| Complete 
|  75|0x0000000089900000, 0x0000000089a00000, 0x0000000089a00000|100%| E|CS|TAMS 0x0000000089900000, 0x0000000089900000| Complete 
|  76|0x0000000089a00000, 0x0000000089b00000, 0x0000000089b00000|100%| E|CS|TAMS 0x0000000089a00000, 0x0000000089a00000| Complete 
|  77|0x0000000089b00000, 0x0000000089c00000, 0x0000000089c00000|100%| E|CS|TAMS 0x0000000089b00000, 0x0000000089b00000| Complete 
|  78|0x0000000089c00000, 0x0000000089d00000, 0x0000000089d00000|100%| E|CS|TAMS 0x0000000089c00000, 0x0000000089c00000| Complete 
|  79|0x0000000089d00000, 0x0000000089e00000, 0x0000000089e00000|100%| E|CS|TAMS 0x0000000089d00000, 0x0000000089d00000| Complete 
| 123|0x000000008c900000, 0x000000008ca00000, 0x000000008ca00000|100%| E|CS|TAMS 0x000000008c900000, 0x000000008c900000| Complete 

Card table byte_map: [0x000001796aca0000,0x000001796b080000] _byte_map_base: 0x000001796a879000

Marking Bits (Prev, Next): (CMBitMap*) 0x0000017955fd2c20, (CMBitMap*) 0x0000017955fd2be0
 Prev Bits: [0x000001796d330000, 0x000001796f1f8000)
 Next Bits: [0x000001796b460000, 0x000001796d328000)

Polling page: 0x0000017955cf0000

Metaspace:

Usage:
  Non-class:     75.70 MB used.
      Class:     11.18 MB used.
       Both:     86.88 MB used.

Virtual space:
  Non-class space:      128.00 MB reserved,      76.06 MB ( 59%) committed,  2 nodes.
      Class space:        1.00 GB reserved,      11.50 MB (  1%) committed,  1 nodes.
             Both:        1.12 GB reserved,      87.56 MB (  8%) committed. 

Chunk freelists:
   Non-Class:  3.61 MB
       Class:  4.51 MB
        Both:  8.11 MB

MaxMetaspaceSize: unlimited
CompressedClassSpaceSize: 1.00 GB
Initial GC threshold: 21.00 MB
Current GC threshold: 98.38 MB
CDS: off
MetaspaceReclaimPolicy: balanced
 - commit_granule_bytes: 65536.
 - commit_granule_words: 8192.
 - virtual_space_node_default_size: 8388608.
 - enlarge_chunks_in_place: 1.
 - new_chunks_are_fully_committed: 0.
 - uncommit_free_chunks: 1.
 - use_allocation_guard: 0.
 - handle_deallocations: 1.


Internal statistics:

num_allocs_failed_limit: 11.
num_arena_births: 1008.
num_arena_deaths: 0.
num_vsnodes_births: 3.
num_vsnodes_deaths: 0.
num_space_committed: 1401.
num_space_uncommitted: 0.
num_chunks_returned_to_freelist: 11.
num_chunks_taken_from_freelist: 3903.
num_chunk_merges: 8.
num_chunk_splits: 2787.
num_chunks_enlarged: 2159.
num_inconsistent_stats: 0.

CodeHeap 'non-profiled nmethods': size=120000Kb used=5318Kb max_used=5318Kb free=114681Kb
 bounds [0x0000017962700000, 0x0000017962c40000, 0x0000017969c30000]
CodeHeap 'profiled nmethods': size=120000Kb used=17581Kb max_used=17581Kb free=102418Kb
 bounds [0x000001795ac30000, 0x000001795bd60000, 0x0000017962160000]
CodeHeap 'non-nmethods': size=5760Kb used=1393Kb max_used=1459Kb free=4366Kb
 bounds [0x0000017962160000, 0x00000179623d0000, 0x0000017962700000]
 total_blobs=9415 nmethods=8686 adapters=640
 compilation: enabled
              stopped_count=0, restarted_count=0
 full_count=0

Compilation events (20 events):
Event: 216.012 Thread 0x00000179760c1160 nmethod 9497 0x0000017962c2f510 code [0x0000017962c2f6a0, 0x0000017962c2f778]
Event: 216.012 Thread 0x00000179760c1160 9491       1       org.hibernate.persister.collection.AbstractCollectionPersister::getCollectionSemantics (5 bytes)
Event: 216.012 Thread 0x00000179760c1160 nmethod 9491 0x0000017962c2f810 code [0x0000017962c2f9a0, 0x0000017962c2fa78]
Event: 216.012 Thread 0x00000179760c1160 9494       1       org.hibernate.metamodel.mapping.EntityAssociationMapping::incrementFetchDepth (2 bytes)
Event: 216.012 Thread 0x00000179760c1160 nmethod 9494 0x0000017962c2fb10 code [0x0000017962c2fca0, 0x0000017962c2fd78]
Event: 216.012 Thread 0x00000179760c1160 9488       1       org.hibernate.LockOptions::getScope (5 bytes)
Event: 216.013 Thread 0x00000179760c1160 nmethod 9488 0x0000017962c2fe10 code [0x0000017962c2ffa0, 0x0000017962c30078]
Event: 216.013 Thread 0x00000179760c1160 9496       1       org.hibernate.persister.entity.SingleTableEntityPersister::getPropertySpaces (5 bytes)
Event: 216.013 Thread 0x00000179760c1160 nmethod 9496 0x0000017962c30110 code [0x0000017962c302a0, 0x0000017962c30378]
Event: 216.013 Thread 0x00000179760c1160 9493       1       org.hibernate.persister.entity.AbstractEntityPersister::getNumberOfKeyFetchables (2 bytes)
Event: 216.013 Thread 0x00000179760c1160 nmethod 9493 0x0000017962c30410 code [0x0000017962c305a0, 0x0000017962c30678]
Event: 216.016 Thread 0x000001797716b840 nmethod 9492 0x0000017962c30710 code [0x0000017962c308a0, 0x0000017962c30b98]
Event: 216.016 Thread 0x000001797716b840 9486       4       jakarta.servlet.ServletRequestWrapper::setAttribute (12 bytes)
Event: 216.017 Thread 0x000001797716b840 nmethod 9486 0x0000017962c30d90 code [0x0000017962c30f00, 0x0000017962c30f98]
Event: 216.017 Thread 0x000001797716b840 9474       4       java.nio.DirectLongBufferU::ix (10 bytes)
Event: 216.018 Thread 0x000001797716b840 nmethod 9474 0x0000017962c31090 code [0x0000017962c31200, 0x0000017962c31278]
Event: 216.018 Thread 0x000001797716b840 9498       4       com.mysql.cj.NativeQueryBindValue::reset (65 bytes)
Event: 216.019 Thread 0x000001797716b840 nmethod 9498 0x0000017962c31390 code [0x0000017962c31500, 0x0000017962c317b8]
Event: 217.515 Thread 0x00000179760c1160 9500       1       org.apache.catalina.loader.WebappLoader::getClassLoader (5 bytes)
Event: 218.032 Thread 0x00000179760c1160 nmethod 9500 0x0000017962c31890 code [0x0000017962c31a20, 0x0000017962c31af8]

GC Heap History (20 events):
Event: 2.609 GC heap before
{Heap before GC invocations=6 (full 0):
 garbage-first heap   total 40960K, used 30631K [0x0000000084e00000, 0x0000000100000000)
  region size 1024K, 18 young (18432K), 2 survivors (2048K)
 Metaspace       used 29910K, committed 30272K, reserved 1114112K
  class space    used 3416K, committed 3584K, reserved 1048576K
}
Event: 2.619 GC heap after
{Heap after GC invocations=7 (full 0):
 garbage-first heap   total 72704K, used 15307K [0x0000000084e00000, 0x0000000100000000)
  region size 1024K, 2 young (2048K), 2 survivors (2048K)
 Metaspace       used 29910K, committed 30272K, reserved 1114112K
  class space    used 3416K, committed 3584K, reserved 1048576K
}
Event: 3.643 GC heap before
{Heap before GC invocations=7 (full 0):
 garbage-first heap   total 72704K, used 46027K [0x0000000084e00000, 0x0000000100000000)
  region size 1024K, 33 young (33792K), 2 survivors (2048K)
 Metaspace       used 35599K, committed 35968K, reserved 1114112K
  class space    used 4250K, committed 4416K, reserved 1048576K
}
Event: 3.653 GC heap after
{Heap after GC invocations=8 (full 0):
 garbage-first heap   total 72704K, used 18340K [0x0000000084e00000, 0x0000000100000000)
  region size 1024K, 5 young (5120K), 5 survivors (5120K)
 Metaspace       used 35599K, committed 35968K, reserved 1114112K
  class space    used 4250K, committed 4416K, reserved 1048576K
}
Event: 4.639 GC heap before
{Heap before GC invocations=9 (full 0):
 garbage-first heap   total 68608K, used 51108K [0x0000000084e00000, 0x0000000100000000)
  region size 1024K, 37 young (37888K), 5 survivors (5120K)
 Metaspace       used 43259K, committed 43712K, reserved 1114112K
  class space    used 5281K, committed 5504K, reserved 1048576K
}
Event: 4.649 GC heap after
{Heap after GC invocations=10 (full 0):
 garbage-first heap   total 68608K, used 20539K [0x0000000084e00000, 0x0000000100000000)
  region size 1024K, 3 young (3072K), 3 survivors (3072K)
 Metaspace       used 43259K, committed 43712K, reserved 1114112K
  class space    used 5281K, committed 5504K, reserved 1048576K
}
Event: 5.397 GC heap before
{Heap before GC invocations=10 (full 0):
 garbage-first heap   total 68608K, used 49211K [0x0000000084e00000, 0x0000000100000000)
  region size 1024K, 31 young (31744K), 3 survivors (3072K)
 Metaspace       used 54054K, committed 54528K, reserved 1114112K
  class space    used 6692K, committed 6912K, reserved 1048576K
}
Event: 5.405 GC heap after
{Heap after GC invocations=11 (full 0):
 garbage-first heap   total 68608K, used 23297K [0x0000000084e00000, 0x0000000100000000)
  region size 1024K, 3 young (3072K), 3 survivors (3072K)
 Metaspace       used 54054K, committed 54528K, reserved 1114112K
  class space    used 6692K, committed 6912K, reserved 1048576K
}
Event: 5.974 GC heap before
{Heap before GC invocations=11 (full 0):
 garbage-first heap   total 68608K, used 49921K [0x0000000084e00000, 0x0000000100000000)
  region size 1024K, 30 young (30720K), 3 survivors (3072K)
 Metaspace       used 59830K, committed 60288K, reserved 1114112K
  class space    used 7416K, committed 7616K, reserved 1048576K
}
Event: 5.982 GC heap after
{Heap after GC invocations=12 (full 0):
 garbage-first heap   total 68608K, used 25485K [0x0000000084e00000, 0x0000000100000000)
  region size 1024K, 2 young (2048K), 2 survivors (2048K)
 Metaspace       used 59830K, committed 60288K, reserved 1114112K
  class space    used 7416K, committed 7616K, reserved 1048576K
}
Event: 6.454 GC heap before
{Heap before GC invocations=13 (full 0):
 garbage-first heap   total 68608K, used 51085K [0x0000000084e00000, 0x0000000100000000)
  region size 1024K, 28 young (28672K), 2 survivors (2048K)
 Metaspace       used 66322K, committed 66816K, reserved 1114112K
  class space    used 8522K, committed 8768K, reserved 1048576K
}
Event: 6.458 GC heap after
{Heap after GC invocations=14 (full 0):
 garbage-first heap   total 82944K, used 26218K [0x0000000084e00000, 0x0000000100000000)
  region size 1024K, 3 young (3072K), 3 survivors (3072K)
 Metaspace       used 66322K, committed 66816K, reserved 1114112K
  class space    used 8522K, committed 8768K, reserved 1048576K
}
Event: 7.414 GC heap before
{Heap before GC invocations=14 (full 0):
 garbage-first heap   total 82944K, used 63082K [0x0000000084e00000, 0x0000000100000000)
  region size 1024K, 39 young (39936K), 3 survivors (3072K)
 Metaspace       used 74041K, committed 74624K, reserved 1114112K
  class space    used 9602K, committed 9856K, reserved 1048576K
}
Event: 7.418 GC heap after
{Heap after GC invocations=15 (full 0):
 garbage-first heap   total 82944K, used 29084K [0x0000000084e00000, 0x0000000100000000)
  region size 1024K, 4 young (4096K), 4 survivors (4096K)
 Metaspace       used 74041K, committed 74624K, reserved 1114112K
  class space    used 9602K, committed 9856K, reserved 1048576K
}
Event: 8.290 GC heap before
{Heap before GC invocations=15 (full 0):
 garbage-first heap   total 82944K, used 64924K [0x0000000084e00000, 0x0000000100000000)
  region size 1024K, 39 young (39936K), 4 survivors (4096K)
 Metaspace       used 78054K, committed 78656K, reserved 1179648K
  class space    used 10164K, committed 10496K, reserved 1048576K
}
Event: 8.297 GC heap after
{Heap after GC invocations=16 (full 0):
 garbage-first heap   total 82944K, used 32191K [0x0000000084e00000, 0x0000000100000000)
  region size 1024K, 4 young (4096K), 4 survivors (4096K)
 Metaspace       used 78054K, committed 78656K, reserved 1179648K
  class space    used 10164K, committed 10496K, reserved 1048576K
}
Event: 35.417 GC heap before
{Heap before GC invocations=16 (full 0):
 garbage-first heap   total 82944K, used 62911K [0x0000000084e00000, 0x0000000100000000)
  region size 1024K, 35 young (35840K), 4 survivors (4096K)
 Metaspace       used 85300K, committed 85888K, reserved 1179648K
  class space    used 11148K, committed 11392K, reserved 1048576K
}
Event: 35.428 GC heap after
{Heap after GC invocations=17 (full 0):
 garbage-first heap   total 82944K, used 34253K [0x0000000084e00000, 0x0000000100000000)
  region size 1024K, 3 young (3072K), 3 survivors (3072K)
 Metaspace       used 85300K, committed 85888K, reserved 1179648K
  class space    used 11148K, committed 11392K, reserved 1048576K
}
Event: 110.666 GC heap before
{Heap before GC invocations=17 (full 0):
 garbage-first heap   total 82944K, used 63949K [0x0000000084e00000, 0x0000000100000000)
  region size 1024K, 33 young (33792K), 3 survivors (3072K)
 Metaspace       used 88560K, committed 89280K, reserved 1179648K
  class space    used 11435K, committed 11776K, reserved 1048576K
}
Event: 110.674 GC heap after
{Heap after GC invocations=18 (full 0):
 garbage-first heap   total 82944K, used 35073K [0x0000000084e00000, 0x0000000100000000)
  region size 1024K, 4 young (4096K), 4 survivors (4096K)
 Metaspace       used 88560K, committed 89280K, reserved 1179648K
  class space    used 11435K, committed 11776K, reserved 1048576K
}

Dll operation events (10 events):
Event: 0.010 Loaded shared library C:\Users\DELL\.p2\pool\plugins\org.eclipse.justj.openjdk.hotspot.jre.full.win32.x86_64_17.0.11.v20240426-1830\jre\bin\java.dll
Event: 0.159 Loaded shared library C:\Users\DELL\.p2\pool\plugins\org.eclipse.justj.openjdk.hotspot.jre.full.win32.x86_64_17.0.11.v20240426-1830\jre\bin\net.dll
Event: 0.160 Loaded shared library C:\Users\DELL\.p2\pool\plugins\org.eclipse.justj.openjdk.hotspot.jre.full.win32.x86_64_17.0.11.v20240426-1830\jre\bin\nio.dll
Event: 0.166 Loaded shared library C:\Users\DELL\.p2\pool\plugins\org.eclipse.justj.openjdk.hotspot.jre.full.win32.x86_64_17.0.11.v20240426-1830\jre\bin\zip.dll
Event: 0.274 Loaded shared library C:\Users\DELL\.p2\pool\plugins\org.eclipse.justj.openjdk.hotspot.jre.full.win32.x86_64_17.0.11.v20240426-1830\jre\bin\jimage.dll
Event: 1.658 Loaded shared library C:\Users\DELL\.p2\pool\plugins\org.eclipse.justj.openjdk.hotspot.jre.full.win32.x86_64_17.0.11.v20240426-1830\jre\bin\sunmscapi.dll
Event: 3.901 Loaded shared library C:\Users\DELL\.p2\pool\plugins\org.eclipse.justj.openjdk.hotspot.jre.full.win32.x86_64_17.0.11.v20240426-1830\jre\bin\management.dll
Event: 3.905 Loaded shared library C:\Users\DELL\.p2\pool\plugins\org.eclipse.justj.openjdk.hotspot.jre.full.win32.x86_64_17.0.11.v20240426-1830\jre\bin\management_ext.dll
Event: 4.632 Loaded shared library C:\Users\DELL\.p2\pool\plugins\org.eclipse.justj.openjdk.hotspot.jre.full.win32.x86_64_17.0.11.v20240426-1830\jre\bin\verify.dll
Event: 5.019 Loaded shared library C:\Users\DELL\.p2\pool\plugins\org.eclipse.justj.openjdk.hotspot.jre.full.win32.x86_64_17.0.11.v20240426-1830\jre\bin\extnet.dll

Deoptimization events (20 events):
Event: 139.030 Thread 0x000001797a5d9c50 DEOPT PACKING pc=0x00000179627a37a0 sp=0x000000650aff9e20
Event: 139.030 Thread 0x000001797a5d9c50 DEOPT UNPACKING pc=0x00000179621b69a3 sp=0x000000650aff9df0 mode 2
Event: 139.030 Thread 0x000001797a5d9c50 Uncommon trap: trap_request=0xffffff45 fr.pc=0x00000179627a3050 relative=0x00000000000000d0
Event: 139.030 Thread 0x000001797a5d9c50 Uncommon trap: reason=unstable_if action=reinterpret pc=0x00000179627a3050 method=java.lang.String.getBytes([BIB)V @ 5 c2
Event: 139.030 Thread 0x000001797a5d9c50 DEOPT PACKING pc=0x00000179627a3050 sp=0x000000650aff9da0
Event: 139.030 Thread 0x000001797a5d9c50 DEOPT UNPACKING pc=0x00000179621b69a3 sp=0x000000650aff9d68 mode 2
Event: 139.030 Thread 0x000001797a5d9c50 Uncommon trap: trap_request=0xffffff45 fr.pc=0x0000017962838d4c relative=0x00000000000000ac
Event: 139.030 Thread 0x000001797a5d9c50 Uncommon trap: reason=unstable_if action=reinterpret pc=0x0000017962838d4c method=java.lang.StringConcatHelper.newString([BJ)Ljava/lang/String; @ 3 c2
Event: 139.030 Thread 0x000001797a5d9c50 DEOPT PACKING pc=0x0000017962838d4c sp=0x000000650aff9e60
Event: 139.030 Thread 0x000001797a5d9c50 DEOPT UNPACKING pc=0x00000179621b69a3 sp=0x000000650aff9e00 mode 2
Event: 139.106 Thread 0x000001797a5d69b0 DEOPT PACKING pc=0x000001795b8ea903 sp=0x000000650b5f8390
Event: 139.106 Thread 0x000001797a5d69b0 DEOPT UNPACKING pc=0x00000179621b7143 sp=0x000000650b5f7800 mode 0
Event: 139.131 Thread 0x000001797a5d9740 Uncommon trap: trap_request=0xffffff45 fr.pc=0x000001796280ef64 relative=0x0000000000000064
Event: 139.131 Thread 0x000001797a5d9740 Uncommon trap: reason=unstable_if action=reinterpret pc=0x000001796280ef64 method=java.lang.StringConcatHelper.mix(JLjava/lang/String;)J @ 13 c2
Event: 139.131 Thread 0x000001797a5d9740 DEOPT PACKING pc=0x000001796280ef64 sp=0x000000650b1fa330
Event: 139.131 Thread 0x000001797a5d9740 DEOPT UNPACKING pc=0x00000179621b69a3 sp=0x000000650b1fa2c8 mode 2
Event: 150.840 Thread 0x000001797a5da160 Uncommon trap: trap_request=0xffffffdc fr.pc=0x0000017962c23fbc relative=0x000000000000021c
Event: 150.840 Thread 0x000001797a5da160 Uncommon trap: reason=class_check action=make_not_entrant pc=0x0000017962c23fbc method=java.util.ArrayList.toArray([Ljava/lang/Object;)[Ljava/lang/Object; @ 21 c2
Event: 150.840 Thread 0x000001797a5da160 DEOPT PACKING pc=0x0000017962c23fbc sp=0x000000650b4f9470
Event: 150.840 Thread 0x000001797a5da160 DEOPT UNPACKING pc=0x00000179621b69a3 sp=0x000000650b4f9420 mode 2

Classes unloaded (0 events):
No events

Classes redefined (0 events):
No events

Internal exceptions (20 events):
Event: 8.434 Thread 0x0000017955f75b90 Exception <a 'java/lang/NoSuchMethodError'{0x0000000089bfdce8}: 'java.lang.Object java.lang.invoke.DirectMethodHandle$Holder.invokeSpecial(java.lang.Object, java.lang.Object, java.lang.Object, java.lang.Object, java.lang.Object, java.lang.Object, java.lang.Object, java.lang.Object, java.lang.Object, java.lang.Object, java.lang.Object)'> (0x0000000089bfdce8) 
thrown [s\src\hotspot\share\interpreter\linkResolver.cpp, line 759]
Event: 8.434 Thread 0x0000017955f75b90 Exception <a 'java/lang/NoSuchMethodError'{0x0000000089a02588}: 'java.lang.Object java.lang.invoke.Invokers$Holder.invoke_MT(java.lang.Object, java.lang.Object, java.lang.Object, java.lang.Object, java.lang.Object, java.lang.Object, java.lang.Object, java.lang.Object, java.lang.Object, java.lang.Object, java.lang.Object)'> (0x0000000089a02588) 
thrown [s\src\hotspot\share\interpreter\linkResolver.cpp, line 759]
Event: 8.498 Thread 0x0000017955f75b90 Exception <a 'java/lang/NoSuchMethodError'{0x00000000898cbb28}: 'java.lang.Object java.lang.invoke.DirectMethodHandle$Holder.newInvokeSpecial(java.lang.Object, java.lang.Object, int, java.lang.Object, java.lang.Object)'> (0x00000000898cbb28) 
thrown [s\src\hotspot\share\interpreter\linkResolver.cpp, line 759]
Event: 11.909 Thread 0x000001797a5dc4d0 Exception <a 'java/lang/NoSuchMethodError'{0x0000000089561408}: 'java.lang.Object java.lang.invoke.DirectMethodHandle$Holder.invokeStaticInit(java.lang.Object, java.lang.Object, java.lang.Object, int, int)'> (0x0000000089561408) 
thrown [s\src\hotspot\share\interpreter\linkResolver.cpp, line 759]
Event: 11.984 Thread 0x000001797a5d64a0 Exception <a 'java/lang/NoSuchMethodError'{0x0000000089383b38}: 'java.lang.Object java.lang.invoke.DirectMethodHandle$Holder.invokeSpecial(java.lang.Object, java.lang.Object, java.lang.Object, java.lang.Object, java.lang.Object, long)'> (0x0000000089383b38) 
thrown [s\src\hotspot\share\interpreter\linkResolver.cpp, line 759]
Event: 11.985 Thread 0x000001797a5d64a0 Exception <a 'java/lang/NoSuchMethodError'{0x0000000089387530}: 'java.lang.Object java.lang.invoke.Invokers$Holder.linkToTargetMethod(java.lang.Object, java.lang.Object, java.lang.Object, long, java.lang.Object)'> (0x0000000089387530) 
thrown [s\src\hotspot\share\interpreter\linkResolver.cpp, line 759]
Event: 12.514 Thread 0x000001797a5d64a0 Exception <a 'java/lang/NoSuchMethodError'{0x0000000088829310}: 'java.lang.Object java.lang.invoke.DirectMethodHandle$Holder.invokeInterface(java.lang.Object, java.lang.Object, java.lang.Object, java.lang.Object)'> (0x0000000088829310) 
thrown [s\src\hotspot\share\interpreter\linkResolver.cpp, line 759]
Event: 12.577 Thread 0x000001797a5d64a0 Exception <a 'java/lang/IncompatibleClassChangeError'{0x00000000888afdf8}: Found class java.lang.Object, but interface was expected> (0x00000000888afdf8) 
thrown [s\src\hotspot\share\interpreter\linkResolver.cpp, line 826]
Event: 12.961 Thread 0x000001797a5d64a0 Exception <a 'java/lang/IncompatibleClassChangeError'{0x0000000088437c18}: Found class java.lang.Object, but interface was expected> (0x0000000088437c18) 
thrown [s\src\hotspot\share\interpreter\linkResolver.cpp, line 826]
Event: 12.977 Thread 0x000001797a5d64a0 Exception <a 'java/lang/NoSuchMethodError'{0x00000000884636d8}: 'void java.lang.invoke.DirectMethodHandle$Holder.invokeSpecialIFC(java.lang.Object, java.lang.Object, int, java.lang.Object, java.lang.Object, java.lang.Object, java.lang.Object)'> (0x00000000884636d8) 
thrown [s\src\hotspot\share\interpreter\linkResolver.cpp, line 759]
Event: 13.147 Thread 0x000001797a5d64a0 Exception <a 'java/lang/IncompatibleClassChangeError'{0x00000000884e8cb8}: Found class java.lang.Object, but interface was expected> (0x00000000884e8cb8) 
thrown [s\src\hotspot\share\interpreter\linkResolver.cpp, line 826]
Event: 63.210 Thread 0x000001797a5d9740 Exception <a 'java/lang/NoSuchMethodError'{0x0000000088be6cc0}: 'int java.lang.invoke.DirectMethodHandle$Holder.invokeStatic(java.lang.Object, java.lang.Object, int, int)'> (0x0000000088be6cc0) 
thrown [s\src\hotspot\share\interpreter\linkResolver.cpp, line 759]
Event: 63.268 Thread 0x000001797a5d9740 Exception <a 'java/lang/IncompatibleClassChangeError'{0x0000000088ab81a8}: Found class java.lang.Object, but interface was expected> (0x0000000088ab81a8) 
thrown [s\src\hotspot\share\interpreter\linkResolver.cpp, line 826]
Event: 63.290 Thread 0x000001797a5d9740 Exception <a 'java/lang/NoSuchMethodError'{0x0000000088af3300}: 'double java.lang.invoke.DirectMethodHandle$Holder.invokeVirtual(java.lang.Object, java.lang.Object)'> (0x0000000088af3300) 
thrown [s\src\hotspot\share\interpreter\linkResolver.cpp, line 759]
Event: 63.293 Thread 0x000001797a5d9740 Exception <a 'java/lang/NoSuchMethodError'{0x0000000088afc650}: 'void java.lang.invoke.DirectMethodHandle$Holder.invokeStatic(java.lang.Object, java.lang.Object, double)'> (0x0000000088afc650) 
thrown [s\src\hotspot\share\interpreter\linkResolver.cpp, line 759]
Event: 63.300 Thread 0x000001797a5d9740 Exception <a 'java/lang/IncompatibleClassChangeError'{0x000000008891ebd8}: Found class java.lang.Object, but interface was expected> (0x000000008891ebd8) 
thrown [s\src\hotspot\share\interpreter\linkResolver.cpp, line 826]
Event: 80.426 Thread 0x000001797a5d69b0 Exception <a 'java/lang/NoSuchMethodError'{0x000000008883cbf0}: 'java.lang.Object java.lang.invoke.Invokers$Holder.linkToTargetMethod(java.lang.Object, int, java.lang.Object, java.lang.Object, java.lang.Object, java.lang.Object)'> (0x000000008883cbf0) 
thrown [s\src\hotspot\share\interpreter\linkResolver.cpp, line 759]
Event: 80.429 Thread 0x000001797a5d69b0 Exception <a 'java/lang/NoSuchMethodError'{0x0000000088849a70}: 'int java.lang.invoke.DirectMethodHandle$Holder.invokeStatic(java.lang.Object, java.lang.Object, int, java.lang.Object)'> (0x0000000088849a70) 
thrown [s\src\hotspot\share\interpreter\linkResolver.cpp, line 759]
Event: 139.003 Thread 0x000001797a5d9c50 Exception <a 'java/lang/reflect/InvocationTargetException'{0x0000000089dde238}> (0x0000000089dde238) 
thrown [s\src\hotspot\share\runtime\reflection.cpp, line 1121]
Event: 139.126 Thread 0x000001797a5d9740 Exception <a 'java/lang/reflect/InvocationTargetException'{0x0000000089ba0d00}> (0x0000000089ba0d00) 
thrown [s\src\hotspot\share\runtime\reflection.cpp, line 1121]

VM Operations (20 events):
Event: 148.891 Executing VM operation: Cleanup
Event: 148.891 Executing VM operation: Cleanup done
Event: 150.905 Executing VM operation: Cleanup
Event: 150.905 Executing VM operation: Cleanup done
Event: 151.915 Executing VM operation: Cleanup
Event: 151.915 Executing VM operation: Cleanup done
Event: 180.424 Executing VM operation: HandshakeAllThreads
Event: 180.424 Executing VM operation: HandshakeAllThreads done
Event: 189.499 Executing VM operation: Cleanup
Event: 189.499 Executing VM operation: Cleanup done
Event: 197.556 Executing VM operation: Cleanup
Event: 197.556 Executing VM operation: Cleanup done
Event: 199.571 Executing VM operation: Cleanup
Event: 199.571 Executing VM operation: Cleanup done
Event: 205.624 Executing VM operation: Cleanup
Event: 205.624 Executing VM operation: Cleanup done
Event: 214.672 Executing VM operation: Cleanup
Event: 214.672 Executing VM operation: Cleanup done
Event: 215.682 Executing VM operation: Cleanup
Event: 215.682 Executing VM operation: Cleanup done

Events (20 events):
Event: 63.292 loading class java/util/stream/DoublePipeline$StatelessOp done
Event: 63.292 loading class java/util/stream/ReferencePipeline$6 done
Event: 63.293 loading class java/util/function/ObjDoubleConsumer
Event: 63.293 loading class java/util/function/ObjDoubleConsumer done
Event: 63.296 loading class java/util/stream/ReduceOps$16
Event: 63.296 loading class java/util/stream/ReduceOps$16 done
Event: 63.296 loading class java/util/stream/ReduceOps$13ReducingSink
Event: 63.296 loading class java/util/stream/Sink$OfDouble
Event: 63.296 loading class java/util/function/DoubleConsumer
Event: 63.296 loading class java/util/function/DoubleConsumer done
Event: 63.296 loading class java/util/stream/Sink$OfDouble done
Event: 63.297 loading class java/util/stream/ReduceOps$13ReducingSink done
Event: 63.297 loading class java/util/stream/ReferencePipeline$6$1
Event: 63.297 loading class java/util/stream/ReferencePipeline$6$1 done
Event: 139.019 loading class jdk/internal/loader/BootLoader$PackageHelper
Event: 139.020 loading class jdk/internal/loader/BootLoader$PackageHelper done
Event: 139.130 Thread 0x0000017977990410 Thread added: 0x0000017977990410
Event: 144.495 Thread 0x0000017977990410 Thread exited: 0x0000017977990410
Event: 216.007 Thread 0x000001797716b840 Thread added: 0x000001797716b840
Event: 218.032 Thread 0x000001797716b840 Thread exited: 0x000001797716b840


Dynamic libraries:
0x00007ff72ff30000 - 0x00007ff72ff3e000 	C:\Users\DELL\.p2\pool\plugins\org.eclipse.justj.openjdk.hotspot.jre.full.win32.x86_64_17.0.11.v20240426-1830\jre\bin\javaw.exe
0x00007fff101c0000 - 0x00007fff10428000 	C:\WINDOWS\SYSTEM32\ntdll.dll
0x00007fff0e640000 - 0x00007fff0e709000 	C:\WINDOWS\System32\KERNEL32.DLL
0x00007fff0d910000 - 0x00007fff0dcfd000 	C:\WINDOWS\System32\KERNELBASE.dll
0x00007fff0d5c0000 - 0x00007fff0d70b000 	C:\WINDOWS\System32\ucrtbase.dll
0x00007ffefd220000 - 0x00007ffefd237000 	C:\Users\DELL\.p2\pool\plugins\org.eclipse.justj.openjdk.hotspot.jre.full.win32.x86_64_17.0.11.v20240426-1830\jre\bin\jli.dll
0x00007ffefcb00000 - 0x00007ffefcb1b000 	C:\Users\DELL\.p2\pool\plugins\org.eclipse.justj.openjdk.hotspot.jre.full.win32.x86_64_17.0.11.v20240426-1830\jre\bin\VCRUNTIME140.dll
0x00007fff0f260000 - 0x00007fff0f42c000 	C:\WINDOWS\System32\USER32.dll
0x00007fff0df30000 - 0x00007fff0df57000 	C:\WINDOWS\System32\win32u.dll
0x00007ffef4700000 - 0x00007ffef499a000 	C:\WINDOWS\WinSxS\amd64_microsoft.windows.common-controls_6595b64144ccf1df_6.0.26100.4484_none_3e0e6d4ce32ef3b3\COMCTL32.dll
0x00007fff10150000 - 0x00007fff1017b000 	C:\WINDOWS\System32\GDI32.dll
0x00007fff0d7d0000 - 0x00007fff0d907000 	C:\WINDOWS\System32\gdi32full.dll
0x00007fff0f6e0000 - 0x00007fff0f789000 	C:\WINDOWS\System32\msvcrt.dll
0x00007fff0dd00000 - 0x00007fff0dda3000 	C:\WINDOWS\System32\msvcp_win.dll
0x00007fff0e590000 - 0x00007fff0e5bf000 	C:\WINDOWS\System32\IMM32.DLL
0x00007fff05020000 - 0x00007fff0502c000 	C:\Users\DELL\.p2\pool\plugins\org.eclipse.justj.openjdk.hotspot.jre.full.win32.x86_64_17.0.11.v20240426-1830\jre\bin\vcruntime140_1.dll
0x00007ffef9e10000 - 0x00007ffef9e9d000 	C:\Users\DELL\.p2\pool\plugins\org.eclipse.justj.openjdk.hotspot.jre.full.win32.x86_64_17.0.11.v20240426-1830\jre\bin\msvcp140.dll
0x00007ffed3cc0000 - 0x00007ffed4922000 	C:\Users\DELL\.p2\pool\plugins\org.eclipse.justj.openjdk.hotspot.jre.full.win32.x86_64_17.0.11.v20240426-1830\jre\bin\server\jvm.dll
0x00007fff10070000 - 0x00007fff10124000 	C:\WINDOWS\System32\ADVAPI32.dll
0x00007fff0f790000 - 0x00007fff0f836000 	C:\WINDOWS\System32\sechost.dll
0x00007fff0f040000 - 0x00007fff0f158000 	C:\WINDOWS\System32\RPCRT4.dll
0x00007ffefaa20000 - 0x00007ffefaa2b000 	C:\WINDOWS\SYSTEM32\VERSION.dll
0x00007fff0a4d0000 - 0x00007fff0a505000 	C:\WINDOWS\SYSTEM32\WINMM.dll
0x00007ffefddd0000 - 0x00007ffefddda000 	C:\WINDOWS\SYSTEM32\WSOCK32.dll
0x00007fff0d160000 - 0x00007fff0d1be000 	C:\WINDOWS\SYSTEM32\POWRPROF.dll
0x00007fff0f1e0000 - 0x00007fff0f254000 	C:\WINDOWS\System32\WS2_32.dll
0x00007fff0d140000 - 0x00007fff0d154000 	C:\WINDOWS\SYSTEM32\UMPDC.dll
0x00007fff0c0b0000 - 0x00007fff0c0cb000 	C:\WINDOWS\SYSTEM32\kernel.appcore.dll
0x00007ffefcea0000 - 0x00007ffefceaa000 	C:\Users\DELL\.p2\pool\plugins\org.eclipse.justj.openjdk.hotspot.jre.full.win32.x86_64_17.0.11.v20240426-1830\jre\bin\jimage.dll
0x00007fff0a9d0000 - 0x00007fff0ac11000 	C:\WINDOWS\SYSTEM32\DBGHELP.DLL
0x00007fff0fb50000 - 0x00007fff0fed6000 	C:\WINDOWS\System32\combase.dll
0x00007fff0e490000 - 0x00007fff0e570000 	C:\WINDOWS\System32\OLEAUT32.dll
0x00007ffef0290000 - 0x00007ffef02d3000 	C:\WINDOWS\SYSTEM32\dbgcore.DLL
0x00007fff0d3a0000 - 0x00007fff0d439000 	C:\WINDOWS\System32\bcryptPrimitives.dll
0x00007ffefb9f0000 - 0x00007ffefba15000 	C:\Users\DELL\.p2\pool\plugins\org.eclipse.justj.openjdk.hotspot.jre.full.win32.x86_64_17.0.11.v20240426-1830\jre\bin\java.dll
0x00007ffefa300000 - 0x00007ffefa318000 	C:\Users\DELL\.p2\pool\plugins\org.eclipse.justj.openjdk.hotspot.jre.full.win32.x86_64_17.0.11.v20240426-1830\jre\bin\zip.dll
0x00007fff0e8f0000 - 0x00007fff0f03a000 	C:\WINDOWS\System32\SHELL32.dll
0x00007fff0ddb0000 - 0x00007fff0df24000 	C:\WINDOWS\System32\wintypes.dll
0x00007fff0af70000 - 0x00007fff0b7cb000 	C:\WINDOWS\SYSTEM32\windows.storage.dll
0x00007fff0fa50000 - 0x00007fff0fb45000 	C:\WINDOWS\System32\SHCORE.dll
0x00007fff0e5d0000 - 0x00007fff0e63a000 	C:\WINDOWS\System32\shlwapi.dll
0x00007fff0d220000 - 0x00007fff0d24f000 	C:\WINDOWS\SYSTEM32\profapi.dll
0x00007ffefa2e0000 - 0x00007ffefa2f9000 	C:\Users\DELL\.p2\pool\plugins\org.eclipse.justj.openjdk.hotspot.jre.full.win32.x86_64_17.0.11.v20240426-1830\jre\bin\net.dll
0x00007fff02fc0000 - 0x00007fff030de000 	C:\WINDOWS\SYSTEM32\WINHTTP.dll
0x00007fff0c640000 - 0x00007fff0c6aa000 	C:\WINDOWS\system32\mswsock.dll
0x00007ffef9f70000 - 0x00007ffef9f86000 	C:\Users\DELL\.p2\pool\plugins\org.eclipse.justj.openjdk.hotspot.jre.full.win32.x86_64_17.0.11.v20240426-1830\jre\bin\nio.dll
0x00007ffef9f60000 - 0x00007ffef9f6e000 	C:\Users\DELL\.p2\pool\plugins\org.eclipse.justj.openjdk.hotspot.jre.full.win32.x86_64_17.0.11.v20240426-1830\jre\bin\sunmscapi.dll
0x00007fff0d440000 - 0x00007fff0d5b7000 	C:\WINDOWS\System32\CRYPT32.dll
0x00007fff0cb10000 - 0x00007fff0cb40000 	C:\WINDOWS\SYSTEM32\ncrypt.dll
0x00007fff0cac0000 - 0x00007fff0caff000 	C:\WINDOWS\SYSTEM32\NTASN1.dll
0x00007fff0c900000 - 0x00007fff0c91b000 	C:\WINDOWS\SYSTEM32\CRYPTSP.dll
0x00007fff0c010000 - 0x00007fff0c04b000 	C:\WINDOWS\system32\rsaenh.dll
0x00007fff0c6e0000 - 0x00007fff0c70b000 	C:\WINDOWS\SYSTEM32\USERENV.dll
0x00007fff0d1f0000 - 0x00007fff0d216000 	C:\WINDOWS\SYSTEM32\bcrypt.dll
0x00007fff0c8f0000 - 0x00007fff0c8fc000 	C:\WINDOWS\SYSTEM32\CRYPTBASE.dll
0x00007fff0bae0000 - 0x00007fff0bb13000 	C:\WINDOWS\SYSTEM32\IPHLPAPI.DLL
0x00007fff10130000 - 0x00007fff1013a000 	C:\WINDOWS\System32\NSI.dll
0x00007fff04390000 - 0x00007fff043af000 	C:\WINDOWS\SYSTEM32\dhcpcsvc6.DLL
0x00007fff04360000 - 0x00007fff04385000 	C:\WINDOWS\SYSTEM32\dhcpcsvc.DLL
0x00007fff0bb70000 - 0x00007fff0bc96000 	C:\WINDOWS\SYSTEM32\DNSAPI.dll
0x00007ffef9f10000 - 0x00007ffef9f19000 	C:\Users\DELL\.p2\pool\plugins\org.eclipse.justj.openjdk.hotspot.jre.full.win32.x86_64_17.0.11.v20240426-1830\jre\bin\management.dll
0x00007ffef9f00000 - 0x00007ffef9f0b000 	C:\Users\DELL\.p2\pool\plugins\org.eclipse.justj.openjdk.hotspot.jre.full.win32.x86_64_17.0.11.v20240426-1830\jre\bin\management_ext.dll
0x00007fff0e8e0000 - 0x00007fff0e8e8000 	C:\WINDOWS\System32\PSAPI.DLL
0x00007ffef9ef0000 - 0x00007ffef9f00000 	C:\Users\DELL\.p2\pool\plugins\org.eclipse.justj.openjdk.hotspot.jre.full.win32.x86_64_17.0.11.v20240426-1830\jre\bin\verify.dll
0x00007fff02df0000 - 0x00007fff02dfb000 	C:\Windows\System32\rasadhlp.dll
0x00007fff04930000 - 0x00007fff049b6000 	C:\WINDOWS\System32\fwpuclnt.dll
0x00007ffef9ee0000 - 0x00007ffef9ee9000 	C:\Users\DELL\.p2\pool\plugins\org.eclipse.justj.openjdk.hotspot.jre.full.win32.x86_64_17.0.11.v20240426-1830\jre\bin\extnet.dll
0x00007ffee8710000 - 0x00007ffee8718000 	C:\WINDOWS\system32\wshunix.dll

dbghelp: loaded successfully - version: 4.0.5 - missing functions: none
symbol engine: initialized successfully - sym options: 0x614 - pdb path: .;C:\Users\DELL\.p2\pool\plugins\org.eclipse.justj.openjdk.hotspot.jre.full.win32.x86_64_17.0.11.v20240426-1830\jre\bin;C:\WINDOWS\SYSTEM32;C:\WINDOWS\WinSxS\amd64_microsoft.windows.common-controls_6595b64144ccf1df_6.0.26100.4484_none_3e0e6d4ce32ef3b3;C:\Users\DELL\.p2\pool\plugins\org.eclipse.justj.openjdk.hotspot.jre.full.win32.x86_64_17.0.11.v20240426-1830\jre\bin\server

VM Arguments:
jvm_args: -Dfile.encoding=UTF-8 -Dstdout.encoding=UTF-8 -Dstderr.encoding=UTF-8 -XX:+ShowCodeDetailsInExceptionMessages 
java_command: com.example.b_food_ordering.BFoodOrderingApplication
java_class_path (initial): E:\Nhom18-JavaNC\b-food-ordering\b-food-ordering\target\classes;C:\Users\DELL\.m2\repository\org\springframework\boot\spring-boot-starter-data-jpa\3.5.0\spring-boot-starter-data-jpa-3.5.0.jar;C:\Users\DELL\.m2\repository\org\springframework\boot\spring-boot-starter\3.5.0\spring-boot-starter-3.5.0.jar;C:\Users\DELL\.m2\repository\org\springframework\boot\spring-boot\3.5.0\spring-boot-3.5.0.jar;C:\Users\DELL\.m2\repository\org\springframework\boot\spring-boot-autoconfigure\3.5.0\spring-boot-autoconfigure-3.5.0.jar;C:\Users\DELL\.m2\repository\org\springframework\boot\spring-boot-starter-logging\3.5.0\spring-boot-starter-logging-3.5.0.jar;C:\Users\DELL\.m2\repository\ch\qos\logback\logback-classic\1.5.18\logback-classic-1.5.18.jar;C:\Users\DELL\.m2\repository\ch\qos\logback\logback-core\1.5.18\logback-core-1.5.18.jar;C:\Users\DELL\.m2\repository\org\apache\logging\log4j\log4j-to-slf4j\2.24.3\log4j-to-slf4j-2.24.3.jar;C:\Users\DELL\.m2\repository\org\apache\logging\log4j\log4j-api\2.24.3\log4j-api-2.24.3.jar;C:\Users\DELL\.m2\repository\org\slf4j\jul-to-slf4j\2.0.17\jul-to-slf4j-2.0.17.jar;C:\Users\DELL\.m2\repository\jakarta\annotation\jakarta.annotation-api\2.1.1\jakarta.annotation-api-2.1.1.jar;C:\Users\DELL\.m2\repository\org\yaml\snakeyaml\2.4\snakeyaml-2.4.jar;C:\Users\DELL\.m2\repository\org\springframework\boot\spring-boot-starter-jdbc\3.5.0\spring-boot-starter-jdbc-3.5.0.jar;C:\Users\DELL\.m2\repository\com\zaxxer\HikariCP\6.3.0\HikariCP-6.3.0.jar;C:\Users\DELL\.m2\repository\org\springframework\spring-jdbc\6.2.7\spring-jdbc-6.2.7.jar;C:\Users\DELL\.m2\repository\org\hibernate\orm\hibernate-core\6.6.15.Final\hibernate-core-6.6.15.Final.jar;C:\Users\DELL\.m2\repository\jakarta\persistence\jakarta.persistence-api\3.1.0\jakarta.persistence-api-3.1.0.jar;C:\Users\DELL\.m2\repository\jakarta\transaction\jakarta.transaction-api\2.0.1\jakarta.transaction-api-2.0.1.jar;C:\Users\DELL\.m2\repository\org\jboss\logging\jboss-logging\3.6.1.Final
Launcher Type: SUN_STANDARD

[Global flags]
     intx CICompilerCount                          = 4                                         {product} {ergonomic}
     uint ConcGCThreads                            = 3                                         {product} {ergonomic}
     uint G1ConcRefinementThreads                  = 10                                        {product} {ergonomic}
   size_t G1HeapRegionSize                         = 1048576                                   {product} {ergonomic}
    uintx GCDrainStackTargetSize                   = 64                                        {product} {ergonomic}
   size_t InitialHeapSize                          = 130023424                                 {product} {ergonomic}
   size_t MarkStackSize                            = 4194304                                   {product} {ergonomic}
   size_t MaxHeapSize                              = 2065694720                                {product} {ergonomic}
   size_t MaxNewSize                               = 1239416832                                {product} {ergonomic}
   size_t MinHeapDeltaBytes                        = 1048576                                   {product} {ergonomic}
   size_t MinHeapSize                              = 8388608                                   {product} {ergonomic}
    uintx NonNMethodCodeHeapSize                   = 5839372                                {pd product} {ergonomic}
    uintx NonProfiledCodeHeapSize                  = 122909434                              {pd product} {ergonomic}
    uintx ProfiledCodeHeapSize                     = 122909434                              {pd product} {ergonomic}
    uintx ReservedCodeCacheSize                    = 251658240                              {pd product} {ergonomic}
     bool SegmentedCodeCache                       = true                                      {product} {ergonomic}
     bool ShowCodeDetailsInExceptionMessages       = true                                   {manageable} {command line}
   size_t SoftMaxHeapSize                          = 2065694720                             {manageable} {ergonomic}
     bool UseCompressedClassPointers               = true                           {product lp64_product} {ergonomic}
     bool UseCompressedOops                        = true                           {product lp64_product} {ergonomic}
     bool UseG1GC                                  = true                                      {product} {ergonomic}
     bool UseLargePagesIndividualAllocation        = false                                  {pd product} {ergonomic}

Logging:
Log output configuration:
 #0: stdout all=warning uptime,level,tags
 #1: stderr all=off uptime,level,tags

Environment Variables:
JAVA_HOME=C:\Program Files\Eclipse Adoptium\jdk-17.0.12.7-hotspot\
PATH=C:/Users/DELL/.p2/pool/plugins/org.eclipse.justj.openjdk.hotspot.jre.full.win32.x86_64_21.0.6.v20250130-0529/jre/bin/server;C:/Users/DELL/.p2/pool/plugins/org.eclipse.justj.openjdk.hotspot.jre.full.win32.x86_64_21.0.6.v20250130-0529/jre/bin;C:\Program Files (x86)\VMware\VMware Workstation\bin\;C:\Program Files\Eclipse Adoptium\jdk-17.0.12.7-hotspot\bin;C:\WINDOWS\system32;C:\WINDOWS;C:\WINDOWS\System32\Wbem;C:\WINDOWS\System32\WindowsPowerShell\v1.0\;C:\WINDOWS\System32\OpenSSH\;C:\Program Files\dotnet\;C:\Program Files (x86)\Microsoft SQL Server\160\Tools\Binn\;C:\Program Files\Microsoft SQL Server\160\Tools\Binn\;C:\Program Files\Microsoft SQL Server\Client SDK\ODBC\170\Tools\Binn\;C:\Program Files\Microsoft SQL Server\160\DTS\Binn\;C:\Program Files\Git\cmd;C:\Program Files\nodejs\;C:\Users\DELL\AppData\Local\Microsoft\WindowsApps;;C:\Program Files\Azure Data Studio\bin;E:\Programs\Microsoft VS Code\bin;C:\Users\DELL\AppData\Local\Microsoft\WinGet\Packages\Schniz.fnm_Microsoft.Winget.Source_8wekyb3d8bbwe;C:\Users\DELL\AppData\Roaming\npm;C:\WINDOWS\System32;
USERNAME=DELL
OS=Windows_NT
PROCESSOR_IDENTIFIER=Intel64 Family 6 Model 154 Stepping 4, GenuineIntel
TMP=C:\Users\DELL\AppData\Local\Temp
TEMP=C:\Users\DELL\AppData\Local\Temp



Periodic native trim disabled


---------------  S Y S T E M  ---------------

OS:
 Windows 11 , 64 bit Build 26100 (10.0.26100.4484)
OS uptime: 3 days 5:43 hours

CPU: total 12 (initial active 12) (12 cores per cpu, 1 threads per core) family 6 model 154 stepping 4 microcode 0x435, cx8, cmov, fxsr, mmx, 3dnowpref, sse, sse2, sse3, ssse3, sse4.1, sse4.2, popcnt, lzcnt, tsc, tscinvbit, avx, avx2, aes, erms, clmul, bmi1, bmi2, adx, sha, fma, vzeroupper, clflush, clflushopt, clwb
Processor Information for all 12 processors :
  Max Mhz: 1300, Current Mhz: 1300, Mhz Limit: 1300

Memory: 4k page, system-wide physical 7876M (475M free)
TotalPageFile size 16068M (AvailPageFile size 4M)
current process WorkingSet (physical memory assigned to process): 164M, peak: 295M
current process commit charge ("private bytes"): 308M, peak: 327M

vm_info: OpenJDK 64-Bit Server VM (17.0.11+9) for windows-amd64 JRE (17.0.11+9), built on Apr 17 2024 06:07:48 by "admin" with MS VC++ 16.10 / 16.11 (VS2019)

END.
