#
# There is insufficient memory for the Java Runtime Environment to continue.
# Native memory allocation (malloc) failed to allocate 1082096 bytes. Error detail: Chunk::new
# Possible reasons:
#   The system is out of physical RAM or swap space
#   This process is running with CompressedOops enabled, and the Java Heap may be blocking the growth of the native heap
# Possible solutions:
#   Reduce memory load on the system
#   Increase physical memory or swap space
#   Check if swap backing store is full
#   Decrease Java heap size (-Xmx/-Xms)
#   Decrease number of Java threads
#   Decrease Java thread stack sizes (-Xss)
#   Set larger code cache with -XX:ReservedCodeCacheSize=
#   JVM is running with Unscaled Compressed Oops mode in which the Java heap is
#     placed in the first 4GB address space. The Java Heap base address is the
#     maximum limit for the native heap growth. Please use -XX:HeapBaseMinAddress
#     to set the Java Heap base and to place the Java Heap above 4GB virtual address.
# This output file may be truncated or incomplete.
#
#  Out of Memory Error (arena.cpp:191), pid=4908, tid=19124
#
# JRE version: OpenJDK Runtime Environment Temurin-17.0.11+9 (17.0.11+9) (build 17.0.11+9)
# Java VM: OpenJDK 64-Bit Server VM Temurin-17.0.11+9 (17.0.11+9, mixed mode, tiered, compressed oops, compressed class ptrs, g1 gc, windows-amd64)
# No core dump will be written. Minidumps are not enabled by default on client versions of Windows
#

---------------  S U M M A R Y ------------

Command Line: -Dfile.encoding=UTF-8 -Dstdout.encoding=UTF-8 -Dstderr.encoding=UTF-8 -XX:+ShowCodeDetailsInExceptionMessages com.example.b_food_ordering.BFoodOrderingApplication

Host: 12th Gen Intel(R) Core(TM) i5-1235U, 12 cores, 7G,  Windows 11 , 64 bit Build 26100 (10.0.26100.4484)
Time: Thu Jul 24 00:15:36 2025 SE Asia Standard Time elapsed time: 516.114327 seconds (0d 0h 8m 36s)

---------------  T H R E A D  ---------------

Current thread (0x0000028aa387b940):  JavaThread "C2 CompilerThread0" daemon [_thread_in_native, id=19124, stack(0x000000c027800000,0x000000c027900000)]


Current CompileTask:
C2: 516114 9658 %     4       com.mysql.cj.QueryInfo::<init> @ 638 (2259 bytes)

Stack: [0x000000c027800000,0x000000c027900000]
Native frames: (J=compiled Java code, j=interpreted, Vv=VM code, C=native code)
V  [jvm.dll+0x67d429]
V  [jvm.dll+0x834b7a]
V  [jvm.dll+0x83663e]
V  [jvm.dll+0x836ca3]
V  [jvm.dll+0x247dbf]
V  [jvm.dll+0xac534]
V  [jvm.dll+0xacb7c]
V  [jvm.dll+0x3665f2]
V  [jvm.dll+0x330bba]
V  [jvm.dll+0x33005a]
V  [jvm.dll+0x21a471]
V  [jvm.dll+0x2198b1]
V  [jvm.dll+0x1a534d]
V  [jvm.dll+0x2295cd]
V  [jvm.dll+0x22779c]
V  [jvm.dll+0x7e9d07]
V  [jvm.dll+0x7e410a]
V  [jvm.dll+0x67c315]
C  [ucrtbase.dll+0x37b0]
C  [KERNEL32.DLL+0x2e8d7]
C  [ntdll.dll+0x3c34c]


---------------  P R O C E S S  ---------------

Threads class SMR info:
_java_thread_list=0x0000028aa96178e0, length=29, elements={
0x0000028aa2f7e710, 0x0000028aa3833450, 0x0000028aa386bb00, 0x0000028aa386c3d0,
0x0000028aa386cd90, 0x0000028aa386d750, 0x0000028aa387b940, 0x0000028aa387c560,
0x0000028aa3881380, 0x0000028aa3a146f0, 0x0000028aa3a34990, 0x0000028aa97c0940,
0x0000028aa97bdbb0, 0x0000028aa97bfa10, 0x0000028aa97c0430, 0x0000028aa97be5d0,
0x0000028aacc03370, 0x0000028aacc02e60, 0x0000028aacc03880, 0x0000028aacc01a20,
0x0000028aacc000d0, 0x0000028aacc03d90, 0x0000028aacc01f30, 0x0000028aacc01000,
0x0000028aacc005e0, 0x0000028aacc01510, 0x0000028aacc042a0, 0x0000028aacc00af0,
0x0000028aacc05bf0
}

Java Threads: ( => current thread )
  0x0000028aa2f7e710 JavaThread "Reference Handler" daemon [_thread_blocked, id=9640, stack(0x000000c027200000,0x000000c027300000)]
  0x0000028aa3833450 JavaThread "Finalizer" daemon [_thread_blocked, id=1932, stack(0x000000c027300000,0x000000c027400000)]
  0x0000028aa386bb00 JavaThread "Signal Dispatcher" daemon [_thread_blocked, id=21232, stack(0x000000c027400000,0x000000c027500000)]
  0x0000028aa386c3d0 JavaThread "Attach Listener" daemon [_thread_blocked, id=15888, stack(0x000000c027500000,0x000000c027600000)]
  0x0000028aa386cd90 JavaThread "Service Thread" daemon [_thread_blocked, id=20312, stack(0x000000c027600000,0x000000c027700000)]
  0x0000028aa386d750 JavaThread "Monitor Deflation Thread" daemon [_thread_blocked, id=16880, stack(0x000000c027700000,0x000000c027800000)]
=>0x0000028aa387b940 JavaThread "C2 CompilerThread0" daemon [_thread_in_native, id=19124, stack(0x000000c027800000,0x000000c027900000)]
  0x0000028aa387c560 JavaThread "C1 CompilerThread0" daemon [_thread_blocked, id=9968, stack(0x000000c027900000,0x000000c027a00000)]
  0x0000028aa3881380 JavaThread "Sweeper thread" daemon [_thread_blocked, id=2728, stack(0x000000c027a00000,0x000000c027b00000)]
  0x0000028aa3a146f0 JavaThread "Notification Thread" daemon [_thread_blocked, id=8488, stack(0x000000c027b00000,0x000000c027c00000)]
  0x0000028aa3a34990 JavaThread "Common-Cleaner" daemon [_thread_blocked, id=20412, stack(0x000000c027d00000,0x000000c027e00000)]
  0x0000028aa97c0940 JavaThread "mysql-cj-abandoned-connection-cleanup" daemon [_thread_blocked, id=20140, stack(0x000000c028400000,0x000000c028500000)]
  0x0000028aa97bdbb0 JavaThread "HikariPool-1:housekeeper" daemon [_thread_blocked, id=1728, stack(0x000000c028d00000,0x000000c028e00000)]
  0x0000028aa97bfa10 JavaThread "Catalina-utility-1" [_thread_blocked, id=16844, stack(0x000000c028f00000,0x000000c029000000)]
  0x0000028aa97c0430 JavaThread "Catalina-utility-2" [_thread_blocked, id=21000, stack(0x000000c029000000,0x000000c029100000)]
  0x0000028aa97be5d0 JavaThread "container-0" [_thread_blocked, id=6996, stack(0x000000c029100000,0x000000c029200000)]
  0x0000028aacc03370 JavaThread "http-nio-8080-exec-1" daemon [_thread_blocked, id=21216, stack(0x000000c029200000,0x000000c029300000)]
  0x0000028aacc02e60 JavaThread "http-nio-8080-exec-2" daemon [_thread_blocked, id=21760, stack(0x000000c029300000,0x000000c029400000)]
  0x0000028aacc03880 JavaThread "http-nio-8080-exec-3" daemon [_thread_blocked, id=4604, stack(0x000000c029400000,0x000000c029500000)]
  0x0000028aacc01a20 JavaThread "http-nio-8080-exec-4" daemon [_thread_blocked, id=12224, stack(0x000000c029500000,0x000000c029600000)]
  0x0000028aacc000d0 JavaThread "http-nio-8080-exec-5" daemon [_thread_blocked, id=21084, stack(0x000000c029600000,0x000000c029700000)]
  0x0000028aacc03d90 JavaThread "http-nio-8080-exec-6" daemon [_thread_blocked, id=15880, stack(0x000000c029700000,0x000000c029800000)]
  0x0000028aacc01f30 JavaThread "http-nio-8080-exec-7" daemon [_thread_blocked, id=9272, stack(0x000000c029800000,0x000000c029900000)]
  0x0000028aacc01000 JavaThread "http-nio-8080-exec-8" daemon [_thread_blocked, id=20000, stack(0x000000c029900000,0x000000c029a00000)]
  0x0000028aacc005e0 JavaThread "http-nio-8080-exec-9" daemon [_thread_blocked, id=19732, stack(0x000000c029a00000,0x000000c029b00000)]
  0x0000028aacc01510 JavaThread "http-nio-8080-exec-10" daemon [_thread_blocked, id=2672, stack(0x000000c029b00000,0x000000c029c00000)]
  0x0000028aacc042a0 JavaThread "http-nio-8080-Poller" daemon [_thread_in_native, id=10136, stack(0x000000c029c00000,0x000000c029d00000)]
  0x0000028aacc00af0 JavaThread "http-nio-8080-Acceptor" daemon [_thread_in_native, id=4500, stack(0x000000c029d00000,0x000000c029e00000)]
  0x0000028aacc05bf0 JavaThread "DestroyJavaVM" [_thread_blocked, id=2852, stack(0x000000c026b00000,0x000000c026c00000)]

Other Threads:
  0x0000028aa2f7e0f0 VMThread "VM Thread" [stack: 0x000000c027100000,0x000000c027200000] [id=21124]
  0x0000028aa2f36670 WatcherThread [stack: 0x000000c027c00000,0x000000c027d00000] [id=8572]
  0x0000028a896635c0 GCTaskThread "GC Thread#0" [stack: 0x000000c026c00000,0x000000c026d00000] [id=16144]
  0x0000028aa8c8c8b0 GCTaskThread "GC Thread#1" [stack: 0x000000c027f00000,0x000000c028000000] [id=15576]
  0x0000028aa8c8dbf0 GCTaskThread "GC Thread#2" [stack: 0x000000c028000000,0x000000c028100000] [id=21828]
  0x0000028aa8c8cb70 GCTaskThread "GC Thread#3" [stack: 0x000000c028100000,0x000000c028200000] [id=18384]
  0x0000028aa8c8c5f0 GCTaskThread "GC Thread#4" [stack: 0x000000c028200000,0x000000c028300000] [id=1068]
  0x0000028aa8c8d0f0 GCTaskThread "GC Thread#5" [stack: 0x000000c028500000,0x000000c028600000] [id=1500]
  0x0000028aa8c8d3b0 GCTaskThread "GC Thread#6" [stack: 0x000000c028600000,0x000000c028700000] [id=5344]
  0x0000028aa8c8d670 GCTaskThread "GC Thread#7" [stack: 0x000000c028700000,0x000000c028800000] [id=3652]
  0x0000028aa8c8d930 GCTaskThread "GC Thread#8" [stack: 0x000000c028800000,0x000000c028900000] [id=2188]
  0x0000028aa8c8c070 GCTaskThread "GC Thread#9" [stack: 0x000000c028900000,0x000000c028a00000] [id=7796]
  0x0000028a89673b50 ConcurrentGCThread "G1 Main Marker" [stack: 0x000000c026d00000,0x000000c026e00000] [id=14028]
  0x0000028a89674570 ConcurrentGCThread "G1 Conc#0" [stack: 0x000000c026e00000,0x000000c026f00000] [id=22044]
  0x0000028aaa03df70 ConcurrentGCThread "G1 Conc#1" [stack: 0x000000c028a00000,0x000000c028b00000] [id=3420]
  0x0000028aaa040330 ConcurrentGCThread "G1 Conc#2" [stack: 0x000000c028b00000,0x000000c028c00000] [id=16548]
  0x0000028aa2df5ff0 ConcurrentGCThread "G1 Refine#0" [stack: 0x000000c026f00000,0x000000c027000000] [id=14164]
  0x0000028aa2df68c0 ConcurrentGCThread "G1 Service" [stack: 0x000000c027000000,0x000000c027100000] [id=22404]

Threads with active compile tasks:
C2 CompilerThread0   516166 9658 %     4       com.mysql.cj.QueryInfo::<init> @ 638 (2259 bytes)

VM state: not at safepoint (normal execution)

VM Mutex/Monitor currently owned by a thread: None

Heap address: 0x0000000084e00000, size: 1970 MB, Compressed Oops mode: 32-bit

CDS archive(s) not mapped
Compressed class space mapped at: 0x0000000100000000-0x0000000140000000, reserved size: 1073741824
Narrow klass base: 0x0000000000000000, Narrow klass shift: 3, Narrow klass range: 0x140000000

GC Precious Log:
 CPUs: 12 total, 12 available
 Memory: 7876M
 Large Page Support: Disabled
 NUMA Support: Disabled
 Compressed Oops: Enabled (32-bit)
 Heap Region Size: 1M
 Heap Min Capacity: 8M
 Heap Initial Capacity: 124M
 Heap Max Capacity: 1970M
 Pre-touch: Disabled
 Parallel Workers: 10
 Concurrent Workers: 3
 Concurrent Refinement Workers: 10
 Periodic GC: Disabled

Heap:
 garbage-first heap   total 72704K, used 53026K [0x0000000084e00000, 0x0000000100000000)
  region size 1024K, 19 young (19456K), 2 survivors (2048K)
 Metaspace       used 90898K, committed 91584K, reserved 1179648K
  class space    used 11802K, committed 12160K, reserved 1048576K

Heap Regions: E=young(eden), S=young(survivor), O=old, HS=humongous(starts), HC=humongous(continues), CS=collection set, F=free, OA=open archive, CA=closed archive, TAMS=top-at-mark-start (previous, next)
|   0|0x0000000084e00000, 0x0000000084f00000, 0x0000000084f00000|100%|HS|  |TAMS 0x0000000084f00000, 0x0000000084e00000| Complete 
|   1|0x0000000084f00000, 0x0000000085000000, 0x0000000085000000|100%|HS|  |TAMS 0x0000000085000000, 0x0000000084f00000| Complete 
|   2|0x0000000085000000, 0x0000000085100000, 0x0000000085100000|100%| O|  |TAMS 0x0000000085100000, 0x0000000085000000| Untracked 
|   3|0x0000000085100000, 0x0000000085200000, 0x0000000085200000|100%| O|  |TAMS 0x0000000085200000, 0x0000000085100000| Untracked 
|   4|0x0000000085200000, 0x0000000085300000, 0x0000000085300000|100%| O|  |TAMS 0x0000000085300000, 0x0000000085200000| Untracked 
|   5|0x0000000085300000, 0x0000000085400000, 0x0000000085400000|100%| O|  |TAMS 0x0000000085400000, 0x0000000085300000| Untracked 
|   6|0x0000000085400000, 0x0000000085500000, 0x0000000085500000|100%| O|  |TAMS 0x0000000085500000, 0x0000000085400000| Untracked 
|   7|0x0000000085500000, 0x00000000855ecc00, 0x0000000085600000| 92%| O|  |TAMS 0x00000000855ecc00, 0x0000000085500000| Untracked 
|   8|0x0000000085600000, 0x0000000085700000, 0x0000000085700000|100%| O|  |TAMS 0x0000000085700000, 0x0000000085600000| Untracked 
|   9|0x0000000085700000, 0x0000000085800000, 0x0000000085800000|100%| O|  |TAMS 0x0000000085800000, 0x0000000085700000| Untracked 
|  10|0x0000000085800000, 0x0000000085900000, 0x0000000085900000|100%| O|  |TAMS 0x0000000085900000, 0x0000000085800000| Untracked 
|  11|0x0000000085900000, 0x0000000085a00000, 0x0000000085a00000|100%| O|  |TAMS 0x0000000085a00000, 0x0000000085900000| Untracked 
|  12|0x0000000085a00000, 0x0000000085b00000, 0x0000000085b00000|100%| O|  |TAMS 0x0000000085b00000, 0x0000000085a00000| Untracked 
|  13|0x0000000085b00000, 0x0000000085c00000, 0x0000000085c00000|100%| O|  |TAMS 0x0000000085c00000, 0x0000000085b00000| Complete 
|  14|0x0000000085c00000, 0x0000000085d00000, 0x0000000085d00000|100%| O|  |TAMS 0x0000000085d00000, 0x0000000085c00000| Untracked 
|  15|0x0000000085d00000, 0x0000000085e00000, 0x0000000085e00000|100%| O|  |TAMS 0x0000000085e00000, 0x0000000085d00000| Untracked 
|  16|0x0000000085e00000, 0x0000000085f00000, 0x0000000085f00000|100%| O|  |TAMS 0x0000000085f00000, 0x0000000085e00000| Untracked 
|  17|0x0000000085f00000, 0x0000000086000000, 0x0000000086000000|100%| O|  |TAMS 0x0000000086000000, 0x0000000085f00000| Untracked 
|  18|0x0000000086000000, 0x0000000086100000, 0x0000000086100000|100%| O|  |TAMS 0x0000000086100000, 0x0000000086000000| Untracked 
|  19|0x0000000086100000, 0x0000000086200000, 0x0000000086200000|100%| O|  |TAMS 0x0000000086200000, 0x0000000086100000| Untracked 
|  20|0x0000000086200000, 0x0000000086300000, 0x0000000086300000|100%| O|  |TAMS 0x0000000086300000, 0x0000000086200000| Untracked 
|  21|0x0000000086300000, 0x0000000086400000, 0x0000000086400000|100%| O|  |TAMS 0x0000000086400000, 0x0000000086300000| Untracked 
|  22|0x0000000086400000, 0x0000000086500000, 0x0000000086500000|100%| O|  |TAMS 0x0000000086500000, 0x0000000086400000| Untracked 
|  23|0x0000000086500000, 0x0000000086600000, 0x0000000086600000|100%| O|  |TAMS 0x0000000086600000, 0x0000000086500000| Untracked 
|  24|0x0000000086600000, 0x0000000086700000, 0x0000000086700000|100%| O|  |TAMS 0x0000000086700000, 0x0000000086600000| Untracked 
|  25|0x0000000086700000, 0x0000000086800000, 0x0000000086800000|100%| O|  |TAMS 0x0000000086800000, 0x0000000086700000| Untracked 
|  26|0x0000000086800000, 0x0000000086900000, 0x0000000086900000|100%| O|  |TAMS 0x0000000086900000, 0x0000000086800000| Untracked 
|  27|0x0000000086900000, 0x0000000086a00000, 0x0000000086a00000|100%| O|  |TAMS 0x0000000086a00000, 0x0000000086900000| Untracked 
|  28|0x0000000086a00000, 0x0000000086b00000, 0x0000000086b00000|100%| O|  |TAMS 0x0000000086b00000, 0x0000000086a00000| Untracked 
|  29|0x0000000086b00000, 0x0000000086c00000, 0x0000000086c00000|100%| O|  |TAMS 0x0000000086c00000, 0x0000000086b00000| Untracked 
|  30|0x0000000086c00000, 0x0000000086d00000, 0x0000000086d00000|100%| O|  |TAMS 0x0000000086d00000, 0x0000000086c00000| Untracked 
|  31|0x0000000086d00000, 0x0000000086e00000, 0x0000000086e00000|100%| O|  |TAMS 0x0000000086e00000, 0x0000000086d00000| Untracked 
|  32|0x0000000086e00000, 0x0000000086f00000, 0x0000000086f00000|100%| O|  |TAMS 0x0000000086f00000, 0x0000000086e00000| Untracked 
|  33|0x0000000086f00000, 0x0000000087000000, 0x0000000087000000|100%| O|  |TAMS 0x0000000086f87a00, 0x0000000086f00000| Untracked 
|  34|0x0000000087000000, 0x0000000087100000, 0x0000000087100000|100%| O|  |TAMS 0x0000000087000000, 0x0000000087000000| Untracked 
|  35|0x0000000087100000, 0x000000008714e400, 0x0000000087200000| 30%| O|  |TAMS 0x0000000087100000, 0x0000000087100000| Untracked 
|  36|0x0000000087200000, 0x0000000087200000, 0x0000000087300000|  0%| F|  |TAMS 0x0000000087200000, 0x0000000087200000| Untracked 
|  37|0x0000000087300000, 0x0000000087300000, 0x0000000087400000|  0%| F|  |TAMS 0x0000000087300000, 0x0000000087300000| Untracked 
|  38|0x0000000087400000, 0x0000000087400000, 0x0000000087500000|  0%| F|  |TAMS 0x0000000087400000, 0x0000000087400000| Untracked 
|  39|0x0000000087500000, 0x0000000087500000, 0x0000000087600000|  0%| F|  |TAMS 0x0000000087500000, 0x0000000087500000| Untracked 
|  40|0x0000000087600000, 0x0000000087600000, 0x0000000087700000|  0%| F|  |TAMS 0x0000000087600000, 0x0000000087600000| Untracked 
|  41|0x0000000087700000, 0x0000000087700000, 0x0000000087800000|  0%| F|  |TAMS 0x0000000087700000, 0x0000000087700000| Untracked 
|  42|0x0000000087800000, 0x0000000087800000, 0x0000000087900000|  0%| F|  |TAMS 0x0000000087800000, 0x0000000087800000| Untracked 
|  43|0x0000000087900000, 0x0000000087900000, 0x0000000087a00000|  0%| F|  |TAMS 0x0000000087900000, 0x0000000087900000| Untracked 
|  44|0x0000000087a00000, 0x0000000087a00000, 0x0000000087b00000|  0%| F|  |TAMS 0x0000000087a00000, 0x0000000087a00000| Untracked 
|  45|0x0000000087b00000, 0x0000000087b8dac0, 0x0000000087c00000| 55%| S|CS|TAMS 0x0000000087b00000, 0x0000000087b00000| Complete 
|  46|0x0000000087c00000, 0x0000000087c00000, 0x0000000087d00000|  0%| F|  |TAMS 0x0000000087c00000, 0x0000000087c00000| Untracked 
|  47|0x0000000087d00000, 0x0000000087d00000, 0x0000000087e00000|  0%| F|  |TAMS 0x0000000087d00000, 0x0000000087d00000| Untracked 
|  48|0x0000000087e00000, 0x0000000087f00000, 0x0000000087f00000|100%| S|CS|TAMS 0x0000000087e00000, 0x0000000087e00000| Complete 
|  49|0x0000000087f00000, 0x0000000087f00000, 0x0000000088000000|  0%| F|  |TAMS 0x0000000087f00000, 0x0000000087f00000| Untracked 
|  50|0x0000000088000000, 0x0000000088000000, 0x0000000088100000|  0%| F|  |TAMS 0x0000000088000000, 0x0000000088000000| Untracked 
|  51|0x0000000088100000, 0x0000000088100000, 0x0000000088200000|  0%| F|  |TAMS 0x0000000088100000, 0x0000000088100000| Untracked 
|  52|0x0000000088200000, 0x0000000088200000, 0x0000000088300000|  0%| F|  |TAMS 0x0000000088200000, 0x0000000088200000| Untracked 
|  53|0x0000000088300000, 0x0000000088300000, 0x0000000088400000|  0%| F|  |TAMS 0x0000000088300000, 0x0000000088300000| Untracked 
|  54|0x0000000088400000, 0x0000000088449048, 0x0000000088500000| 28%| E|  |TAMS 0x0000000088400000, 0x0000000088400000| Complete 
|  55|0x0000000088500000, 0x0000000088600000, 0x0000000088600000|100%| E|CS|TAMS 0x0000000088500000, 0x0000000088500000| Complete 
|  56|0x0000000088600000, 0x0000000088700000, 0x0000000088700000|100%| E|CS|TAMS 0x0000000088600000, 0x0000000088600000| Complete 
|  57|0x0000000088700000, 0x0000000088800000, 0x0000000088800000|100%| E|CS|TAMS 0x0000000088700000, 0x0000000088700000| Complete 
|  58|0x0000000088800000, 0x0000000088900000, 0x0000000088900000|100%| E|CS|TAMS 0x0000000088800000, 0x0000000088800000| Complete 
|  59|0x0000000088900000, 0x0000000088a00000, 0x0000000088a00000|100%| E|CS|TAMS 0x0000000088900000, 0x0000000088900000| Complete 
|  60|0x0000000088a00000, 0x0000000088b00000, 0x0000000088b00000|100%| E|  |TAMS 0x0000000088a00000, 0x0000000088a00000| Complete 
|  61|0x0000000088b00000, 0x0000000088c00000, 0x0000000088c00000|100%| E|CS|TAMS 0x0000000088b00000, 0x0000000088b00000| Complete 
|  62|0x0000000088c00000, 0x0000000088d00000, 0x0000000088d00000|100%| E|CS|TAMS 0x0000000088c00000, 0x0000000088c00000| Complete 
|  63|0x0000000088d00000, 0x0000000088e00000, 0x0000000088e00000|100%| E|CS|TAMS 0x0000000088d00000, 0x0000000088d00000| Complete 
|  64|0x0000000088e00000, 0x0000000088f00000, 0x0000000088f00000|100%| E|CS|TAMS 0x0000000088e00000, 0x0000000088e00000| Complete 
|  65|0x0000000088f00000, 0x0000000089000000, 0x0000000089000000|100%| E|CS|TAMS 0x0000000088f00000, 0x0000000088f00000| Complete 
|  66|0x0000000089000000, 0x0000000089100000, 0x0000000089100000|100%| E|CS|TAMS 0x0000000089000000, 0x0000000089000000| Complete 
| 118|0x000000008c400000, 0x000000008c500000, 0x000000008c500000|100%| E|CS|TAMS 0x000000008c400000, 0x000000008c400000| Complete 
| 119|0x000000008c500000, 0x000000008c600000, 0x000000008c600000|100%| E|CS|TAMS 0x000000008c500000, 0x000000008c500000| Complete 
| 120|0x000000008c600000, 0x000000008c700000, 0x000000008c700000|100%| E|CS|TAMS 0x000000008c600000, 0x000000008c600000| Complete 
| 123|0x000000008c900000, 0x000000008ca00000, 0x000000008ca00000|100%| E|CS|TAMS 0x000000008c900000, 0x000000008c900000| Complete 

Card table byte_map: [0x0000028a9c600000,0x0000028a9c9e0000] _byte_map_base: 0x0000028a9c1d9000

Marking Bits (Prev, Next): (CMBitMap*) 0x0000028a89663be0, (CMBitMap*) 0x0000028a89663c20
 Prev Bits: [0x0000028a9cdc0000, 0x0000028a9ec88000)
 Next Bits: [0x0000028a9ec90000, 0x0000028aa0b58000)

Polling page: 0x0000028a87780000

Metaspace:

Usage:
  Non-class:     77.24 MB used.
      Class:     11.53 MB used.
       Both:     88.77 MB used.

Virtual space:
  Non-class space:      128.00 MB reserved,      77.56 MB ( 61%) committed,  2 nodes.
      Class space:        1.00 GB reserved,      11.88 MB (  1%) committed,  1 nodes.
             Both:        1.12 GB reserved,      89.44 MB (  8%) committed. 

Chunk freelists:
   Non-Class:  1.94 MB
       Class:  4.11 MB
        Both:  6.05 MB

MaxMetaspaceSize: unlimited
CompressedClassSpaceSize: 1.00 GB
Initial GC threshold: 21.00 MB
Current GC threshold: 148.12 MB
CDS: off
MetaspaceReclaimPolicy: balanced
 - commit_granule_bytes: 65536.
 - commit_granule_words: 8192.
 - virtual_space_node_default_size: 8388608.
 - enlarge_chunks_in_place: 1.
 - new_chunks_are_fully_committed: 0.
 - uncommit_free_chunks: 1.
 - use_allocation_guard: 0.
 - handle_deallocations: 1.


Internal statistics:

num_allocs_failed_limit: 11.
num_arena_births: 1042.
num_arena_deaths: 0.
num_vsnodes_births: 3.
num_vsnodes_deaths: 0.
num_space_committed: 1431.
num_space_uncommitted: 0.
num_chunks_returned_to_freelist: 11.
num_chunks_taken_from_freelist: 4020.
num_chunk_merges: 8.
num_chunk_splits: 2879.
num_chunks_enlarged: 2210.
num_inconsistent_stats: 0.

CodeHeap 'non-profiled nmethods': size=120000Kb used=5792Kb max_used=5792Kb free=114208Kb
 bounds [0x0000028a947a0000, 0x0000028a94d50000, 0x0000028a9bcd0000]
CodeHeap 'profiled nmethods': size=120000Kb used=17501Kb max_used=17501Kb free=102498Kb
 bounds [0x0000028a8ccd0000, 0x0000028a8ddf0000, 0x0000028a94200000]
CodeHeap 'non-nmethods': size=5760Kb used=1394Kb max_used=1467Kb free=4365Kb
 bounds [0x0000028a94200000, 0x0000028a94470000, 0x0000028a947a0000]
 total_blobs=9576 nmethods=8844 adapters=643
 compilation: enabled
              stopped_count=0, restarted_count=0
 full_count=0

Compilation events (20 events):
Event: 515.050 Thread 0x0000028aa387c560 9654       3       sun.nio.cs.StreamEncoder::ensureOpen (18 bytes)
Event: 515.050 Thread 0x0000028aa387c560 nmethod 9654 0x0000028a8dde0f10 code [0x0000028a8dde10c0, 0x0000028a8dde12c8]
Event: 515.050 Thread 0x0000028aa387c560 9655       3       sun.nio.cs.StreamEncoder::implWrite (15 bytes)
Event: 515.050 Thread 0x0000028aa387c560 nmethod 9655 0x0000028a8dde1390 code [0x0000028a8dde1540, 0x0000028a8dde16b8]
Event: 515.050 Thread 0x0000028aa387c560 9656       3       sun.nio.cs.StreamEncoder::implWrite (137 bytes)
Event: 515.051 Thread 0x0000028aa387c560 nmethod 9656 0x0000028a8dde1790 code [0x0000028a8dde1a00, 0x0000028a8dde2428]
Event: 515.051 Thread 0x0000028aa387c560 9657       3       java.io.OutputStreamWriter::flushBuffer (8 bytes)
Event: 515.051 Thread 0x0000028aa387c560 nmethod 9657 0x0000028a8dde2810 code [0x0000028a8dde29c0, 0x0000028a8dde2b08]
Event: 515.051 Thread 0x0000028aa387c560 9651       3       org.hibernate.sql.ast.tree.select.QuerySpec::getFirstQuerySpec (2 bytes)
Event: 515.051 Thread 0x0000028aa387c560 nmethod 9651 0x0000028a8dde2c10 code [0x0000028a8dde2da0, 0x0000028a8dde2eb8]
Event: 515.054 Thread 0x0000028aa387c560 9659       3       org.apache.tomcat.util.net.SocketWrapperBase::transfer (46 bytes)
Event: 515.055 Thread 0x0000028aa387c560 nmethod 9659 0x0000028a8dde2f90 code [0x0000028a8dde3180, 0x0000028a8dde3768]
Event: 515.055 Thread 0x0000028aa387c560 9660   !   3       org.apache.catalina.connector.OutputBuffer::doFlush (117 bytes)
Event: 515.057 Thread 0x0000028aa387c560 nmethod 9660 0x0000028a8dde3910 code [0x0000028a8dde3c80, 0x0000028a8dde5358]
Event: 515.057 Thread 0x0000028aa387c560 9663       3       org.apache.tomcat.util.net.SocketBufferHandler::setWriteBufferConfiguredForWrite (84 bytes)
Event: 515.057 Thread 0x0000028aa387c560 nmethod 9663 0x0000028a8dde5d10 code [0x0000028a8dde5f20, 0x0000028a8dde65e8]
Event: 515.057 Thread 0x0000028aa387c560 9661       3       org.apache.tomcat.util.net.SocketWrapperBase::write (30 bytes)
Event: 515.057 Thread 0x0000028aa387c560 nmethod 9661 0x0000028a8dde6810 code [0x0000028a8dde69e0, 0x0000028a8dde6e18]
Event: 515.057 Thread 0x0000028aa387c560 9662       3       org.apache.tomcat.util.net.SocketWrapperBase::flush (20 bytes)
Event: 515.058 Thread 0x0000028aa387c560 nmethod 9662 0x0000028a8dde6f90 code [0x0000028a8dde7140, 0x0000028a8dde7398]

GC Heap History (20 events):
Event: 4.126 GC heap before
{Heap before GC invocations=12 (full 0):
 garbage-first heap   total 49152K, used 37166K [0x0000000084e00000, 0x0000000100000000)
  region size 1024K, 17 young (17408K), 2 survivors (2048K)
 Metaspace       used 47604K, committed 48064K, reserved 1114112K
  class space    used 6044K, committed 6272K, reserved 1048576K
}
Event: 4.130 GC heap after
{Heap after GC invocations=13 (full 0):
 garbage-first heap   total 60416K, used 22485K [0x0000000084e00000, 0x0000000100000000)
  region size 1024K, 2 young (2048K), 2 survivors (2048K)
 Metaspace       used 47604K, committed 48064K, reserved 1114112K
  class space    used 6044K, committed 6272K, reserved 1048576K
}
Event: 4.682 GC heap before
{Heap before GC invocations=13 (full 0):
 garbage-first heap   total 60416K, used 45013K [0x0000000084e00000, 0x0000000100000000)
  region size 1024K, 25 young (25600K), 2 survivors (2048K)
 Metaspace       used 57483K, committed 57920K, reserved 1114112K
  class space    used 7259K, committed 7488K, reserved 1048576K
}
Event: 4.689 GC heap after
{Heap after GC invocations=14 (full 0):
 garbage-first heap   total 60416K, used 24863K [0x0000000084e00000, 0x0000000100000000)
  region size 1024K, 4 young (4096K), 4 survivors (4096K)
 Metaspace       used 57483K, committed 57920K, reserved 1114112K
  class space    used 7259K, committed 7488K, reserved 1048576K
}
Event: 4.970 GC heap before
{Heap before GC invocations=14 (full 0):
 garbage-first heap   total 60416K, used 37151K [0x0000000084e00000, 0x0000000100000000)
  region size 1024K, 17 young (17408K), 4 survivors (4096K)
 Metaspace       used 60033K, committed 60480K, reserved 1114112K
  class space    used 7563K, committed 7808K, reserved 1048576K
}
Event: 4.979 GC heap after
{Heap after GC invocations=15 (full 0):
 garbage-first heap   total 60416K, used 26243K [0x0000000084e00000, 0x0000000100000000)
  region size 1024K, 2 young (2048K), 2 survivors (2048K)
 Metaspace       used 60033K, committed 60480K, reserved 1114112K
  class space    used 7563K, committed 7808K, reserved 1048576K
}
Event: 5.306 GC heap before
{Heap before GC invocations=16 (full 0):
 garbage-first heap   total 60416K, used 45699K [0x0000000084e00000, 0x0000000100000000)
  region size 1024K, 22 young (22528K), 2 survivors (2048K)
 Metaspace       used 65334K, committed 65728K, reserved 1114112K
  class space    used 8314K, committed 8512K, reserved 1048576K
}
Event: 5.310 GC heap after
{Heap after GC invocations=17 (full 0):
 garbage-first heap   total 60416K, used 26860K [0x0000000084e00000, 0x0000000100000000)
  region size 1024K, 2 young (2048K), 2 survivors (2048K)
 Metaspace       used 65334K, committed 65728K, reserved 1114112K
  class space    used 8314K, committed 8512K, reserved 1048576K
}
Event: 5.559 GC heap before
{Heap before GC invocations=17 (full 0):
 garbage-first heap   total 60416K, used 48364K [0x0000000084e00000, 0x0000000100000000)
  region size 1024K, 23 young (23552K), 2 survivors (2048K)
 Metaspace       used 68186K, committed 68672K, reserved 1114112K
  class space    used 8811K, committed 9024K, reserved 1048576K
}
Event: 5.562 GC heap after
{Heap after GC invocations=18 (full 0):
 garbage-first heap   total 72704K, used 27431K [0x0000000084e00000, 0x0000000100000000)
  region size 1024K, 2 young (2048K), 2 survivors (2048K)
 Metaspace       used 68186K, committed 68672K, reserved 1114112K
  class space    used 8811K, committed 9024K, reserved 1048576K
}
Event: 6.202 GC heap before
{Heap before GC invocations=18 (full 0):
 garbage-first heap   total 72704K, used 57127K [0x0000000084e00000, 0x0000000100000000)
  region size 1024K, 31 young (31744K), 2 survivors (2048K)
 Metaspace       used 74909K, committed 75392K, reserved 1179648K
  class space    used 9741K, committed 9984K, reserved 1048576K
}
Event: 6.210 GC heap after
{Heap after GC invocations=19 (full 0):
 garbage-first heap   total 72704K, used 29417K [0x0000000084e00000, 0x0000000100000000)
  region size 1024K, 4 young (4096K), 4 survivors (4096K)
 Metaspace       used 74909K, committed 75392K, reserved 1179648K
  class space    used 9741K, committed 9984K, reserved 1048576K
}
Event: 6.783 GC heap before
{Heap before GC invocations=19 (full 0):
 garbage-first heap   total 72704K, used 57065K [0x0000000084e00000, 0x0000000100000000)
  region size 1024K, 31 young (31744K), 4 survivors (4096K)
 Metaspace       used 77860K, committed 78464K, reserved 1179648K
  class space    used 10131K, committed 10432K, reserved 1048576K
}
Event: 6.788 GC heap after
{Heap after GC invocations=20 (full 0):
 garbage-first heap   total 72704K, used 31630K [0x0000000084e00000, 0x0000000100000000)
  region size 1024K, 4 young (4096K), 4 survivors (4096K)
 Metaspace       used 77860K, committed 78464K, reserved 1179648K
  class space    used 10131K, committed 10432K, reserved 1048576K
}
Event: 7.559 GC heap before
{Heap before GC invocations=20 (full 0):
 garbage-first heap   total 72704K, used 58254K [0x0000000084e00000, 0x0000000100000000)
  region size 1024K, 30 young (30720K), 4 survivors (4096K)
 Metaspace       used 81083K, committed 81664K, reserved 1179648K
  class space    used 10590K, committed 10880K, reserved 1048576K
}
Event: 7.564 GC heap after
{Heap after GC invocations=21 (full 0):
 garbage-first heap   total 72704K, used 34330K [0x0000000084e00000, 0x0000000100000000)
  region size 1024K, 3 young (3072K), 3 survivors (3072K)
 Metaspace       used 81083K, committed 81664K, reserved 1179648K
  class space    used 10590K, committed 10880K, reserved 1048576K
}
Event: 13.681 GC heap before
{Heap before GC invocations=21 (full 0):
 garbage-first heap   total 72704K, used 56858K [0x0000000084e00000, 0x0000000100000000)
  region size 1024K, 26 young (26624K), 3 survivors (3072K)
 Metaspace       used 86261K, committed 86912K, reserved 1179648K
  class space    used 11320K, committed 11648K, reserved 1048576K
}
Event: 13.686 GC heap after
{Heap after GC invocations=22 (full 0):
 garbage-first heap   total 72704K, used 36241K [0x0000000084e00000, 0x0000000100000000)
  region size 1024K, 2 young (2048K), 2 survivors (2048K)
 Metaspace       used 86261K, committed 86912K, reserved 1179648K
  class space    used 11320K, committed 11648K, reserved 1048576K
}
Event: 29.553 GC heap before
{Heap before GC invocations=22 (full 0):
 garbage-first heap   total 72704K, used 58769K [0x0000000084e00000, 0x0000000100000000)
  region size 1024K, 24 young (24576K), 2 survivors (2048K)
 Metaspace       used 90301K, committed 91008K, reserved 1179648K
  class space    used 11754K, committed 12096K, reserved 1048576K
}
Event: 29.559 GC heap after
{Heap after GC invocations=23 (full 0):
 garbage-first heap   total 72704K, used 37666K [0x0000000084e00000, 0x0000000100000000)
  region size 1024K, 2 young (2048K), 2 survivors (2048K)
 Metaspace       used 90301K, committed 91008K, reserved 1179648K
  class space    used 11754K, committed 12096K, reserved 1048576K
}

Dll operation events (10 events):
Event: 0.007 Loaded shared library C:\Users\DELL\.p2\pool\plugins\org.eclipse.justj.openjdk.hotspot.jre.full.win32.x86_64_17.0.11.v20240426-1830\jre\bin\java.dll
Event: 0.118 Loaded shared library C:\Users\DELL\.p2\pool\plugins\org.eclipse.justj.openjdk.hotspot.jre.full.win32.x86_64_17.0.11.v20240426-1830\jre\bin\net.dll
Event: 0.119 Loaded shared library C:\Users\DELL\.p2\pool\plugins\org.eclipse.justj.openjdk.hotspot.jre.full.win32.x86_64_17.0.11.v20240426-1830\jre\bin\nio.dll
Event: 0.122 Loaded shared library C:\Users\DELL\.p2\pool\plugins\org.eclipse.justj.openjdk.hotspot.jre.full.win32.x86_64_17.0.11.v20240426-1830\jre\bin\zip.dll
Event: 0.217 Loaded shared library C:\Users\DELL\.p2\pool\plugins\org.eclipse.justj.openjdk.hotspot.jre.full.win32.x86_64_17.0.11.v20240426-1830\jre\bin\jimage.dll
Event: 1.751 Loaded shared library C:\Users\DELL\.p2\pool\plugins\org.eclipse.justj.openjdk.hotspot.jre.full.win32.x86_64_17.0.11.v20240426-1830\jre\bin\sunmscapi.dll
Event: 3.215 Loaded shared library C:\Users\DELL\.p2\pool\plugins\org.eclipse.justj.openjdk.hotspot.jre.full.win32.x86_64_17.0.11.v20240426-1830\jre\bin\management.dll
Event: 3.218 Loaded shared library C:\Users\DELL\.p2\pool\plugins\org.eclipse.justj.openjdk.hotspot.jre.full.win32.x86_64_17.0.11.v20240426-1830\jre\bin\management_ext.dll
Event: 3.935 Loaded shared library C:\Users\DELL\.p2\pool\plugins\org.eclipse.justj.openjdk.hotspot.jre.full.win32.x86_64_17.0.11.v20240426-1830\jre\bin\verify.dll
Event: 4.295 Loaded shared library C:\Users\DELL\.p2\pool\plugins\org.eclipse.justj.openjdk.hotspot.jre.full.win32.x86_64_17.0.11.v20240426-1830\jre\bin\extnet.dll

Deoptimization events (20 events):
Event: 24.805 Thread 0x0000028aacc000d0 DEOPT PACKING pc=0x0000028a94c211ac sp=0x000000c0296f97b0
Event: 24.805 Thread 0x0000028aacc000d0 DEOPT UNPACKING pc=0x0000028a942569a3 sp=0x000000c0296f97c0 mode 2
Event: 24.846 Thread 0x0000028aacc000d0 Uncommon trap: trap_request=0xffffff45 fr.pc=0x0000028a949c8408 relative=0x0000000000000508
Event: 24.846 Thread 0x0000028aacc000d0 Uncommon trap: reason=unstable_if action=reinterpret pc=0x0000028a949c8408 method=jdk.internal.org.objectweb.asm.Type.getArgumentsAndReturnSizes(Ljava/lang/String;)I @ 123 c2
Event: 24.846 Thread 0x0000028aacc000d0 DEOPT PACKING pc=0x0000028a949c8408 sp=0x000000c0296f8460
Event: 24.846 Thread 0x0000028aacc000d0 DEOPT UNPACKING pc=0x0000028a942569a3 sp=0x000000c0296f83e0 mode 2
Event: 24.846 Thread 0x0000028aacc000d0 Uncommon trap: trap_request=0xffffff45 fr.pc=0x0000028a94a15b10 relative=0x00000000000054f0
Event: 24.846 Thread 0x0000028aacc000d0 Uncommon trap: reason=unstable_if action=reinterpret pc=0x0000028a94a15b10 method=jdk.internal.org.objectweb.asm.Type.getArgumentsAndReturnSizes(Ljava/lang/String;)I @ 123 c2
Event: 24.846 Thread 0x0000028aacc000d0 DEOPT PACKING pc=0x0000028a94a15b10 sp=0x000000c0296f8430
Event: 24.846 Thread 0x0000028aacc000d0 DEOPT UNPACKING pc=0x0000028a942569a3 sp=0x000000c0296f82e8 mode 2
Event: 24.847 Thread 0x0000028aacc000d0 Uncommon trap: trap_request=0xffffff45 fr.pc=0x0000028a949cce28 relative=0x00000000000014c8
Event: 24.847 Thread 0x0000028aacc000d0 Uncommon trap: reason=unstable_if action=reinterpret pc=0x0000028a949cce28 method=jdk.internal.org.objectweb.asm.Type.getArgumentsAndReturnSizes(Ljava/lang/String;)I @ 123 c2
Event: 24.847 Thread 0x0000028aacc000d0 DEOPT PACKING pc=0x0000028a949cce28 sp=0x000000c0296f8a60
Event: 24.847 Thread 0x0000028aacc000d0 DEOPT UNPACKING pc=0x0000028a942569a3 sp=0x000000c0296f8930 mode 2
Event: 24.851 Thread 0x0000028aacc000d0 Uncommon trap: trap_request=0xffffff45 fr.pc=0x0000028a94af527c relative=0x0000000000005cdc
Event: 24.851 Thread 0x0000028aacc000d0 Uncommon trap: reason=unstable_if action=reinterpret pc=0x0000028a94af527c method=jdk.internal.org.objectweb.asm.Frame.setInputFrameFromDescriptor(Ljdk/internal/org/objectweb/asm/SymbolTable;ILjava/lang/String;I)V @ 131 c2
Event: 24.851 Thread 0x0000028aacc000d0 DEOPT PACKING pc=0x0000028a94af527c sp=0x000000c0296f84f0
Event: 24.851 Thread 0x0000028aacc000d0 DEOPT UNPACKING pc=0x0000028a942569a3 sp=0x000000c0296f8428 mode 2
Event: 54.867 Thread 0x0000028aacc01510 DEOPT PACKING pc=0x0000028a8da07603 sp=0x000000c029bf52e0
Event: 54.867 Thread 0x0000028aacc01510 DEOPT UNPACKING pc=0x0000028a94257143 sp=0x000000c029bf4750 mode 0

Classes unloaded (0 events):
No events

Classes redefined (0 events):
No events

Internal exceptions (20 events):
Event: 6.638 Thread 0x0000028a896070b0 Exception <a 'java/lang/reflect/InvocationTargetException'{0x0000000088289988}> (0x0000000088289988) 
thrown [s\src\hotspot\share\runtime\reflection.cpp, line 1121]
Event: 6.639 Thread 0x0000028a896070b0 Exception <a 'java/lang/reflect/InvocationTargetException'{0x00000000882942d8}> (0x00000000882942d8) 
thrown [s\src\hotspot\share\runtime\reflection.cpp, line 1121]
Event: 6.669 Thread 0x0000028a896070b0 Exception <a 'java/lang/reflect/InvocationTargetException'{0x0000000088037598}> (0x0000000088037598) 
thrown [s\src\hotspot\share\runtime\reflection.cpp, line 1121]
Event: 7.051 Thread 0x0000028a896070b0 Exception <a 'sun/nio/fs/WindowsException'{0x0000000088ce2680}> (0x0000000088ce2680) 
thrown [s\src\hotspot\share\prims\jni.cpp, line 516]
Event: 7.119 Thread 0x0000028a896070b0 Exception <a 'java/lang/IncompatibleClassChangeError'{0x00000000889aab28}: Found class java.lang.Object, but interface was expected> (0x00000000889aab28) 
thrown [s\src\hotspot\share\interpreter\linkResolver.cpp, line 826]
Event: 7.470 Thread 0x0000028a896070b0 Exception <a 'java/lang/NoSuchMethodError'{0x0000000087eeacd8}: 'java.lang.Object java.lang.invoke.DirectMethodHandle$Holder.invokeInterface(java.lang.Object, java.lang.Object, java.lang.Object, java.lang.Object)'> (0x0000000087eeacd8) 
thrown [s\src\hotspot\share\interpreter\linkResolver.cpp, line 759]
Event: 7.675 Thread 0x0000028a896070b0 Exception <a 'java/lang/IncompatibleClassChangeError'{0x00000000890129c0}: Found class java.lang.Object, but interface was expected> (0x00000000890129c0) 
thrown [s\src\hotspot\share\interpreter\linkResolver.cpp, line 826]
Event: 7.722 Thread 0x0000028a896070b0 Exception <a 'java/lang/NoSuchMethodError'{0x0000000088f77ad0}: 'java.lang.Object java.lang.invoke.DirectMethodHandle$Holder.invokeSpecial(java.lang.Object, java.lang.Object, java.lang.Object, java.lang.Object, java.lang.Object, java.lang.Object, java.lang.Object, java.lang.Object, java.lang.Object, java.lang.Object, java.lang.Object)'> (0x0000000088f77ad0) 
thrown [s\src\hotspot\share\interpreter\linkResolver.cpp, line 759]
Event: 7.722 Thread 0x0000028a896070b0 Exception <a 'java/lang/NoSuchMethodError'{0x0000000088f7beb8}: 'java.lang.Object java.lang.invoke.Invokers$Holder.invoke_MT(java.lang.Object, java.lang.Object, java.lang.Object, java.lang.Object, java.lang.Object, java.lang.Object, java.lang.Object, java.lang.Object, java.lang.Object, java.lang.Object, java.lang.Object)'> (0x0000000088f7beb8) 
thrown [s\src\hotspot\share\interpreter\linkResolver.cpp, line 759]
Event: 7.802 Thread 0x0000028a896070b0 Exception <a 'java/lang/NoSuchMethodError'{0x0000000088c3d368}: 'java.lang.Object java.lang.invoke.DirectMethodHandle$Holder.newInvokeSpecial(java.lang.Object, java.lang.Object, int, java.lang.Object, java.lang.Object)'> (0x0000000088c3d368) 
thrown [s\src\hotspot\share\interpreter\linkResolver.cpp, line 759]
Event: 12.889 Thread 0x0000028aacc00af0 Exception <a 'java/lang/NoSuchMethodError'{0x0000000088905740}: 'java.lang.Object java.lang.invoke.DirectMethodHandle$Holder.invokeStaticInit(java.lang.Object, java.lang.Object, java.lang.Object, int, int)'> (0x0000000088905740) 
thrown [s\src\hotspot\share\interpreter\linkResolver.cpp, line 759]
Event: 12.934 Thread 0x0000028aacc03370 Exception <a 'java/lang/NoSuchMethodError'{0x0000000088883e40}: 'java.lang.Object java.lang.invoke.DirectMethodHandle$Holder.invokeSpecial(java.lang.Object, java.lang.Object, java.lang.Object, java.lang.Object, java.lang.Object, long)'> (0x0000000088883e40) 
thrown [s\src\hotspot\share\interpreter\linkResolver.cpp, line 759]
Event: 12.934 Thread 0x0000028aacc03370 Exception <a 'java/lang/NoSuchMethodError'{0x0000000088887838}: 'java.lang.Object java.lang.invoke.Invokers$Holder.linkToTargetMethod(java.lang.Object, java.lang.Object, java.lang.Object, long, java.lang.Object)'> (0x0000000088887838) 
thrown [s\src\hotspot\share\interpreter\linkResolver.cpp, line 759]
Event: 13.402 Thread 0x0000028aacc03370 Exception <a 'java/lang/IncompatibleClassChangeError'{0x000000008804c348}: Found class java.lang.Object, but interface was expected> (0x000000008804c348) 
thrown [s\src\hotspot\share\interpreter\linkResolver.cpp, line 826]
Event: 13.743 Thread 0x0000028aacc03370 Exception <a 'java/lang/IncompatibleClassChangeError'{0x000000008c9da4f8}: Found class java.lang.Object, but interface was expected> (0x000000008c9da4f8) 
thrown [s\src\hotspot\share\interpreter\linkResolver.cpp, line 826]
Event: 13.758 Thread 0x0000028aacc03370 Exception <a 'java/lang/NoSuchMethodError'{0x000000008c606f90}: 'void java.lang.invoke.DirectMethodHandle$Holder.invokeSpecialIFC(java.lang.Object, java.lang.Object, int, java.lang.Object, java.lang.Object, java.lang.Object, java.lang.Object)'> (0x000000008c606f90) 
thrown [s\src\hotspot\share\interpreter\linkResolver.cpp, line 759]
Event: 13.828 Thread 0x0000028aacc03370 Exception <a 'java/lang/IncompatibleClassChangeError'{0x000000008c68d028}: Found class java.lang.Object, but interface was expected> (0x000000008c68d028) 
thrown [s\src\hotspot\share\interpreter\linkResolver.cpp, line 826]
Event: 13.869 Thread 0x0000028aacc03370 Implicit null exception at 0x0000028a94b2e85a to 0x0000028a94b2ed34
Event: 24.846 Thread 0x0000028aacc000d0 Exception <a 'java/lang/NoSuchMethodError'{0x00000000880ab210}: 'double java.lang.invoke.DirectMethodHandle$Holder.invokeVirtual(java.lang.Object, java.lang.Object)'> (0x00000000880ab210) 
thrown [s\src\hotspot\share\interpreter\linkResolver.cpp, line 759]
Event: 24.851 Thread 0x0000028aacc000d0 Exception <a 'java/lang/NoSuchMethodError'{0x00000000880b4560}: 'void java.lang.invoke.DirectMethodHandle$Holder.invokeStatic(java.lang.Object, java.lang.Object, double)'> (0x00000000880b4560) 
thrown [s\src\hotspot\share\interpreter\linkResolver.cpp, line 759]

VM Operations (20 events):
Event: 263.165 Executing VM operation: Cleanup
Event: 263.165 Executing VM operation: Cleanup done
Event: 267.205 Executing VM operation: Cleanup
Event: 267.205 Executing VM operation: Cleanup done
Event: 292.349 Executing VM operation: Cleanup
Event: 292.349 Executing VM operation: Cleanup done
Event: 294.364 Executing VM operation: Cleanup
Event: 294.364 Executing VM operation: Cleanup done
Event: 297.393 Executing VM operation: Cleanup
Event: 297.393 Executing VM operation: Cleanup done
Event: 394.115 Executing VM operation: Cleanup
Event: 394.115 Executing VM operation: Cleanup done
Event: 405.184 Executing VM operation: Cleanup
Event: 405.184 Executing VM operation: Cleanup done
Event: 505.766 Executing VM operation: Cleanup
Event: 505.766 Executing VM operation: Cleanup done
Event: 514.832 Executing VM operation: Cleanup
Event: 514.832 Executing VM operation: Cleanup done
Event: 515.847 Executing VM operation: Cleanup
Event: 515.847 Executing VM operation: Cleanup done

Events (20 events):
Event: 24.852 loading class java/util/stream/ReduceOps$16
Event: 24.853 loading class java/util/stream/ReduceOps$16 done
Event: 24.853 loading class java/util/stream/ReduceOps$13ReducingSink
Event: 24.853 loading class java/util/stream/Sink$OfDouble
Event: 24.853 loading class java/util/function/DoubleConsumer
Event: 24.853 loading class java/util/function/DoubleConsumer done
Event: 24.853 loading class java/util/stream/Sink$OfDouble done
Event: 24.853 loading class java/util/stream/ReduceOps$13ReducingSink done
Event: 24.853 loading class java/util/stream/ReferencePipeline$6$1
Event: 24.853 loading class java/util/stream/ReferencePipeline$6$1 done
Event: 29.534 loading class java/util/concurrent/locks/ReentrantReadWriteLock$Sync$HoldCounter
Event: 29.534 loading class java/util/concurrent/locks/ReentrantReadWriteLock$Sync$HoldCounter done
Event: 29.790 Thread 0x0000028aaceb62a0 Thread added: 0x0000028aaceb62a0
Event: 31.849 Thread 0x0000028aaceb62a0 Thread exited: 0x0000028aaceb62a0
Event: 54.733 Thread 0x0000028aaceb62a0 Thread added: 0x0000028aaceb62a0
Event: 54.772 Thread 0x0000028aaceb67f0 Thread added: 0x0000028aaceb67f0
Event: 56.429 Thread 0x0000028aaceb67f0 Thread exited: 0x0000028aaceb67f0
Event: 56.471 Thread 0x0000028aaceb62a0 Thread exited: 0x0000028aaceb62a0
Event: 514.800 loading class java/util/concurrent/atomic/Striped64$Cell
Event: 514.822 loading class java/util/concurrent/atomic/Striped64$Cell done


Dynamic libraries:
0x00007ff7f2040000 - 0x00007ff7f204e000 	C:\Users\DELL\.p2\pool\plugins\org.eclipse.justj.openjdk.hotspot.jre.full.win32.x86_64_17.0.11.v20240426-1830\jre\bin\javaw.exe
0x00007ff9397a0000 - 0x00007ff939a08000 	C:\WINDOWS\SYSTEM32\ntdll.dll
0x00007ff938150000 - 0x00007ff938219000 	C:\WINDOWS\System32\KERNEL32.DLL
0x00007ff936d10000 - 0x00007ff9370fd000 	C:\WINDOWS\System32\KERNELBASE.dll
0x00007ff9373f0000 - 0x00007ff93753b000 	C:\WINDOWS\System32\ucrtbase.dll
0x00007ff92e060000 - 0x00007ff92e077000 	C:\Users\DELL\.p2\pool\plugins\org.eclipse.justj.openjdk.hotspot.jre.full.win32.x86_64_17.0.11.v20240426-1830\jre\bin\jli.dll
0x00007ff92df50000 - 0x00007ff92df6b000 	C:\Users\DELL\.p2\pool\plugins\org.eclipse.justj.openjdk.hotspot.jre.full.win32.x86_64_17.0.11.v20240426-1830\jre\bin\VCRUNTIME140.dll
0x00007ff9394d0000 - 0x00007ff93969c000 	C:\WINDOWS\System32\USER32.dll
0x00007ff937100000 - 0x00007ff937127000 	C:\WINDOWS\System32\win32u.dll
0x00007ff938110000 - 0x00007ff93813b000 	C:\WINDOWS\System32\GDI32.dll
0x00007ff9359e0000 - 0x00007ff935c7a000 	C:\WINDOWS\WinSxS\amd64_microsoft.windows.common-controls_6595b64144ccf1df_6.0.26100.4484_none_3e0e6d4ce32ef3b3\COMCTL32.dll
0x00007ff937130000 - 0x00007ff937267000 	C:\WINDOWS\System32\gdi32full.dll
0x00007ff936ae0000 - 0x00007ff936b83000 	C:\WINDOWS\System32\msvcp_win.dll
0x00007ff938750000 - 0x00007ff9387f9000 	C:\WINDOWS\System32\msvcrt.dll
0x00007ff937ba0000 - 0x00007ff937bcf000 	C:\WINDOWS\System32\IMM32.DLL
0x00007ff935fd0000 - 0x00007ff935fdc000 	C:\Users\DELL\.p2\pool\plugins\org.eclipse.justj.openjdk.hotspot.jre.full.win32.x86_64_17.0.11.v20240426-1830\jre\bin\vcruntime140_1.dll
0x00007ff920b90000 - 0x00007ff920c1d000 	C:\Users\DELL\.p2\pool\plugins\org.eclipse.justj.openjdk.hotspot.jre.full.win32.x86_64_17.0.11.v20240426-1830\jre\bin\msvcp140.dll
0x00007ff8ddd90000 - 0x00007ff8de9f2000 	C:\Users\DELL\.p2\pool\plugins\org.eclipse.justj.openjdk.hotspot.jre.full.win32.x86_64_17.0.11.v20240426-1830\jre\bin\server\jvm.dll
0x00007ff9396a0000 - 0x00007ff939754000 	C:\WINDOWS\System32\ADVAPI32.dll
0x00007ff937fe0000 - 0x00007ff938086000 	C:\WINDOWS\System32\sechost.dll
0x00007ff937be0000 - 0x00007ff937cf8000 	C:\WINDOWS\System32\RPCRT4.dll
0x00007ff92e320000 - 0x00007ff92e32a000 	C:\WINDOWS\SYSTEM32\WSOCK32.dll
0x00007ff9375f0000 - 0x00007ff937664000 	C:\WINDOWS\System32\WS2_32.dll
0x00007ff936740000 - 0x00007ff93679e000 	C:\WINDOWS\SYSTEM32\POWRPROF.dll
0x00007ff933400000 - 0x00007ff933435000 	C:\WINDOWS\SYSTEM32\WINMM.dll
0x00007ff920720000 - 0x00007ff92072b000 	C:\WINDOWS\SYSTEM32\VERSION.dll
0x00007ff936720000 - 0x00007ff936734000 	C:\WINDOWS\SYSTEM32\UMPDC.dll
0x00007ff934f60000 - 0x00007ff934f7b000 	C:\WINDOWS\SYSTEM32\kernel.appcore.dll
0x00007ff92dfd0000 - 0x00007ff92dfda000 	C:\Users\DELL\.p2\pool\plugins\org.eclipse.justj.openjdk.hotspot.jre.full.win32.x86_64_17.0.11.v20240426-1830\jre\bin\jimage.dll
0x00007ff9360c0000 - 0x00007ff936301000 	C:\WINDOWS\SYSTEM32\DBGHELP.DLL
0x00007ff9389f0000 - 0x00007ff938d76000 	C:\WINDOWS\System32\combase.dll
0x00007ff938800000 - 0x00007ff9388e0000 	C:\WINDOWS\System32\OLEAUT32.dll
0x00007ff935f80000 - 0x00007ff935fc3000 	C:\WINDOWS\SYSTEM32\dbgcore.DLL
0x00007ff936980000 - 0x00007ff936a19000 	C:\WINDOWS\System32\bcryptPrimitives.dll
0x00007ff921b50000 - 0x00007ff921b75000 	C:\Users\DELL\.p2\pool\plugins\org.eclipse.justj.openjdk.hotspot.jre.full.win32.x86_64_17.0.11.v20240426-1830\jre\bin\java.dll
0x00007ff92cbe0000 - 0x00007ff92cbf8000 	C:\Users\DELL\.p2\pool\plugins\org.eclipse.justj.openjdk.hotspot.jre.full.win32.x86_64_17.0.11.v20240426-1830\jre\bin\zip.dll
0x00007ff938d80000 - 0x00007ff9394ca000 	C:\WINDOWS\System32\SHELL32.dll
0x00007ff936b90000 - 0x00007ff936d04000 	C:\WINDOWS\System32\wintypes.dll
0x00007ff933bf0000 - 0x00007ff93444b000 	C:\WINDOWS\SYSTEM32\windows.storage.dll
0x00007ff9388f0000 - 0x00007ff9389e5000 	C:\WINDOWS\System32\SHCORE.dll
0x00007ff937d10000 - 0x00007ff937d7a000 	C:\WINDOWS\System32\shlwapi.dll
0x00007ff936800000 - 0x00007ff93682f000 	C:\WINDOWS\SYSTEM32\profapi.dll
0x00007ff925370000 - 0x00007ff925389000 	C:\Users\DELL\.p2\pool\plugins\org.eclipse.justj.openjdk.hotspot.jre.full.win32.x86_64_17.0.11.v20240426-1830\jre\bin\net.dll
0x00007ff92b4e0000 - 0x00007ff92b5fe000 	C:\WINDOWS\SYSTEM32\WINHTTP.dll
0x00007ff9354a0000 - 0x00007ff93550a000 	C:\WINDOWS\system32\mswsock.dll
0x00007ff921b30000 - 0x00007ff921b46000 	C:\Users\DELL\.p2\pool\plugins\org.eclipse.justj.openjdk.hotspot.jre.full.win32.x86_64_17.0.11.v20240426-1830\jre\bin\nio.dll
0x00007ff92df40000 - 0x00007ff92df4e000 	C:\Users\DELL\.p2\pool\plugins\org.eclipse.justj.openjdk.hotspot.jre.full.win32.x86_64_17.0.11.v20240426-1830\jre\bin\sunmscapi.dll
0x00007ff937270000 - 0x00007ff9373e7000 	C:\WINDOWS\System32\CRYPT32.dll
0x00007ff9359a0000 - 0x00007ff9359d0000 	C:\WINDOWS\SYSTEM32\ncrypt.dll
0x00007ff935950000 - 0x00007ff93598f000 	C:\WINDOWS\SYSTEM32\NTASN1.dll
0x00007ff936410000 - 0x00007ff93642b000 	C:\WINDOWS\SYSTEM32\CRYPTSP.dll
0x00007ff934ec0000 - 0x00007ff934efb000 	C:\WINDOWS\system32\rsaenh.dll
0x00007ff935540000 - 0x00007ff93556b000 	C:\WINDOWS\SYSTEM32\USERENV.dll
0x00007ff9367d0000 - 0x00007ff9367f6000 	C:\WINDOWS\SYSTEM32\bcrypt.dll
0x00007ff935810000 - 0x00007ff93581c000 	C:\WINDOWS\SYSTEM32\CRYPTBASE.dll
0x00007ff9349e0000 - 0x00007ff934a13000 	C:\WINDOWS\SYSTEM32\IPHLPAPI.DLL
0x00007ff937700000 - 0x00007ff93770a000 	C:\WINDOWS\System32\NSI.dll
0x00007ff92cbb0000 - 0x00007ff92cbcf000 	C:\WINDOWS\SYSTEM32\dhcpcsvc6.DLL
0x00007ff92c880000 - 0x00007ff92c8a5000 	C:\WINDOWS\SYSTEM32\dhcpcsvc.DLL
0x00007ff934a80000 - 0x00007ff934ba6000 	C:\WINDOWS\SYSTEM32\DNSAPI.dll
0x00007ff925350000 - 0x00007ff925359000 	C:\Users\DELL\.p2\pool\plugins\org.eclipse.justj.openjdk.hotspot.jre.full.win32.x86_64_17.0.11.v20240426-1830\jre\bin\management.dll
0x00007ff921b20000 - 0x00007ff921b2b000 	C:\Users\DELL\.p2\pool\plugins\org.eclipse.justj.openjdk.hotspot.jre.full.win32.x86_64_17.0.11.v20240426-1830\jre\bin\management_ext.dll
0x00007ff938240000 - 0x00007ff938248000 	C:\WINDOWS\System32\PSAPI.DLL
0x00007ff921b10000 - 0x00007ff921b20000 	C:\Users\DELL\.p2\pool\plugins\org.eclipse.justj.openjdk.hotspot.jre.full.win32.x86_64_17.0.11.v20240426-1830\jre\bin\verify.dll
0x00007ff925690000 - 0x00007ff92569b000 	C:\Windows\System32\rasadhlp.dll
0x00007ff92cfd0000 - 0x00007ff92d056000 	C:\WINDOWS\System32\fwpuclnt.dll
0x00007ff921180000 - 0x00007ff921189000 	C:\Users\DELL\.p2\pool\plugins\org.eclipse.justj.openjdk.hotspot.jre.full.win32.x86_64_17.0.11.v20240426-1830\jre\bin\extnet.dll
0x00007ff8f72d0000 - 0x00007ff8f72d8000 	C:\WINDOWS\system32\wshunix.dll

dbghelp: loaded successfully - version: 4.0.5 - missing functions: none
symbol engine: initialized successfully - sym options: 0x614 - pdb path: .;C:\Users\DELL\.p2\pool\plugins\org.eclipse.justj.openjdk.hotspot.jre.full.win32.x86_64_17.0.11.v20240426-1830\jre\bin;C:\WINDOWS\SYSTEM32;C:\WINDOWS\WinSxS\amd64_microsoft.windows.common-controls_6595b64144ccf1df_6.0.26100.4484_none_3e0e6d4ce32ef3b3;C:\Users\DELL\.p2\pool\plugins\org.eclipse.justj.openjdk.hotspot.jre.full.win32.x86_64_17.0.11.v20240426-1830\jre\bin\server

VM Arguments:
jvm_args: -Dfile.encoding=UTF-8 -Dstdout.encoding=UTF-8 -Dstderr.encoding=UTF-8 -XX:+ShowCodeDetailsInExceptionMessages 
java_command: com.example.b_food_ordering.BFoodOrderingApplication
java_class_path (initial): E:\Nhom13_DACN(Code)\b-food-ordering\b-food-ordering\target\classes;C:\Users\DELL\.m2\repository\org\springframework\boot\spring-boot-starter-data-jpa\3.5.0\spring-boot-starter-data-jpa-3.5.0.jar;C:\Users\DELL\.m2\repository\org\springframework\boot\spring-boot-starter\3.5.0\spring-boot-starter-3.5.0.jar;C:\Users\DELL\.m2\repository\org\springframework\boot\spring-boot\3.5.0\spring-boot-3.5.0.jar;C:\Users\DELL\.m2\repository\org\springframework\boot\spring-boot-autoconfigure\3.5.0\spring-boot-autoconfigure-3.5.0.jar;C:\Users\DELL\.m2\repository\org\springframework\boot\spring-boot-starter-logging\3.5.0\spring-boot-starter-logging-3.5.0.jar;C:\Users\DELL\.m2\repository\ch\qos\logback\logback-classic\1.5.18\logback-classic-1.5.18.jar;C:\Users\DELL\.m2\repository\ch\qos\logback\logback-core\1.5.18\logback-core-1.5.18.jar;C:\Users\DELL\.m2\repository\org\apache\logging\log4j\log4j-to-slf4j\2.24.3\log4j-to-slf4j-2.24.3.jar;C:\Users\DELL\.m2\repository\org\apache\logging\log4j\log4j-api\2.24.3\log4j-api-2.24.3.jar;C:\Users\DELL\.m2\repository\org\slf4j\jul-to-slf4j\2.0.17\jul-to-slf4j-2.0.17.jar;C:\Users\DELL\.m2\repository\jakarta\annotation\jakarta.annotation-api\2.1.1\jakarta.annotation-api-2.1.1.jar;C:\Users\DELL\.m2\repository\org\yaml\snakeyaml\2.4\snakeyaml-2.4.jar;C:\Users\DELL\.m2\repository\org\springframework\boot\spring-boot-starter-jdbc\3.5.0\spring-boot-starter-jdbc-3.5.0.jar;C:\Users\DELL\.m2\repository\com\zaxxer\HikariCP\6.3.0\HikariCP-6.3.0.jar;C:\Users\DELL\.m2\repository\org\springframework\spring-jdbc\6.2.7\spring-jdbc-6.2.7.jar;C:\Users\DELL\.m2\repository\org\hibernate\orm\hibernate-core\6.6.15.Final\hibernate-core-6.6.15.Final.jar;C:\Users\DELL\.m2\repository\jakarta\persistence\jakarta.persistence-api\3.1.0\jakarta.persistence-api-3.1.0.jar;C:\Users\DELL\.m2\repository\jakarta\transaction\jakarta.transaction-api\2.0.1\jakarta.transaction-api-2.0.1.jar;C:\Users\DELL\.m2\repository\org\jboss\logging\jboss-logging\3.6.1.F
Launcher Type: SUN_STANDARD

[Global flags]
     intx CICompilerCount                          = 4                                         {product} {ergonomic}
     uint ConcGCThreads                            = 3                                         {product} {ergonomic}
     uint G1ConcRefinementThreads                  = 10                                        {product} {ergonomic}
   size_t G1HeapRegionSize                         = 1048576                                   {product} {ergonomic}
    uintx GCDrainStackTargetSize                   = 64                                        {product} {ergonomic}
   size_t InitialHeapSize                          = 130023424                                 {product} {ergonomic}
   size_t MarkStackSize                            = 4194304                                   {product} {ergonomic}
   size_t MaxHeapSize                              = 2065694720                                {product} {ergonomic}
   size_t MaxNewSize                               = 1239416832                                {product} {ergonomic}
   size_t MinHeapDeltaBytes                        = 1048576                                   {product} {ergonomic}
   size_t MinHeapSize                              = 8388608                                   {product} {ergonomic}
    uintx NonNMethodCodeHeapSize                   = 5839372                                {pd product} {ergonomic}
    uintx NonProfiledCodeHeapSize                  = 122909434                              {pd product} {ergonomic}
    uintx ProfiledCodeHeapSize                     = 122909434                              {pd product} {ergonomic}
    uintx ReservedCodeCacheSize                    = 251658240                              {pd product} {ergonomic}
     bool SegmentedCodeCache                       = true                                      {product} {ergonomic}
     bool ShowCodeDetailsInExceptionMessages       = true                                   {manageable} {command line}
   size_t SoftMaxHeapSize                          = 2065694720                             {manageable} {ergonomic}
     bool UseCompressedClassPointers               = true                           {product lp64_product} {ergonomic}
     bool UseCompressedOops                        = true                           {product lp64_product} {ergonomic}
     bool UseG1GC                                  = true                                      {product} {ergonomic}
     bool UseLargePagesIndividualAllocation        = false                                  {pd product} {ergonomic}

Logging:
Log output configuration:
 #0: stdout all=warning uptime,level,tags
 #1: stderr all=off uptime,level,tags

Environment Variables:
JAVA_HOME=C:\Program Files\Eclipse Adoptium\jdk-17.0.12.7-hotspot\
PATH=C:/Users/DELL/.p2/pool/plugins/org.eclipse.justj.openjdk.hotspot.jre.full.win32.x86_64_21.0.6.v20250130-0529/jre/bin/server;C:/Users/DELL/.p2/pool/plugins/org.eclipse.justj.openjdk.hotspot.jre.full.win32.x86_64_21.0.6.v20250130-0529/jre/bin;C:\Program Files (x86)\VMware\VMware Workstation\bin\;C:\Program Files\Eclipse Adoptium\jdk-17.0.12.7-hotspot\bin;C:\WINDOWS\system32;C:\WINDOWS;C:\WINDOWS\System32\Wbem;C:\WINDOWS\System32\WindowsPowerShell\v1.0\;C:\WINDOWS\System32\OpenSSH\;C:\Program Files\dotnet\;C:\Program Files (x86)\Microsoft SQL Server\160\Tools\Binn\;C:\Program Files\Microsoft SQL Server\160\Tools\Binn\;C:\Program Files\Microsoft SQL Server\Client SDK\ODBC\170\Tools\Binn\;C:\Program Files\Microsoft SQL Server\160\DTS\Binn\;C:\Program Files\Git\cmd;C:\Program Files\nodejs\;C:\DevTools\apache-maven-3.9.11\bin;%M2_HOME%\bin;C:\Users\DELL\AppData\Local\Microsoft\WindowsApps;;C:\Program Files\Azure Data Studio\bin;E:\Programs\Microsoft VS Code\bin;C:\Users\DELL\AppData\Local\Microsoft\WinGet\Packages\Schniz.fnm_Microsoft.Winget.Source_8wekyb3d8bbwe;C:\Users\DELL\AppData\Roaming\npm;C:\WINDOWS\System32;
USERNAME=DELL
OS=Windows_NT
PROCESSOR_IDENTIFIER=Intel64 Family 6 Model 154 Stepping 4, GenuineIntel
TMP=C:\Users\DELL\AppData\Local\Temp
TEMP=C:\Users\DELL\AppData\Local\Temp



Periodic native trim disabled


---------------  S Y S T E M  ---------------

OS:
 Windows 11 , 64 bit Build 26100 (10.0.26100.4484)
OS uptime: 1 days 19:26 hours

CPU: total 12 (initial active 12) (6 cores per cpu, 2 threads per core) family 6 model 154 stepping 4 microcode 0x435, cx8, cmov, fxsr, ht, mmx, 3dnowpref, sse, sse2, sse3, ssse3, sse4.1, sse4.2, popcnt, lzcnt, tsc, tscinvbit, avx, avx2, aes, erms, clmul, bmi1, bmi2, adx, sha, fma, vzeroupper, clflush, clflushopt, clwb
Processor Information for all 12 processors :
  Max Mhz: 1300, Current Mhz: 1300, Mhz Limit: 1300

Memory: 4k page, system-wide physical 7876M (621M free)
TotalPageFile size 16068M (AvailPageFile size 6M)
current process WorkingSet (physical memory assigned to process): 93M, peak: 313M
current process commit charge ("private bytes"): 308M, peak: 345M

vm_info: OpenJDK 64-Bit Server VM (17.0.11+9) for windows-amd64 JRE (17.0.11+9), built on Apr 17 2024 06:07:48 by "admin" with MS VC++ 16.10 / 16.11 (VS2019)

END.
