#
# There is insufficient memory for the Java Runtime Environment to continue.
# Native memory allocation (malloc) failed to allocate 2002016 bytes. Error detail: Chunk::new
# Possible reasons:
#   The system is out of physical RAM or swap space
#   This process is running with CompressedOops enabled, and the Java Heap may be blocking the growth of the native heap
# Possible solutions:
#   Reduce memory load on the system
#   Increase physical memory or swap space
#   Check if swap backing store is full
#   Decrease Java heap size (-Xmx/-Xms)
#   Decrease number of Java threads
#   Decrease Java thread stack sizes (-Xss)
#   Set larger code cache with -XX:ReservedCodeCacheSize=
#   JVM is running with Unscaled Compressed Oops mode in which the Java heap is
#     placed in the first 4GB address space. The Java Heap base address is the
#     maximum limit for the native heap growth. Please use -XX:HeapBaseMinAddress
#     to set the Java Heap base and to place the Java Heap above 4GB virtual address.
# This output file may be truncated or incomplete.
#
#  Out of Memory Error (arena.cpp:191), pid=9588, tid=22780
#
# JRE version: OpenJDK Runtime Environment Temurin-17.0.11+9 (17.0.11+9) (build 17.0.11+9)
# Java VM: OpenJDK 64-Bit Server VM Temurin-17.0.11+9 (17.0.11+9, mixed mode, tiered, compressed oops, compressed class ptrs, g1 gc, windows-amd64)
# No core dump will be written. Minidumps are not enabled by default on client versions of Windows
#

---------------  S U M M A R Y ------------

Command Line: -Dfile.encoding=UTF-8 -Dstdout.encoding=UTF-8 -Dstderr.encoding=UTF-8 -XX:+ShowCodeDetailsInExceptionMessages com.example.b_food_ordering.BFoodOrderingApplication

Host: 12th Gen Intel(R) Core(TM) i5-1235U, 12 cores, 7G,  Windows 11 , 64 bit Build 26100 (10.0.26100.4484)
Time: Mon Jul 14 23:05:40 2025 SE Asia Standard Time elapsed time: 13.951129 seconds (0d 0h 0m 13s)

---------------  T H R E A D  ---------------

Current thread (0x00000253024c79f0):  JavaThread "C2 CompilerThread0" daemon [_thread_in_native, id=22780, stack(0x00000099dac00000,0x00000099dad00000)]


Current CompileTask:
C2:  13951 5635   !   4       org.springframework.core.annotation.AnnotationsScanner::processMethodHierarchy (276 bytes)

Stack: [0x00000099dac00000,0x00000099dad00000]
Native frames: (J=compiled Java code, j=interpreted, Vv=VM code, C=native code)
V  [jvm.dll+0x67d429]
V  [jvm.dll+0x834b7a]
V  [jvm.dll+0x83663e]
V  [jvm.dll+0x836ca3]
V  [jvm.dll+0x247dbf]
V  [jvm.dll+0xac534]
V  [jvm.dll+0xacb7c]
V  [jvm.dll+0x366647]
V  [jvm.dll+0x330bba]
V  [jvm.dll+0x33005a]
V  [jvm.dll+0x21a471]
V  [jvm.dll+0x2198b1]
V  [jvm.dll+0x1a534d]
V  [jvm.dll+0x2295cd]
V  [jvm.dll+0x22779c]
V  [jvm.dll+0x7e9d07]
V  [jvm.dll+0x7e410a]
V  [jvm.dll+0x67c315]
C  [ucrtbase.dll+0x37b0]
C  [KERNEL32.DLL+0x2e8d7]
C  [ntdll.dll+0x3c34c]


---------------  P R O C E S S  ---------------

Threads class SMR info:
_java_thread_list=0x0000025309520850, length=16, elements={
0x00000253683363e0, 0x000002537fb8aed0, 0x000002530249e430, 0x00000253024c4280,
0x00000253024c4b50, 0x00000253024c5420, 0x00000253024c5de0, 0x00000253024c79f0,
0x00000253024c83b0, 0x00000253024c8cc0, 0x000002530264ee30, 0x00000253026694e0,
0x00000253072ad450, 0x0000025309e99710, 0x000002530a76e980, 0x00000253073b3190
}

Java Threads: ( => current thread )
  0x00000253683363e0 JavaThread "main" [_thread_in_vm, id=21840, stack(0x00000099d9f00000,0x00000099da000000)]
  0x000002537fb8aed0 JavaThread "Reference Handler" daemon [_thread_blocked, id=15008, stack(0x00000099da600000,0x00000099da700000)]
  0x000002530249e430 JavaThread "Finalizer" daemon [_thread_blocked, id=18748, stack(0x00000099da700000,0x00000099da800000)]
  0x00000253024c4280 JavaThread "Signal Dispatcher" daemon [_thread_blocked, id=8004, stack(0x00000099da800000,0x00000099da900000)]
  0x00000253024c4b50 JavaThread "Attach Listener" daemon [_thread_blocked, id=19128, stack(0x00000099da900000,0x00000099daa00000)]
  0x00000253024c5420 JavaThread "Service Thread" daemon [_thread_blocked, id=15872, stack(0x00000099daa00000,0x00000099dab00000)]
  0x00000253024c5de0 JavaThread "Monitor Deflation Thread" daemon [_thread_blocked, id=14392, stack(0x00000099dab00000,0x00000099dac00000)]
=>0x00000253024c79f0 JavaThread "C2 CompilerThread0" daemon [_thread_in_native, id=22780, stack(0x00000099dac00000,0x00000099dad00000)]
  0x00000253024c83b0 JavaThread "C1 CompilerThread0" daemon [_thread_in_vm, id=6268, stack(0x00000099dad00000,0x00000099dae00000)]
  0x00000253024c8cc0 JavaThread "Sweeper thread" daemon [_thread_blocked, id=13668, stack(0x00000099dae00000,0x00000099daf00000)]
  0x000002530264ee30 JavaThread "Notification Thread" daemon [_thread_blocked, id=4776, stack(0x00000099daf00000,0x00000099db000000)]
  0x00000253026694e0 JavaThread "Common-Cleaner" daemon [_thread_blocked, id=14936, stack(0x00000099db100000,0x00000099db200000)]
  0x00000253072ad450 JavaThread "C2 CompilerThread1" daemon [_thread_in_native, id=8648, stack(0x00000099db200000,0x00000099db300000)]
  0x0000025309e99710 JavaThread "mysql-cj-abandoned-connection-cleanup" daemon [_thread_blocked, id=24552, stack(0x00000099db700000,0x00000099db800000)]
  0x000002530a76e980 JavaThread "HikariPool-1:housekeeper" daemon [_thread_blocked, id=21080, stack(0x00000099dc000000,0x00000099dc100000)]
  0x00000253073b3190 JavaThread "HikariPool-1:connection-adder" daemon [_thread_blocked, id=11532, stack(0x00000099dc100000,0x00000099dc200000)]

Other Threads:
  0x000002537fb77f90 VMThread "VM Thread" [stack: 0x00000099da500000,0x00000099da600000] [id=13656]
  0x0000025302651320 WatcherThread [stack: 0x00000099db000000,0x00000099db100000] [id=14928]
  0x0000025368393a70 GCTaskThread "GC Thread#0" [stack: 0x00000099da000000,0x00000099da100000] [id=15224]
  0x00000253079fbd00 GCTaskThread "GC Thread#1" [stack: 0x00000099db300000,0x00000099db400000] [id=16124]
  0x00000253079ca190 GCTaskThread "GC Thread#2" [stack: 0x00000099db400000,0x00000099db500000] [id=3864]
  0x0000025307a9d5a0 GCTaskThread "GC Thread#3" [stack: 0x00000099db500000,0x00000099db600000] [id=9692]
  0x0000025307c61f90 GCTaskThread "GC Thread#4" [stack: 0x00000099db600000,0x00000099db700000] [id=14604]
  0x0000025307576310 GCTaskThread "GC Thread#5" [stack: 0x00000099db800000,0x00000099db900000] [id=16808]
  0x000002530936d880 GCTaskThread "GC Thread#6" [stack: 0x00000099db900000,0x00000099dba00000] [id=12664]
  0x00000253082d1bb0 GCTaskThread "GC Thread#7" [stack: 0x00000099dba00000,0x00000099dbb00000] [id=24548]
  0x00000253082d2080 GCTaskThread "GC Thread#8" [stack: 0x00000099dbb00000,0x00000099dbc00000] [id=2796]
  0x00000253082d2340 GCTaskThread "GC Thread#9" [stack: 0x00000099dbc00000,0x00000099dbd00000] [id=21076]
  0x00000253683a4000 ConcurrentGCThread "G1 Main Marker" [stack: 0x00000099da100000,0x00000099da200000] [id=21048]
  0x00000253683a4a20 ConcurrentGCThread "G1 Conc#0" [stack: 0x00000099da200000,0x00000099da300000] [id=18136]
  0x00000253088430f0 ConcurrentGCThread "G1 Conc#1" [stack: 0x00000099dbd00000,0x00000099dbe00000] [id=23308]
  0x00000253090f6730 ConcurrentGCThread "G1 Conc#2" [stack: 0x00000099dbe00000,0x00000099dbf00000] [id=2292]
  0x00000253683dd6e0 ConcurrentGCThread "G1 Refine#0" [stack: 0x00000099da300000,0x00000099da400000] [id=21488]
  0x00000253683ddfb0 ConcurrentGCThread "G1 Service" [stack: 0x00000099da400000,0x00000099da500000] [id=20728]

Threads with active compile tasks:
C2 CompilerThread0    13986 5635   !   4       org.springframework.core.annotation.AnnotationsScanner::processMethodHierarchy (276 bytes)
C2 CompilerThread1    13986 5633       4       org.springframework.core.BridgeMethodResolver::resolveBridgeMethod (180 bytes)

VM state: not at safepoint (normal execution)

VM Mutex/Monitor currently owned by a thread: None

Heap address: 0x0000000084e00000, size: 1970 MB, Compressed Oops mode: 32-bit

CDS archive(s) not mapped
Compressed class space mapped at: 0x0000000100000000-0x0000000140000000, reserved size: 1073741824
Narrow klass base: 0x0000000000000000, Narrow klass shift: 3, Narrow klass range: 0x140000000

GC Precious Log:
 CPUs: 12 total, 12 available
 Memory: 7876M
 Large Page Support: Disabled
 NUMA Support: Disabled
 Compressed Oops: Enabled (32-bit)
 Heap Region Size: 1M
 Heap Min Capacity: 8M
 Heap Initial Capacity: 124M
 Heap Max Capacity: 1970M
 Pre-touch: Disabled
 Parallel Workers: 10
 Concurrent Workers: 3
 Concurrent Refinement Workers: 10
 Periodic GC: Disabled

Heap:
 garbage-first heap   total 59392K, used 34489K [0x0000000084e00000, 0x0000000100000000)
  region size 1024K, 10 young (10240K), 2 survivors (2048K)
 Metaspace       used 71540K, committed 72064K, reserved 1114112K
  class space    used 9207K, committed 9472K, reserved 1048576K

Heap Regions: E=young(eden), S=young(survivor), O=old, HS=humongous(starts), HC=humongous(continues), CS=collection set, F=free, OA=open archive, CA=closed archive, TAMS=top-at-mark-start (previous, next)
|   0|0x0000000084e00000, 0x0000000084f00000, 0x0000000084f00000|100%|HS|  |TAMS 0x0000000084f00000, 0x0000000084e00000| Complete 
|   1|0x0000000084f00000, 0x0000000085000000, 0x0000000085000000|100%|HS|  |TAMS 0x0000000085000000, 0x0000000084f00000| Complete 
|   2|0x0000000085000000, 0x0000000085100000, 0x0000000085100000|100%| O|  |TAMS 0x0000000085100000, 0x0000000085000000| Untracked 
|   3|0x0000000085100000, 0x0000000085200000, 0x0000000085200000|100%| O|  |TAMS 0x0000000085200000, 0x0000000085100000| Untracked 
|   4|0x0000000085200000, 0x0000000085300000, 0x0000000085300000|100%| O|  |TAMS 0x0000000085300000, 0x0000000085200000| Untracked 
|   5|0x0000000085300000, 0x0000000085400000, 0x0000000085400000|100%| O|  |TAMS 0x0000000085400000, 0x0000000085300000| Untracked 
|   6|0x0000000085400000, 0x0000000085500000, 0x0000000085500000|100%| O|  |TAMS 0x0000000085500000, 0x0000000085400000| Untracked 
|   7|0x0000000085500000, 0x00000000855e6c00, 0x0000000085600000| 90%| O|  |TAMS 0x00000000855e6c00, 0x0000000085500000| Untracked 
|   8|0x0000000085600000, 0x0000000085700000, 0x0000000085700000|100%| O|  |TAMS 0x0000000085700000, 0x0000000085600000| Untracked 
|   9|0x0000000085700000, 0x0000000085800000, 0x0000000085800000|100%| O|  |TAMS 0x0000000085800000, 0x0000000085700000| Untracked 
|  10|0x0000000085800000, 0x0000000085900000, 0x0000000085900000|100%| O|  |TAMS 0x0000000085900000, 0x0000000085800000| Untracked 
|  11|0x0000000085900000, 0x0000000085a00000, 0x0000000085a00000|100%| O|  |TAMS 0x0000000085a00000, 0x0000000085900000| Untracked 
|  12|0x0000000085a00000, 0x0000000085b00000, 0x0000000085b00000|100%| O|  |TAMS 0x0000000085b00000, 0x0000000085a00000| Untracked 
|  13|0x0000000085b00000, 0x0000000085c00000, 0x0000000085c00000|100%| O|  |TAMS 0x0000000085c00000, 0x0000000085b00000| Untracked 
|  14|0x0000000085c00000, 0x0000000085d00000, 0x0000000085d00000|100%| O|  |TAMS 0x0000000085d00000, 0x0000000085c00000| Untracked 
|  15|0x0000000085d00000, 0x0000000085e00000, 0x0000000085e00000|100%| O|  |TAMS 0x0000000085e00000, 0x0000000085d00000| Untracked 
|  16|0x0000000085e00000, 0x0000000085f00000, 0x0000000085f00000|100%| O|  |TAMS 0x0000000085f00000, 0x0000000085e00000| Untracked 
|  17|0x0000000085f00000, 0x0000000086000000, 0x0000000086000000|100%| O|  |TAMS 0x0000000086000000, 0x0000000085f00000| Untracked 
|  18|0x0000000086000000, 0x0000000086100000, 0x0000000086100000|100%| O|  |TAMS 0x0000000086100000, 0x0000000086000000| Untracked 
|  19|0x0000000086100000, 0x0000000086200000, 0x0000000086200000|100%| O|  |TAMS 0x0000000086200000, 0x0000000086100000| Untracked 
|  20|0x0000000086200000, 0x0000000086300000, 0x0000000086300000|100%| O|  |TAMS 0x00000000862b9000, 0x0000000086200000| Untracked 
|  21|0x0000000086300000, 0x0000000086400000, 0x0000000086400000|100%| O|  |TAMS 0x0000000086300000, 0x0000000086300000| Untracked 
|  22|0x0000000086400000, 0x0000000086500000, 0x0000000086500000|100%| O|  |TAMS 0x0000000086400000, 0x0000000086400000| Untracked 
|  23|0x0000000086500000, 0x0000000086600000, 0x0000000086600000|100%| O|  |TAMS 0x0000000086500000, 0x0000000086500000| Untracked 
|  24|0x0000000086600000, 0x00000000866cee00, 0x0000000086700000| 80%| O|  |TAMS 0x0000000086600000, 0x0000000086600000| Untracked 
|  25|0x0000000086700000, 0x0000000086700000, 0x0000000086800000|  0%| F|  |TAMS 0x0000000086700000, 0x0000000086700000| Untracked 
|  26|0x0000000086800000, 0x0000000086800000, 0x0000000086900000|  0%| F|  |TAMS 0x0000000086800000, 0x0000000086800000| Untracked 
|  27|0x0000000086900000, 0x0000000086900000, 0x0000000086a00000|  0%| F|  |TAMS 0x0000000086900000, 0x0000000086900000| Untracked 
|  28|0x0000000086a00000, 0x0000000086a00000, 0x0000000086b00000|  0%| F|  |TAMS 0x0000000086a00000, 0x0000000086a00000| Untracked 
|  29|0x0000000086b00000, 0x0000000086b00000, 0x0000000086c00000|  0%| F|  |TAMS 0x0000000086b00000, 0x0000000086b00000| Untracked 
|  30|0x0000000086c00000, 0x0000000086c00000, 0x0000000086d00000|  0%| F|  |TAMS 0x0000000086c00000, 0x0000000086c00000| Untracked 
|  31|0x0000000086d00000, 0x0000000086d00000, 0x0000000086e00000|  0%| F|  |TAMS 0x0000000086d00000, 0x0000000086d00000| Untracked 
|  32|0x0000000086e00000, 0x0000000086e00000, 0x0000000086f00000|  0%| F|  |TAMS 0x0000000086e00000, 0x0000000086e00000| Untracked 
|  33|0x0000000086f00000, 0x0000000086f00000, 0x0000000087000000|  0%| F|  |TAMS 0x0000000086f00000, 0x0000000086f00000| Untracked 
|  34|0x0000000087000000, 0x0000000087000000, 0x0000000087100000|  0%| F|  |TAMS 0x0000000087000000, 0x0000000087000000| Untracked 
|  35|0x0000000087100000, 0x00000000871f8cc8, 0x0000000087200000| 97%| S|CS|TAMS 0x0000000087100000, 0x0000000087100000| Complete 
|  36|0x0000000087200000, 0x0000000087300000, 0x0000000087300000|100%| S|CS|TAMS 0x0000000087200000, 0x0000000087200000| Complete 
|  37|0x0000000087300000, 0x0000000087300000, 0x0000000087400000|  0%| F|  |TAMS 0x0000000087300000, 0x0000000087300000| Untracked 
|  38|0x0000000087400000, 0x0000000087400000, 0x0000000087500000|  0%| F|  |TAMS 0x0000000087400000, 0x0000000087400000| Untracked 
|  39|0x0000000087500000, 0x0000000087500000, 0x0000000087600000|  0%| F|  |TAMS 0x0000000087500000, 0x0000000087500000| Untracked 
|  40|0x0000000087600000, 0x0000000087600000, 0x0000000087700000|  0%| F|  |TAMS 0x0000000087600000, 0x0000000087600000| Untracked 
|  41|0x0000000087700000, 0x0000000087700000, 0x0000000087800000|  0%| F|  |TAMS 0x0000000087700000, 0x0000000087700000| Untracked 
|  42|0x0000000087800000, 0x0000000087800000, 0x0000000087900000|  0%| F|  |TAMS 0x0000000087800000, 0x0000000087800000| Untracked 
|  43|0x0000000087900000, 0x0000000087900000, 0x0000000087a00000|  0%| F|  |TAMS 0x0000000087900000, 0x0000000087900000| Untracked 
|  44|0x0000000087a00000, 0x0000000087a00000, 0x0000000087b00000|  0%| F|  |TAMS 0x0000000087a00000, 0x0000000087a00000| Untracked 
|  45|0x0000000087b00000, 0x0000000087b00000, 0x0000000087c00000|  0%| F|  |TAMS 0x0000000087b00000, 0x0000000087b00000| Untracked 
|  46|0x0000000087c00000, 0x0000000087c00000, 0x0000000087d00000|  0%| F|  |TAMS 0x0000000087c00000, 0x0000000087c00000| Untracked 
|  47|0x0000000087d00000, 0x0000000087d00000, 0x0000000087e00000|  0%| F|  |TAMS 0x0000000087d00000, 0x0000000087d00000| Untracked 
|  48|0x0000000087e00000, 0x0000000087e00000, 0x0000000087f00000|  0%| F|  |TAMS 0x0000000087e00000, 0x0000000087e00000| Untracked 
|  49|0x0000000087f00000, 0x0000000087f00000, 0x0000000088000000|  0%| F|  |TAMS 0x0000000087f00000, 0x0000000087f00000| Untracked 
|  50|0x0000000088000000, 0x00000000880c6480, 0x0000000088100000| 77%| E|  |TAMS 0x0000000088000000, 0x0000000088000000| Complete 
|  51|0x0000000088100000, 0x0000000088200000, 0x0000000088200000|100%| E|CS|TAMS 0x0000000088100000, 0x0000000088100000| Complete 
|  52|0x0000000088200000, 0x0000000088300000, 0x0000000088300000|100%| E|CS|TAMS 0x0000000088200000, 0x0000000088200000| Complete 
|  53|0x0000000088300000, 0x0000000088400000, 0x0000000088400000|100%| E|CS|TAMS 0x0000000088300000, 0x0000000088300000| Complete 
|  92|0x000000008aa00000, 0x000000008ab00000, 0x000000008ab00000|100%| E|CS|TAMS 0x000000008aa00000, 0x000000008aa00000| Complete 
|  93|0x000000008ab00000, 0x000000008ac00000, 0x000000008ac00000|100%| E|CS|TAMS 0x000000008ab00000, 0x000000008ab00000| Complete 
|  94|0x000000008ac00000, 0x000000008ad00000, 0x000000008ad00000|100%| E|CS|TAMS 0x000000008ac00000, 0x000000008ac00000| Complete 
| 123|0x000000008c900000, 0x000000008ca00000, 0x000000008ca00000|100%| E|CS|TAMS 0x000000008c900000, 0x000000008c900000| Complete 

Card table byte_map: [0x000002537b220000,0x000002537b600000] _byte_map_base: 0x000002537adf9000

Marking Bits (Prev, Next): (CMBitMap*) 0x00000253683940d0, (CMBitMap*) 0x0000025368394090
 Prev Bits: [0x000002537d8b0000, 0x000002537f778000)
 Next Bits: [0x000002537b9e0000, 0x000002537d8a8000)

Polling page: 0x00000253661e0000

Metaspace:

Usage:
  Non-class:     60.88 MB used.
      Class:      9.00 MB used.
       Both:     69.87 MB used.

Virtual space:
  Non-class space:       64.00 MB reserved,      61.12 MB ( 96%) committed,  1 nodes.
      Class space:        1.00 GB reserved,       9.25 MB ( <1%) committed,  1 nodes.
             Both:        1.06 GB reserved,      70.38 MB (  6%) committed. 

Chunk freelists:
   Non-Class:  2.12 MB
       Class:  6.78 MB
        Both:  8.91 MB

MaxMetaspaceSize: unlimited
CompressedClassSpaceSize: 1.00 GB
Initial GC threshold: 21.00 MB
Current GC threshold: 98.38 MB
CDS: off
MetaspaceReclaimPolicy: balanced
 - commit_granule_bytes: 65536.
 - commit_granule_words: 8192.
 - virtual_space_node_default_size: 8388608.
 - enlarge_chunks_in_place: 1.
 - new_chunks_are_fully_committed: 0.
 - uncommit_free_chunks: 1.
 - use_allocation_guard: 0.
 - handle_deallocations: 1.


Internal statistics:

num_allocs_failed_limit: 9.
num_arena_births: 746.
num_arena_deaths: 0.
num_vsnodes_births: 2.
num_vsnodes_deaths: 0.
num_space_committed: 1126.
num_space_uncommitted: 0.
num_chunks_returned_to_freelist: 9.
num_chunks_taken_from_freelist: 2915.
num_chunk_merges: 6.
num_chunk_splits: 2114.
num_chunks_enlarged: 1670.
num_inconsistent_stats: 0.

CodeHeap 'non-profiled nmethods': size=120000Kb used=3152Kb max_used=3375Kb free=116847Kb
 bounds [0x00000253734d0000, 0x0000025373820000, 0x000002537aa00000]
CodeHeap 'profiled nmethods': size=120000Kb used=9327Kb max_used=10642Kb free=110672Kb
 bounds [0x000002536ba00000, 0x000002536c470000, 0x0000025372f30000]
CodeHeap 'non-nmethods': size=5760Kb used=1359Kb max_used=1389Kb free=4400Kb
 bounds [0x0000025372f30000, 0x00000253731a0000, 0x00000253734d0000]
 total_blobs=5560 nmethods=4868 adapters=604
 compilation: enabled
              stopped_count=0, restarted_count=0
 full_count=0

Compilation events (20 events):
Event: 12.815 Thread 0x00000253024c83b0 5648       3       org.springframework.core.convert.support.GenericConversionService$Converters$$Lambda$78/0x0000000100115000::apply (8 bytes)
Event: 12.815 Thread 0x00000253024c83b0 nmethod 5648 0x000002536bd61d10 code [0x000002536bd61f00, 0x000002536bd62618]
Event: 12.815 Thread 0x00000253024c83b0 5649       3       org.springframework.core.convert.support.GenericConversionService$Converters::lambda$getMatchableConverters$0 (8 bytes)
Event: 12.816 Thread 0x00000253024c83b0 nmethod 5649 0x000002536be73b10 code [0x000002536be73ce0, 0x000002536be74298]
Event: 12.816 Thread 0x00000253024c83b0 5650       3       org.springframework.core.convert.support.GenericConversionService$ConvertersForPair::<init> (16 bytes)
Event: 12.817 Thread 0x00000253024c83b0 nmethod 5650 0x000002536bd61490 code [0x000002536bd61660, 0x000002536bd61b78]
Event: 12.817 Thread 0x00000253024c83b0 5651       3       java.util.concurrent.ConcurrentLinkedDeque::<init> (21 bytes)
Event: 12.817 Thread 0x00000253024c83b0 nmethod 5651 0x000002536bcf4890 code [0x000002536bcf4a40, 0x000002536bcf4dd8]
Event: 12.834 Thread 0x00000253024c83b0 5652       3       org.springframework.core.convert.support.GenericConversionService$ConverterAdapter::<init> (41 bytes)
Event: 12.835 Thread 0x00000253024c83b0 nmethod 5652 0x000002536beb5810 code [0x000002536beb5a40, 0x000002536beb6618]
Event: 12.835 Thread 0x00000253024c83b0 5653       3       org.springframework.core.convert.support.GenericConversionService$ConverterAdapter::getConvertibleTypes (8 bytes)
Event: 12.835 Thread 0x00000253024c83b0 nmethod 5653 0x000002536beb5090 code [0x000002536beb5260, 0x000002536beb55f8]
Event: 12.879 Thread 0x00000253072ad450 nmethod 5618% 0x00000253735bee90 code [0x00000253735bf3e0, 0x00000253735c3d00]
Event: 12.880 Thread 0x00000253072ad450 5634       4       org.springframework.core.annotation.MergedAnnotations::from (11 bytes)
Event: 12.888 Thread 0x00000253072ad450 nmethod 5634 0x00000253735be090 code [0x00000253735be280, 0x00000253735be870]
Event: 12.889 Thread 0x00000253072ad450 5632       4       java.util.LinkedHashMap$LinkedKeySet::iterator (12 bytes)
Event: 12.891 Thread 0x00000253072ad450 nmethod 5632 0x0000025373632590 code [0x0000025373632720, 0x00000253736328d8]
Event: 12.891 Thread 0x00000253072ad450 5639       4       java.lang.reflect.Method::getParameterTypes (11 bytes)
Event: 12.892 Thread 0x00000253072ad450 nmethod 5639 0x0000025373627b10 code [0x0000025373627ca0, 0x0000025373627df8]
Event: 12.892 Thread 0x00000253072ad450 5633       4       org.springframework.core.BridgeMethodResolver::resolveBridgeMethod (180 bytes)

GC Heap History (20 events):
Event: 7.793 GC heap before
{Heap before GC invocations=6 (full 0):
 garbage-first heap   total 40960K, used 30946K [0x0000000084e00000, 0x0000000100000000)
  region size 1024K, 17 young (17408K), 2 survivors (2048K)
 Metaspace       used 31990K, committed 32384K, reserved 1114112K
  class space    used 3723K, committed 3904K, reserved 1048576K
}
Event: 7.801 GC heap after
{Heap after GC invocations=7 (full 0):
 garbage-first heap   total 40960K, used 16802K [0x0000000084e00000, 0x0000000100000000)
  region size 1024K, 3 young (3072K), 3 survivors (3072K)
 Metaspace       used 31990K, committed 32384K, reserved 1114112K
  class space    used 3723K, committed 3904K, reserved 1048576K
}
Event: 8.285 GC heap before
{Heap before GC invocations=7 (full 0):
 garbage-first heap   total 40960K, used 31138K [0x0000000084e00000, 0x0000000100000000)
  region size 1024K, 17 young (17408K), 3 survivors (3072K)
 Metaspace       used 34730K, committed 35200K, reserved 1114112K
  class space    used 4123K, committed 4352K, reserved 1048576K
}
Event: 8.294 GC heap after
{Heap after GC invocations=8 (full 0):
 garbage-first heap   total 49152K, used 18256K [0x0000000084e00000, 0x0000000100000000)
  region size 1024K, 3 young (3072K), 3 survivors (3072K)
 Metaspace       used 34730K, committed 35200K, reserved 1114112K
  class space    used 4123K, committed 4352K, reserved 1048576K
}
Event: 8.425 GC heap before
{Heap before GC invocations=8 (full 0):
 garbage-first heap   total 49152K, used 21328K [0x0000000084e00000, 0x0000000100000000)
  region size 1024K, 7 young (7168K), 3 survivors (3072K)
 Metaspace       used 35589K, committed 35968K, reserved 1114112K
  class space    used 4252K, committed 4416K, reserved 1048576K
}
Event: 8.432 GC heap after
{Heap after GC invocations=9 (full 0):
 garbage-first heap   total 49152K, used 18740K [0x0000000084e00000, 0x0000000100000000)
  region size 1024K, 1 young (1024K), 1 survivors (1024K)
 Metaspace       used 35589K, committed 35968K, reserved 1114112K
  class space    used 4252K, committed 4416K, reserved 1048576K
}
Event: 9.227 GC heap before
{Heap before GC invocations=10 (full 0):
 garbage-first heap   total 49152K, used 37172K [0x0000000084e00000, 0x0000000100000000)
  region size 1024K, 19 young (19456K), 1 survivors (1024K)
 Metaspace       used 39726K, committed 40128K, reserved 1114112K
  class space    used 4735K, committed 4928K, reserved 1048576K
}
Event: 9.235 GC heap after
{Heap after GC invocations=11 (full 0):
 garbage-first heap   total 49152K, used 20208K [0x0000000084e00000, 0x0000000100000000)
  region size 1024K, 2 young (2048K), 2 survivors (2048K)
 Metaspace       used 39726K, committed 40128K, reserved 1114112K
  class space    used 4735K, committed 4928K, reserved 1048576K
}
Event: 9.959 GC heap before
{Heap before GC invocations=11 (full 0):
 garbage-first heap   total 49152K, used 36592K [0x0000000084e00000, 0x0000000100000000)
  region size 1024K, 19 young (19456K), 2 survivors (2048K)
 Metaspace       used 43845K, committed 44352K, reserved 1114112K
  class space    used 5399K, committed 5632K, reserved 1048576K
}
Event: 9.969 GC heap after
{Heap after GC invocations=12 (full 0):
 garbage-first heap   total 49152K, used 21166K [0x0000000084e00000, 0x0000000100000000)
  region size 1024K, 3 young (3072K), 3 survivors (3072K)
 Metaspace       used 43845K, committed 44352K, reserved 1114112K
  class space    used 5399K, committed 5632K, reserved 1048576K
}
Event: 10.518 GC heap before
{Heap before GC invocations=12 (full 0):
 garbage-first heap   total 49152K, used 36526K [0x0000000084e00000, 0x0000000100000000)
  region size 1024K, 19 young (19456K), 3 survivors (3072K)
 Metaspace       used 48236K, committed 48704K, reserved 1114112K
  class space    used 5981K, committed 6208K, reserved 1048576K
}
Event: 10.525 GC heap after
{Heap after GC invocations=13 (full 0):
 garbage-first heap   total 49152K, used 22651K [0x0000000084e00000, 0x0000000100000000)
  region size 1024K, 3 young (3072K), 3 survivors (3072K)
 Metaspace       used 48236K, committed 48704K, reserved 1114112K
  class space    used 5981K, committed 6208K, reserved 1048576K
}
Event: 11.144 GC heap before
{Heap before GC invocations=13 (full 0):
 garbage-first heap   total 49152K, used 38011K [0x0000000084e00000, 0x0000000100000000)
  region size 1024K, 19 young (19456K), 3 survivors (3072K)
 Metaspace       used 55441K, committed 55872K, reserved 1114112K
  class space    used 6897K, committed 7104K, reserved 1048576K
}
Event: 11.152 GC heap after
{Heap after GC invocations=14 (full 0):
 garbage-first heap   total 59392K, used 24191K [0x0000000084e00000, 0x0000000100000000)
  region size 1024K, 3 young (3072K), 3 survivors (3072K)
 Metaspace       used 55441K, committed 55872K, reserved 1114112K
  class space    used 6897K, committed 7104K, reserved 1048576K
}
Event: 11.717 GC heap before
{Heap before GC invocations=14 (full 0):
 garbage-first heap   total 59392K, used 43647K [0x0000000084e00000, 0x0000000100000000)
  region size 1024K, 23 young (23552K), 3 survivors (3072K)
 Metaspace       used 59874K, committed 60288K, reserved 1114112K
  class space    used 7419K, committed 7616K, reserved 1048576K
}
Event: 11.726 GC heap after
{Heap after GC invocations=15 (full 0):
 garbage-first heap   total 59392K, used 25454K [0x0000000084e00000, 0x0000000100000000)
  region size 1024K, 3 young (3072K), 3 survivors (3072K)
 Metaspace       used 59874K, committed 60288K, reserved 1114112K
  class space    used 7419K, committed 7616K, reserved 1048576K
}
Event: 12.210 GC heap before
{Heap before GC invocations=16 (full 0):
 garbage-first heap   total 59392K, used 45934K [0x0000000084e00000, 0x0000000100000000)
  region size 1024K, 23 young (23552K), 3 survivors (3072K)
 Metaspace       used 65281K, committed 65728K, reserved 1114112K
  class space    used 8363K, committed 8576K, reserved 1048576K
}
Event: 12.217 GC heap after
{Heap after GC invocations=17 (full 0):
 garbage-first heap   total 59392K, used 26149K [0x0000000084e00000, 0x0000000100000000)
  region size 1024K, 2 young (2048K), 2 survivors (2048K)
 Metaspace       used 65281K, committed 65728K, reserved 1114112K
  class space    used 8363K, committed 8576K, reserved 1048576K
}
Event: 12.750 GC heap before
{Heap before GC invocations=17 (full 0):
 garbage-first heap   total 59392K, used 47653K [0x0000000084e00000, 0x0000000100000000)
  region size 1024K, 23 young (23552K), 2 survivors (2048K)
 Metaspace       used 69917K, committed 70464K, reserved 1114112K
  class space    used 9014K, committed 9280K, reserved 1048576K
}
Event: 12.757 GC heap after
{Heap after GC invocations=18 (full 0):
 garbage-first heap   total 59392K, used 27321K [0x0000000084e00000, 0x0000000100000000)
  region size 1024K, 2 young (2048K), 2 survivors (2048K)
 Metaspace       used 69917K, committed 70464K, reserved 1114112K
  class space    used 9014K, committed 9280K, reserved 1048576K
}

Dll operation events (10 events):
Event: 0.012 Loaded shared library C:\Users\DELL\.p2\pool\plugins\org.eclipse.justj.openjdk.hotspot.jre.full.win32.x86_64_17.0.11.v20240426-1830\jre\bin\java.dll
Event: 0.218 Loaded shared library C:\Users\DELL\.p2\pool\plugins\org.eclipse.justj.openjdk.hotspot.jre.full.win32.x86_64_17.0.11.v20240426-1830\jre\bin\net.dll
Event: 0.219 Loaded shared library C:\Users\DELL\.p2\pool\plugins\org.eclipse.justj.openjdk.hotspot.jre.full.win32.x86_64_17.0.11.v20240426-1830\jre\bin\nio.dll
Event: 0.226 Loaded shared library C:\Users\DELL\.p2\pool\plugins\org.eclipse.justj.openjdk.hotspot.jre.full.win32.x86_64_17.0.11.v20240426-1830\jre\bin\zip.dll
Event: 4.746 Loaded shared library C:\Users\DELL\.p2\pool\plugins\org.eclipse.justj.openjdk.hotspot.jre.full.win32.x86_64_17.0.11.v20240426-1830\jre\bin\jimage.dll
Event: 6.257 Loaded shared library C:\Users\DELL\.p2\pool\plugins\org.eclipse.justj.openjdk.hotspot.jre.full.win32.x86_64_17.0.11.v20240426-1830\jre\bin\sunmscapi.dll
Event: 8.717 Loaded shared library C:\Users\DELL\.p2\pool\plugins\org.eclipse.justj.openjdk.hotspot.jre.full.win32.x86_64_17.0.11.v20240426-1830\jre\bin\management.dll
Event: 8.720 Loaded shared library C:\Users\DELL\.p2\pool\plugins\org.eclipse.justj.openjdk.hotspot.jre.full.win32.x86_64_17.0.11.v20240426-1830\jre\bin\management_ext.dll
Event: 9.877 Loaded shared library C:\Users\DELL\.p2\pool\plugins\org.eclipse.justj.openjdk.hotspot.jre.full.win32.x86_64_17.0.11.v20240426-1830\jre\bin\verify.dll
Event: 10.428 Loaded shared library C:\Users\DELL\.p2\pool\plugins\org.eclipse.justj.openjdk.hotspot.jre.full.win32.x86_64_17.0.11.v20240426-1830\jre\bin\extnet.dll

Deoptimization events (20 events):
Event: 12.718 Thread 0x00000253683363e0 Uncommon trap: trap_request=0xffffffbe fr.pc=0x0000025373710cc4 relative=0x00000000000037e4
Event: 12.718 Thread 0x00000253683363e0 Uncommon trap: reason=profile_predicate action=maybe_recompile pc=0x0000025373710cc4 method=org.springframework.util.ReflectionUtils.doWithMethods(Ljava/lang/Class;Lorg/springframework/util/ReflectionUtils$MethodCallback;Lorg/springframework/util/Reflecti
Event: 12.718 Thread 0x00000253683363e0 DEOPT PACKING pc=0x0000025373710cc4 sp=0x00000099d9ff9ff0
Event: 12.718 Thread 0x00000253683363e0 DEOPT UNPACKING pc=0x0000025372f869a3 sp=0x00000099d9ffa048 mode 2
Event: 12.718 Thread 0x00000253683363e0 Uncommon trap: trap_request=0xffffffbe fr.pc=0x0000025373710cc4 relative=0x00000000000037e4
Event: 12.718 Thread 0x00000253683363e0 Uncommon trap: reason=profile_predicate action=maybe_recompile pc=0x0000025373710cc4 method=org.springframework.util.ReflectionUtils.doWithMethods(Ljava/lang/Class;Lorg/springframework/util/ReflectionUtils$MethodCallback;Lorg/springframework/util/Reflecti
Event: 12.718 Thread 0x00000253683363e0 DEOPT PACKING pc=0x0000025373710cc4 sp=0x00000099d9ff9f40
Event: 12.718 Thread 0x00000253683363e0 DEOPT UNPACKING pc=0x0000025372f869a3 sp=0x00000099d9ff9f98 mode 2
Event: 12.718 Thread 0x00000253683363e0 Uncommon trap: trap_request=0xffffffbe fr.pc=0x0000025373710cc4 relative=0x00000000000037e4
Event: 12.718 Thread 0x00000253683363e0 Uncommon trap: reason=profile_predicate action=maybe_recompile pc=0x0000025373710cc4 method=org.springframework.util.ReflectionUtils.doWithMethods(Ljava/lang/Class;Lorg/springframework/util/ReflectionUtils$MethodCallback;Lorg/springframework/util/Reflecti
Event: 12.718 Thread 0x00000253683363e0 DEOPT PACKING pc=0x0000025373710cc4 sp=0x00000099d9ff9ff0
Event: 12.718 Thread 0x00000253683363e0 DEOPT UNPACKING pc=0x0000025372f869a3 sp=0x00000099d9ffa048 mode 2
Event: 12.720 Thread 0x00000253683363e0 Uncommon trap: trap_request=0xffffff45 fr.pc=0x000002537374cbd8 relative=0x00000000000001b8
Event: 12.720 Thread 0x00000253683363e0 Uncommon trap: reason=unstable_if action=reinterpret pc=0x000002537374cbd8 method=java.util.ArrayDeque.addLast(Ljava/lang/Object;)V @ 42 c2
Event: 12.720 Thread 0x00000253683363e0 DEOPT PACKING pc=0x000002537374cbd8 sp=0x00000099d9ffb5f0
Event: 12.720 Thread 0x00000253683363e0 DEOPT UNPACKING pc=0x0000025372f869a3 sp=0x00000099d9ffb548 mode 2
Event: 12.746 Thread 0x00000253683363e0 Uncommon trap: trap_request=0xffffff45 fr.pc=0x00000253736f8908 relative=0x00000000000020a8
Event: 12.746 Thread 0x00000253683363e0 Uncommon trap: reason=unstable_if action=reinterpret pc=0x00000253736f8908 method=java.lang.PublicMethods$MethodList.merge(Ljava/lang/PublicMethods$MethodList;Ljava/lang/reflect/Method;)Ljava/lang/PublicMethods$MethodList; @ 62 c2
Event: 12.746 Thread 0x00000253683363e0 DEOPT PACKING pc=0x00000253736f8908 sp=0x00000099d9ff9bc0
Event: 12.746 Thread 0x00000253683363e0 DEOPT UNPACKING pc=0x0000025372f869a3 sp=0x00000099d9ff9aa0 mode 2

Classes unloaded (0 events):
No events

Classes redefined (0 events):
No events

Internal exceptions (20 events):
Event: 12.323 Thread 0x00000253683363e0 Exception <a 'java/lang/NoSuchMethodError'{0x0000000088215d40}: 'int java.lang.invoke.DirectMethodHandle$Holder.invokeStatic(java.lang.Object, java.lang.Object, java.lang.Object, java.lang.Object, java.lang.Object, java.lang.Object)'> (0x0000000088215d40) 
thrown [s\src\hotspot\share\interpreter\linkResolver.cpp, line 759]
Event: 12.325 Thread 0x00000253683363e0 Exception <a 'java/lang/NoSuchMethodError'{0x000000008822be00}: 'int java.lang.invoke.DirectMethodHandle$Holder.invokeStatic(java.lang.Object, java.lang.Object, java.lang.Object, java.lang.Object, java.lang.Object)'> (0x000000008822be00) 
thrown [s\src\hotspot\share\interpreter\linkResolver.cpp, line 759]
Event: 12.339 Thread 0x00000253683363e0 Exception <a 'java/lang/NoSuchMethodError'{0x00000000882c0470}: 'void java.lang.invoke.DirectMethodHandle$Holder.invokeInterface(java.lang.Object, java.lang.Object, int, java.lang.Object)'> (0x00000000882c0470) 
thrown [s\src\hotspot\share\interpreter\linkResolver.cpp, line 759]
Event: 12.341 Thread 0x00000253683363e0 Exception <a 'java/lang/NoSuchMethodError'{0x00000000882e9078}: 'java.lang.Object java.lang.invoke.DirectMethodHandle$Holder.newInvokeSpecial(java.lang.Object, java.lang.Object, int, java.lang.Object)'> (0x00000000882e9078) 
thrown [s\src\hotspot\share\interpreter\linkResolver.cpp, line 759]
Event: 12.341 Thread 0x00000253683363e0 Exception <a 'java/lang/NoSuchMethodError'{0x00000000882ed438}: 'java.lang.Object java.lang.invoke.Invokers$Holder.linkToTargetMethod(java.lang.Object, int, java.lang.Object, java.lang.Object)'> (0x00000000882ed438) 
thrown [s\src\hotspot\share\interpreter\linkResolver.cpp, line 759]
Event: 12.357 Thread 0x00000253683363e0 Exception <a 'java/lang/NoSuchMethodError'{0x00000000881fd620}: 'void java.lang.invoke.DirectMethodHandle$Holder.invokeSpecial(java.lang.Object, java.lang.Object, int, java.lang.Object)'> (0x00000000881fd620) 
thrown [s\src\hotspot\share\interpreter\linkResolver.cpp, line 759]
Event: 12.357 Thread 0x00000253683363e0 Exception <a 'java/lang/NoSuchMethodError'{0x00000000880051c8}: 'java.lang.Object java.lang.invoke.DirectMethodHandle$Holder.newInvokeSpecial(java.lang.Object, java.lang.Object, int)'> (0x00000000880051c8) 
thrown [s\src\hotspot\share\interpreter\linkResolver.cpp, line 759]
Event: 12.376 Thread 0x00000253683363e0 Exception <a 'java/lang/NoSuchMethodError'{0x0000000087f65760}: 'int java.lang.invoke.DirectMethodHandle$Holder.invokeStatic(java.lang.Object, int, java.lang.Object)'> (0x0000000087f65760) 
thrown [s\src\hotspot\share\interpreter\linkResolver.cpp, line 759]
Event: 12.377 Thread 0x00000253683363e0 Exception <a 'java/lang/NoSuchMethodError'{0x0000000087f82928}: 'java.lang.Object java.lang.invoke.DirectMethodHandle$Holder.newInvokeSpecial(java.lang.Object, java.lang.Object, java.lang.Object, java.lang.Object, java.lang.Object, int, java.lang.Object)'> (0x0000000087f82928) 
thrown [s\src\hotspot\share\interpreter\linkResolver.cpp, line 759]
Event: 12.379 Thread 0x00000253683363e0 Exception <a 'java/lang/NoSuchMethodError'{0x0000000087fbacf0}: 'java.lang.Object java.lang.invoke.DirectMethodHandle$Holder.newInvokeSpecial(java.lang.Object, java.lang.Object, java.lang.Object, java.lang.Object, java.lang.Object, java.lang.Object, java.lang.Object, java.lang.Object, java.lang.Object, java.lang.Object, java.lang.Object, java.lang.Object)'> (0x0000000087fbacf0) 
thrown [s\src\hotspot\share\interpreter\linkResolver.cpp, line 759]
Event: 12.380 Thread 0x00000253683363e0 Exception <a 'java/lang/NoSuchMethodError'{0x0000000087fbff80}: 'java.lang.Object java.lang.invoke.DirectMethodHandle$Holder.invokeSpecial(java.lang.Object, java.lang.Object, java.lang.Object, java.lang.Object, java.lang.Object, java.lang.Object, java.lang.Object, java.lang.Object, java.lang.Object, java.lang.Object, java.lang.Object, java.lang.Object, java.lang.Object)'> (0x0000000087fbff80) 
thrown [s\src\hotspot\share\interpreter\linkResolver.cpp, line 759]
Event: 12.380 Thread 0x00000253683363e0 Exception <a 'java/lang/NoSuchMethodError'{0x0000000087fc4e90}: 'java.lang.Object java.lang.invoke.Invokers$Holder.linkToTargetMethod(java.lang.Object, java.lang.Object, java.lang.Object, java.lang.Object, java.lang.Object, java.lang.Object, java.lang.Object, java.lang.Object, java.lang.Object, java.lang.Object, java.lang.Object, java.lang.Object)'> (0x0000000087fc4e90) 
thrown [s\src\hotspot\share\interpreter\linkResolver.cpp, line 759]
Event: 12.404 Thread 0x00000253683363e0 Exception <a 'java/lang/IncompatibleClassChangeError'{0x0000000087d4c470}: Found class java.lang.Object, but interface was expected> (0x0000000087d4c470) 
thrown [s\src\hotspot\share\interpreter\linkResolver.cpp, line 826]
Event: 12.414 Thread 0x00000253683363e0 Exception <a 'java/lang/NoSuchMethodError'{0x0000000087df09a0}: 'java.lang.Object java.lang.invoke.DirectMethodHandle$Holder.newInvokeSpecial(java.lang.Object, java.lang.Object, int, java.lang.Object, int, java.lang.Object, java.lang.Object)'> (0x0000000087df09a0) 
thrown [s\src\hotspot\share\interpreter\linkResolver.cpp, line 759]
Event: 12.421 Thread 0x00000253683363e0 Exception <a 'java/lang/NoSuchMethodError'{0x0000000087c84628}: 'java.lang.Object java.lang.invoke.DirectMethodHandle$Holder.newInvokeSpecial(java.lang.Object, java.lang.Object, java.lang.Object, java.lang.Object, java.lang.Object, java.lang.Object, java.lang.Object, int)'> (0x0000000087c84628) 
thrown [s\src\hotspot\share\interpreter\linkResolver.cpp, line 759]
Event: 12.421 Thread 0x00000253683363e0 Exception <a 'java/lang/NoSuchMethodError'{0x0000000087c89e18}: 'java.lang.Object java.lang.invoke.DirectMethodHandle$Holder.invokeSpecial(java.lang.Object, java.lang.Object, java.lang.Object, java.lang.Object, java.lang.Object, java.lang.Object, java.lang.Object, java.lang.Object, int)'> (0x0000000087c89e18) 
thrown [s\src\hotspot\share\interpreter\linkResolver.cpp, line 759]
Event: 12.421 Thread 0x00000253683363e0 Exception <a 'java/lang/NoSuchMethodError'{0x0000000087c8f0d8}: 'java.lang.Object java.lang.invoke.Invokers$Holder.linkToTargetMethod(java.lang.Object, java.lang.Object, java.lang.Object, java.lang.Object, java.lang.Object, java.lang.Object, int, java.lang.Object)'> (0x0000000087c8f0d8) 
thrown [s\src\hotspot\share\interpreter\linkResolver.cpp, line 759]
Event: 12.666 Thread 0x00000253683363e0 Exception <a 'java/lang/NoSuchMethodError'{0x00000000876af708}: 'java.lang.Object java.lang.invoke.DirectMethodHandle$Holder.invokeSpecial(java.lang.Object, java.lang.Object, int, java.lang.Object, int)'> (0x00000000876af708) 
thrown [s\src\hotspot\share\interpreter\linkResolver.cpp, line 759]
Event: 12.769 Thread 0x00000253683363e0 Exception <a 'java/lang/IncompatibleClassChangeError'{0x000000008ac19ca8}: Found class java.lang.Object, but interface was expected> (0x000000008ac19ca8) 
thrown [s\src\hotspot\share\interpreter\linkResolver.cpp, line 826]
Event: 12.828 Thread 0x00000253683363e0 Exception <a 'java/lang/IncompatibleClassChangeError'{0x000000008abbdbe8}: Found class java.lang.Object, but interface was expected> (0x000000008abbdbe8) 
thrown [s\src\hotspot\share\interpreter\linkResolver.cpp, line 826]

VM Operations (20 events):
Event: 11.883 Executing VM operation: HandshakeAllThreads
Event: 11.883 Executing VM operation: HandshakeAllThreads done
Event: 11.914 Executing VM operation: HandshakeAllThreads
Event: 11.915 Executing VM operation: HandshakeAllThreads done
Event: 11.952 Executing VM operation: HandshakeAllThreads
Event: 11.970 Executing VM operation: HandshakeAllThreads done
Event: 11.983 Executing VM operation: HandshakeAllThreads
Event: 11.983 Executing VM operation: HandshakeAllThreads done
Event: 12.012 Executing VM operation: HandshakeAllThreads
Event: 12.012 Executing VM operation: HandshakeAllThreads done
Event: 12.206 Executing VM operation: ICBufferFull
Event: 12.206 Executing VM operation: ICBufferFull done
Event: 12.210 Executing VM operation: G1CollectForAllocation
Event: 12.217 Executing VM operation: G1CollectForAllocation done
Event: 12.618 Executing VM operation: HandshakeAllThreads
Event: 12.618 Executing VM operation: HandshakeAllThreads done
Event: 12.750 Executing VM operation: G1CollectForAllocation
Event: 12.757 Executing VM operation: G1CollectForAllocation done
Event: 13.758 Executing VM operation: Cleanup
Event: 13.759 Executing VM operation: Cleanup done

Events (20 events):
Event: 11.976 Thread 0x00000253024c8cc0 flushing nmethod 0x000002536c331b10
Event: 11.976 Thread 0x00000253024c8cc0 flushing nmethod 0x000002536c332390
Event: 11.976 Thread 0x00000253024c8cc0 flushing nmethod 0x000002536c332910
Event: 11.976 Thread 0x00000253024c8cc0 flushing nmethod 0x000002536c332d10
Event: 11.976 Thread 0x00000253024c8cc0 flushing nmethod 0x000002536c333390
Event: 11.976 Thread 0x00000253024c8cc0 flushing nmethod 0x000002536c335c90
Event: 11.976 Thread 0x00000253024c8cc0 flushing nmethod 0x000002536c33aa90
Event: 11.976 Thread 0x00000253024c8cc0 flushing nmethod 0x000002536c33c110
Event: 11.976 Thread 0x00000253024c8cc0 flushing nmethod 0x000002536c346410
Event: 11.976 Thread 0x00000253024c8cc0 flushing nmethod 0x000002536c346d90
Event: 11.976 Thread 0x00000253024c8cc0 flushing nmethod 0x000002536c35c810
Event: 11.976 Thread 0x00000253024c8cc0 flushing nmethod 0x000002536c386a10
Event: 12.071 loading class java/lang/reflect/AnnotatedArrayType
Event: 12.071 loading class java/lang/reflect/AnnotatedArrayType done
Event: 12.250 loading class java/lang/reflect/AnnotatedParameterizedType
Event: 12.250 loading class java/lang/reflect/AnnotatedParameterizedType done
Event: 12.309 loading class jdk/internal/reflect/UnsafeObjectFieldAccessorImpl
Event: 12.309 loading class jdk/internal/reflect/UnsafeObjectFieldAccessorImpl done
Event: 12.714 loading class javax/naming/Reference
Event: 12.714 loading class javax/naming/Reference done


Dynamic libraries:
0x00007ff72ff30000 - 0x00007ff72ff3e000 	C:\Users\DELL\.p2\pool\plugins\org.eclipse.justj.openjdk.hotspot.jre.full.win32.x86_64_17.0.11.v20240426-1830\jre\bin\javaw.exe
0x00007fff101c0000 - 0x00007fff10428000 	C:\WINDOWS\SYSTEM32\ntdll.dll
0x00007fff0e640000 - 0x00007fff0e709000 	C:\WINDOWS\System32\KERNEL32.DLL
0x00007fff0d910000 - 0x00007fff0dcfd000 	C:\WINDOWS\System32\KERNELBASE.dll
0x00007fff0d5c0000 - 0x00007fff0d70b000 	C:\WINDOWS\System32\ucrtbase.dll
0x00007ffefba00000 - 0x00007ffefba17000 	C:\Users\DELL\.p2\pool\plugins\org.eclipse.justj.openjdk.hotspot.jre.full.win32.x86_64_17.0.11.v20240426-1830\jre\bin\jli.dll
0x00007ffefa300000 - 0x00007ffefa31b000 	C:\Users\DELL\.p2\pool\plugins\org.eclipse.justj.openjdk.hotspot.jre.full.win32.x86_64_17.0.11.v20240426-1830\jre\bin\VCRUNTIME140.dll
0x00007fff0f260000 - 0x00007fff0f42c000 	C:\WINDOWS\System32\USER32.dll
0x00007fff0df30000 - 0x00007fff0df57000 	C:\WINDOWS\System32\win32u.dll
0x00007ffef4700000 - 0x00007ffef499a000 	C:\WINDOWS\WinSxS\amd64_microsoft.windows.common-controls_6595b64144ccf1df_6.0.26100.4484_none_3e0e6d4ce32ef3b3\COMCTL32.dll
0x00007fff10150000 - 0x00007fff1017b000 	C:\WINDOWS\System32\GDI32.dll
0x00007fff0d7d0000 - 0x00007fff0d907000 	C:\WINDOWS\System32\gdi32full.dll
0x00007fff0f6e0000 - 0x00007fff0f789000 	C:\WINDOWS\System32\msvcrt.dll
0x00007fff0dd00000 - 0x00007fff0dda3000 	C:\WINDOWS\System32\msvcp_win.dll
0x00007fff0e590000 - 0x00007fff0e5bf000 	C:\WINDOWS\System32\IMM32.DLL
0x00007ffefddd0000 - 0x00007ffefdddc000 	C:\Users\DELL\.p2\pool\plugins\org.eclipse.justj.openjdk.hotspot.jre.full.win32.x86_64_17.0.11.v20240426-1830\jre\bin\vcruntime140_1.dll
0x00007ffef6850000 - 0x00007ffef68dd000 	C:\Users\DELL\.p2\pool\plugins\org.eclipse.justj.openjdk.hotspot.jre.full.win32.x86_64_17.0.11.v20240426-1830\jre\bin\msvcp140.dll
0x00007ffed3cc0000 - 0x00007ffed4922000 	C:\Users\DELL\.p2\pool\plugins\org.eclipse.justj.openjdk.hotspot.jre.full.win32.x86_64_17.0.11.v20240426-1830\jre\bin\server\jvm.dll
0x00007fff10070000 - 0x00007fff10124000 	C:\WINDOWS\System32\ADVAPI32.dll
0x00007fff0f790000 - 0x00007fff0f836000 	C:\WINDOWS\System32\sechost.dll
0x00007fff0f040000 - 0x00007fff0f158000 	C:\WINDOWS\System32\RPCRT4.dll
0x00007fff0d160000 - 0x00007fff0d1be000 	C:\WINDOWS\SYSTEM32\POWRPROF.dll
0x00007fff0a4d0000 - 0x00007fff0a505000 	C:\WINDOWS\SYSTEM32\WINMM.dll
0x00007ffefcea0000 - 0x00007ffefceaa000 	C:\WINDOWS\SYSTEM32\WSOCK32.dll
0x00007ffefaa20000 - 0x00007ffefaa2b000 	C:\WINDOWS\SYSTEM32\VERSION.dll
0x00007fff0f1e0000 - 0x00007fff0f254000 	C:\WINDOWS\System32\WS2_32.dll
0x00007fff0d140000 - 0x00007fff0d154000 	C:\WINDOWS\SYSTEM32\UMPDC.dll
0x00007fff0c0b0000 - 0x00007fff0c0cb000 	C:\WINDOWS\SYSTEM32\kernel.appcore.dll
0x00007ffefb9f0000 - 0x00007ffefb9fa000 	C:\Users\DELL\.p2\pool\plugins\org.eclipse.justj.openjdk.hotspot.jre.full.win32.x86_64_17.0.11.v20240426-1830\jre\bin\jimage.dll
0x00007fff0a9d0000 - 0x00007fff0ac11000 	C:\WINDOWS\SYSTEM32\DBGHELP.DLL
0x00007fff0fb50000 - 0x00007fff0fed6000 	C:\WINDOWS\System32\combase.dll
0x00007fff0e490000 - 0x00007fff0e570000 	C:\WINDOWS\System32\OLEAUT32.dll
0x00007ffef0290000 - 0x00007ffef02d3000 	C:\WINDOWS\SYSTEM32\dbgcore.DLL
0x00007fff0d3a0000 - 0x00007fff0d439000 	C:\WINDOWS\System32\bcryptPrimitives.dll
0x00007ffef9f60000 - 0x00007ffef9f85000 	C:\Users\DELL\.p2\pool\plugins\org.eclipse.justj.openjdk.hotspot.jre.full.win32.x86_64_17.0.11.v20240426-1830\jre\bin\java.dll
0x00007ffefa2e0000 - 0x00007ffefa2f8000 	C:\Users\DELL\.p2\pool\plugins\org.eclipse.justj.openjdk.hotspot.jre.full.win32.x86_64_17.0.11.v20240426-1830\jre\bin\zip.dll
0x00007fff0e8f0000 - 0x00007fff0f03a000 	C:\WINDOWS\System32\SHELL32.dll
0x00007fff0ddb0000 - 0x00007fff0df24000 	C:\WINDOWS\System32\wintypes.dll
0x00007fff0af70000 - 0x00007fff0b7cb000 	C:\WINDOWS\SYSTEM32\windows.storage.dll
0x00007fff0fa50000 - 0x00007fff0fb45000 	C:\WINDOWS\System32\SHCORE.dll
0x00007fff0e5d0000 - 0x00007fff0e63a000 	C:\WINDOWS\System32\shlwapi.dll
0x00007fff0d220000 - 0x00007fff0d24f000 	C:\WINDOWS\SYSTEM32\profapi.dll
0x00007ffef9e10000 - 0x00007ffef9e29000 	C:\Users\DELL\.p2\pool\plugins\org.eclipse.justj.openjdk.hotspot.jre.full.win32.x86_64_17.0.11.v20240426-1830\jre\bin\net.dll
0x00007fff02fc0000 - 0x00007fff030de000 	C:\WINDOWS\SYSTEM32\WINHTTP.dll
0x00007fff0c640000 - 0x00007fff0c6aa000 	C:\WINDOWS\system32\mswsock.dll
0x00007ffef9df0000 - 0x00007ffef9e06000 	C:\Users\DELL\.p2\pool\plugins\org.eclipse.justj.openjdk.hotspot.jre.full.win32.x86_64_17.0.11.v20240426-1830\jre\bin\nio.dll
0x00007ffef9de0000 - 0x00007ffef9dee000 	C:\Users\DELL\.p2\pool\plugins\org.eclipse.justj.openjdk.hotspot.jre.full.win32.x86_64_17.0.11.v20240426-1830\jre\bin\sunmscapi.dll
0x00007fff0d440000 - 0x00007fff0d5b7000 	C:\WINDOWS\System32\CRYPT32.dll
0x00007fff0cb10000 - 0x00007fff0cb40000 	C:\WINDOWS\SYSTEM32\ncrypt.dll
0x00007fff0cac0000 - 0x00007fff0caff000 	C:\WINDOWS\SYSTEM32\NTASN1.dll
0x00007fff0c900000 - 0x00007fff0c91b000 	C:\WINDOWS\SYSTEM32\CRYPTSP.dll
0x00007fff0c010000 - 0x00007fff0c04b000 	C:\WINDOWS\system32\rsaenh.dll
0x00007fff0c6e0000 - 0x00007fff0c70b000 	C:\WINDOWS\SYSTEM32\USERENV.dll
0x00007fff0d1f0000 - 0x00007fff0d216000 	C:\WINDOWS\SYSTEM32\bcrypt.dll
0x00007fff0c8f0000 - 0x00007fff0c8fc000 	C:\WINDOWS\SYSTEM32\CRYPTBASE.dll
0x00007fff0bae0000 - 0x00007fff0bb13000 	C:\WINDOWS\SYSTEM32\IPHLPAPI.DLL
0x00007fff10130000 - 0x00007fff1013a000 	C:\WINDOWS\System32\NSI.dll
0x00007fff04390000 - 0x00007fff043af000 	C:\WINDOWS\SYSTEM32\dhcpcsvc6.DLL
0x00007fff04360000 - 0x00007fff04385000 	C:\WINDOWS\SYSTEM32\dhcpcsvc.DLL
0x00007fff0bb70000 - 0x00007fff0bc96000 	C:\WINDOWS\SYSTEM32\DNSAPI.dll
0x00007ffef94f0000 - 0x00007ffef94f9000 	C:\Users\DELL\.p2\pool\plugins\org.eclipse.justj.openjdk.hotspot.jre.full.win32.x86_64_17.0.11.v20240426-1830\jre\bin\management.dll
0x00007ffef94e0000 - 0x00007ffef94eb000 	C:\Users\DELL\.p2\pool\plugins\org.eclipse.justj.openjdk.hotspot.jre.full.win32.x86_64_17.0.11.v20240426-1830\jre\bin\management_ext.dll
0x00007fff0e8e0000 - 0x00007fff0e8e8000 	C:\WINDOWS\System32\PSAPI.DLL
0x00007ffef83d0000 - 0x00007ffef83e0000 	C:\Users\DELL\.p2\pool\plugins\org.eclipse.justj.openjdk.hotspot.jre.full.win32.x86_64_17.0.11.v20240426-1830\jre\bin\verify.dll
0x00007fff02df0000 - 0x00007fff02dfb000 	C:\Windows\System32\rasadhlp.dll
0x00007fff04930000 - 0x00007fff049b6000 	C:\WINDOWS\System32\fwpuclnt.dll
0x00007ffef83c0000 - 0x00007ffef83c9000 	C:\Users\DELL\.p2\pool\plugins\org.eclipse.justj.openjdk.hotspot.jre.full.win32.x86_64_17.0.11.v20240426-1830\jre\bin\extnet.dll

dbghelp: loaded successfully - version: 4.0.5 - missing functions: none
symbol engine: initialized successfully - sym options: 0x614 - pdb path: .;C:\Users\DELL\.p2\pool\plugins\org.eclipse.justj.openjdk.hotspot.jre.full.win32.x86_64_17.0.11.v20240426-1830\jre\bin;C:\WINDOWS\SYSTEM32;C:\WINDOWS\WinSxS\amd64_microsoft.windows.common-controls_6595b64144ccf1df_6.0.26100.4484_none_3e0e6d4ce32ef3b3;C:\Users\DELL\.p2\pool\plugins\org.eclipse.justj.openjdk.hotspot.jre.full.win32.x86_64_17.0.11.v20240426-1830\jre\bin\server

VM Arguments:
jvm_args: -Dfile.encoding=UTF-8 -Dstdout.encoding=UTF-8 -Dstderr.encoding=UTF-8 -XX:+ShowCodeDetailsInExceptionMessages 
java_command: com.example.b_food_ordering.BFoodOrderingApplication
java_class_path (initial): E:\Nhom18-JavaNC\b-food-ordering\b-food-ordering\target\classes;C:\Users\DELL\.m2\repository\org\springframework\boot\spring-boot-starter-data-jpa\3.5.0\spring-boot-starter-data-jpa-3.5.0.jar;C:\Users\DELL\.m2\repository\org\springframework\boot\spring-boot-starter\3.5.0\spring-boot-starter-3.5.0.jar;C:\Users\DELL\.m2\repository\org\springframework\boot\spring-boot\3.5.0\spring-boot-3.5.0.jar;C:\Users\DELL\.m2\repository\org\springframework\boot\spring-boot-autoconfigure\3.5.0\spring-boot-autoconfigure-3.5.0.jar;C:\Users\DELL\.m2\repository\org\springframework\boot\spring-boot-starter-logging\3.5.0\spring-boot-starter-logging-3.5.0.jar;C:\Users\DELL\.m2\repository\ch\qos\logback\logback-classic\1.5.18\logback-classic-1.5.18.jar;C:\Users\DELL\.m2\repository\ch\qos\logback\logback-core\1.5.18\logback-core-1.5.18.jar;C:\Users\DELL\.m2\repository\org\apache\logging\log4j\log4j-to-slf4j\2.24.3\log4j-to-slf4j-2.24.3.jar;C:\Users\DELL\.m2\repository\org\apache\logging\log4j\log4j-api\2.24.3\log4j-api-2.24.3.jar;C:\Users\DELL\.m2\repository\org\slf4j\jul-to-slf4j\2.0.17\jul-to-slf4j-2.0.17.jar;C:\Users\DELL\.m2\repository\jakarta\annotation\jakarta.annotation-api\2.1.1\jakarta.annotation-api-2.1.1.jar;C:\Users\DELL\.m2\repository\org\yaml\snakeyaml\2.4\snakeyaml-2.4.jar;C:\Users\DELL\.m2\repository\org\springframework\boot\spring-boot-starter-jdbc\3.5.0\spring-boot-starter-jdbc-3.5.0.jar;C:\Users\DELL\.m2\repository\com\zaxxer\HikariCP\6.3.0\HikariCP-6.3.0.jar;C:\Users\DELL\.m2\repository\org\springframework\spring-jdbc\6.2.7\spring-jdbc-6.2.7.jar;C:\Users\DELL\.m2\repository\org\hibernate\orm\hibernate-core\6.6.15.Final\hibernate-core-6.6.15.Final.jar;C:\Users\DELL\.m2\repository\jakarta\persistence\jakarta.persistence-api\3.1.0\jakarta.persistence-api-3.1.0.jar;C:\Users\DELL\.m2\repository\jakarta\transaction\jakarta.transaction-api\2.0.1\jakarta.transaction-api-2.0.1.jar;C:\Users\DELL\.m2\repository\org\jboss\logging\jboss-logging\3.6.1.Final
Launcher Type: SUN_STANDARD

[Global flags]
     intx CICompilerCount                          = 4                                         {product} {ergonomic}
     uint ConcGCThreads                            = 3                                         {product} {ergonomic}
     uint G1ConcRefinementThreads                  = 10                                        {product} {ergonomic}
   size_t G1HeapRegionSize                         = 1048576                                   {product} {ergonomic}
    uintx GCDrainStackTargetSize                   = 64                                        {product} {ergonomic}
   size_t InitialHeapSize                          = 130023424                                 {product} {ergonomic}
   size_t MarkStackSize                            = 4194304                                   {product} {ergonomic}
   size_t MaxHeapSize                              = 2065694720                                {product} {ergonomic}
   size_t MaxNewSize                               = 1239416832                                {product} {ergonomic}
   size_t MinHeapDeltaBytes                        = 1048576                                   {product} {ergonomic}
   size_t MinHeapSize                              = 8388608                                   {product} {ergonomic}
    uintx NonNMethodCodeHeapSize                   = 5839372                                {pd product} {ergonomic}
    uintx NonProfiledCodeHeapSize                  = 122909434                              {pd product} {ergonomic}
    uintx ProfiledCodeHeapSize                     = 122909434                              {pd product} {ergonomic}
    uintx ReservedCodeCacheSize                    = 251658240                              {pd product} {ergonomic}
     bool SegmentedCodeCache                       = true                                      {product} {ergonomic}
     bool ShowCodeDetailsInExceptionMessages       = true                                   {manageable} {command line}
   size_t SoftMaxHeapSize                          = 2065694720                             {manageable} {ergonomic}
     bool UseCompressedClassPointers               = true                           {product lp64_product} {ergonomic}
     bool UseCompressedOops                        = true                           {product lp64_product} {ergonomic}
     bool UseG1GC                                  = true                                      {product} {ergonomic}
     bool UseLargePagesIndividualAllocation        = false                                  {pd product} {ergonomic}

Logging:
Log output configuration:
 #0: stdout all=warning uptime,level,tags
 #1: stderr all=off uptime,level,tags

Environment Variables:
JAVA_HOME=C:\Program Files\Eclipse Adoptium\jdk-17.0.12.7-hotspot\
PATH=C:/Users/DELL/.p2/pool/plugins/org.eclipse.justj.openjdk.hotspot.jre.full.win32.x86_64_21.0.6.v20250130-0529/jre/bin/server;C:/Users/DELL/.p2/pool/plugins/org.eclipse.justj.openjdk.hotspot.jre.full.win32.x86_64_21.0.6.v20250130-0529/jre/bin;C:\Program Files (x86)\VMware\VMware Workstation\bin\;C:\Program Files\Eclipse Adoptium\jdk-17.0.12.7-hotspot\bin;C:\WINDOWS\system32;C:\WINDOWS;C:\WINDOWS\System32\Wbem;C:\WINDOWS\System32\WindowsPowerShell\v1.0\;C:\WINDOWS\System32\OpenSSH\;C:\Program Files\dotnet\;C:\Program Files (x86)\Microsoft SQL Server\160\Tools\Binn\;C:\Program Files\Microsoft SQL Server\160\Tools\Binn\;C:\Program Files\Microsoft SQL Server\Client SDK\ODBC\170\Tools\Binn\;C:\Program Files\Microsoft SQL Server\160\DTS\Binn\;C:\Program Files\Git\cmd;C:\Program Files\nodejs\;C:\Users\DELL\AppData\Local\Microsoft\WindowsApps;;C:\Program Files\Azure Data Studio\bin;E:\Programs\Microsoft VS Code\bin;C:\Users\DELL\AppData\Local\Microsoft\WinGet\Packages\Schniz.fnm_Microsoft.Winget.Source_8wekyb3d8bbwe;C:\Users\DELL\AppData\Roaming\npm;C:\WINDOWS\System32;
USERNAME=DELL
OS=Windows_NT
PROCESSOR_IDENTIFIER=Intel64 Family 6 Model 154 Stepping 4, GenuineIntel
TMP=C:\Users\DELL\AppData\Local\Temp
TEMP=C:\Users\DELL\AppData\Local\Temp



Periodic native trim disabled


---------------  S Y S T E M  ---------------

OS:
 Windows 11 , 64 bit Build 26100 (10.0.26100.4484)
OS uptime: 3 days 5:18 hours

CPU: total 12 (initial active 12) (12 cores per cpu, 1 threads per core) family 6 model 154 stepping 4 microcode 0x435, cx8, cmov, fxsr, mmx, 3dnowpref, sse, sse2, sse3, ssse3, sse4.1, sse4.2, popcnt, lzcnt, tsc, tscinvbit, avx, avx2, aes, erms, clmul, bmi1, bmi2, adx, sha, fma, vzeroupper, clflush, clflushopt, clwb
Processor Information for all 12 processors :
  Max Mhz: 1300, Current Mhz: 1300, Mhz Limit: 1300

Memory: 4k page, system-wide physical 7876M (392M free)
TotalPageFile size 16068M (AvailPageFile size 9M)
current process WorkingSet (physical memory assigned to process): 245M, peak: 247M
current process commit charge ("private bytes"): 279M, peak: 281M

vm_info: OpenJDK 64-Bit Server VM (17.0.11+9) for windows-amd64 JRE (17.0.11+9), built on Apr 17 2024 06:07:48 by "admin" with MS VC++ 16.10 / 16.11 (VS2019)

END.
